<?xml version="1.0" encoding="UTF-8"?>
<!-- Generated by org.testng.reporters.JUnitReportReporter -->
<testsuite skipped="0" hostname="DESKTOP-0KBR3DP" name="tests.home.MyTestHomePage" tests="1" failures="0" timestamp="2021-07-26T15:09:59 IST" time="43.036" errors="0">
  <testcase name="testRegisterUserByUniqueEmailId" time="43.036" classname="tests.home.MyTestHomePage"/>
  <system-out>
    <![CDATA[STEP - Navigate to Magento Website Home Page.
STEP - Launch Browser Successfully...
STEP - Navigate to Casa39 English Website Home Page.
STEP - Accepting Cookies...
STEP - Go to Customer Register Page
Click - SIGN IN
Click - New account
STEP - Set required fields
Set - First
Set - Last
Set - email_0726150916301@test.com
Set - password@123
STEP - Create account
Click - Create an Account
STEP - Log In new username and Password
Click - SIGN IN
Click - Login
STEP - Go to My Account Section
Click - MY ACCOUNT
Verified - My Account Page is Displayed
STEP - Validate Account Information
Verified - User Name as is Correct
Verified - User Email Id as 'email_0726150916301@test.com' is Correct
STEP - Clicking CASA39 Logo to Return On Home Page...
Click - 
Click - SIGN OUT
STEP - Closing Browser Successfully...]]>
  </system-out>
</testsuite> <!-- tests.home.MyTestHomePage -->
