<?xml version="1.0" encoding="UTF-8"?>
<!-- Generated by org.testng.reporters.JUnitReportReporter -->
<testsuite skipped="0" hostname="DESKTOP-0KBR3DP" name="tests.shopping.TestProductShopping" tests="1" failures="0" timestamp="2021-07-23T16:32:40 IST" time="28.610" errors="0">
  <testcase name="testAskForDiscount" time="28.610" classname="tests.shopping.TestProductShopping"/>
  <system-out>
    <![CDATA[STEP - Launch Browser Successfully...
STEP - Navigate to Casa39 English Website Home Page.
STEP - Accepting Cookies...
STEP - Search for a Available Product as Lineabeta Atlantica shower platform 50x50 cm 7224.08
Selecting product from suggested item list...
Click - LineabetaAtlanticashowerplatform50x50cm7224.08
Verified - Lineabeta Atlantica shower platform 50x50 cm 7224.08 as Searched Product is Correctly Displayed
STEP - Ask For Discount
Click - ASKFORDISCOUNT
Verified - You're one step away from the additional discount!
STEP - Fill and Submit form for discount
Set - ELSNER TESTING
Set - email_0723163235342@test.com
Set - 10
Set - 123456
Select Sorting Option As - India
Set - Testing Form_0723163235947
Click - SUBMIT
Verified - Thank you very much for your request. We will respond to it as soon as possible.
STEP - Closing Browser Successfully...]]>
  </system-out>
</testsuite> <!-- tests.shopping.TestProductShopping -->
