<?xml version="1.0" encoding="UTF-8"?>
<!-- Generated by org.testng.reporters.JUnitReportReporter -->
<testsuite skipped="0" hostname="DESKTOP-0KBR3DP" name="tests.demo.TestDemo" tests="1" failures="0" timestamp="2021-07-20T16:44:51 IST" time="13.013" errors="0">
  <testcase name="testAutomationSetUpForCasa39English" time="13.013" classname="tests.demo.TestDemo"/>
  <system-out>
    <![CDATA[STEP - Check connection to Casa39 English Website...
STEP - Launch Browser Successfully...
STEP - Navigate to Casa39 English Website Home Page.
STEP - Accepting Cookies...
Verified - Connection Established Successfully...
STEP - Closing Browser Successfully...]]>
  </system-out>
</testsuite> <!-- tests.demo.TestDemo -->
