<?xml version="1.0" encoding="UTF-8"?>
<!-- Generated by org.testng.reporters.JUnitReportReporter -->
<testsuite skipped="0" hostname="DESKTOP-0KBR3DP" name="tests.shopping.TestProductShopping" tests="5" failures="0" timestamp="2021-07-26T17:16:45 IST" time="246.568" errors="0">
  <testcase name="testAddProductReviewByUser" time="40.703" classname="tests.shopping.TestProductShopping"/>
  <system-out>
    <![CDATA[STEP - Launch Browser Successfully...
STEP - Navigate to Casa39 English Website Home Page.
STEP - Accepting Cookies...
STEP - Search for a Available Product as House Design mirror Traccia
Selecting product from suggested item list...
Click - House Design mirror Traccia
Verified - House Design mirror Traccia as Searched Product is Correctly Displayed
STEP - Write Your Own Review
Click - Write Your Own Review
STEP - Submit a Review
Verified - You are Reviewing House Design mirror Traccia
Click - Send review
Verified - Review Submitted for Review Successfully
STEP - Clicking CASA39 Logo to Return On Home Page...
Click - 
STEP - Closing Browser Successfully...]]>
  </system-out>
  <testcase name="testAddProductToCart" time="31.735" classname="tests.shopping.TestProductShopping"/>
  <system-out>
    <![CDATA[STEP - Launch Browser Successfully...
STEP - Navigate to Casa39 English Website Home Page.
STEP - Accepting Cookies...
STEP - Search for a Available Product as Lineabeta Basket waste bin 5346.29
Selecting product from suggested item list...
Click - Lineabeta Basket waste bin 5346.29
Verified - Lineabeta Basket waste bin 5346.29 as Searched Product is Correctly Displayed
STEP - Select Quantity and add to cart
Set - 3
Click - Add to Cart
Verified - Lineabeta Basket waste bin 5346.29
Verified - has been added to your cart
Click - Continue
STEP - Closing Browser Successfully...]]>
  </system-out>
  <testcase name="testAskForDiscount" time="31.193" classname="tests.shopping.TestProductShopping"/>
  <system-out>
    <![CDATA[STEP - Launch Browser Successfully...
STEP - Navigate to Casa39 English Website Home Page.
STEP - Accepting Cookies...
STEP - Search for a Available Product as Lineabeta Atlantica shower platform 50x50 cm 7224.08
Selecting product from suggested item list...
Click - Lineabeta Atlantica shower platform 50x50 cm 7224.08
Verified - Lineabeta Atlantica shower platform 50x50 cm 7224.08 as Searched Product is Correctly Displayed
STEP - Ask For Discount
Click - ASK FOR DISCOUNT
Verified - You're one step away from the additional discount!
STEP - Fill and Submit form for discount
Set - ELSNER TESTING
Set - email_0726165441639@test.com
Set - 10
Set - 123456
Select Option As - India
Set - Testing Form_0726165442300
Click - SUBMIT
Verified - Thank you very much for your request. We will respond to it as soon as possible.
STEP - Closing Browser Successfully...]]>
  </system-out>
  <testcase name="testProductAddToQuote" time="95.448" classname="tests.shopping.TestProductShopping"/>
  <system-out>
    <![CDATA[STEP - Launch Browser Successfully...
STEP - Navigate to Casa39 English Website Home Page.
STEP - Accepting Cookies...
STEP - Search for a Available Product as Lineabeta Duemila hook 5507.29
Selecting product from suggested item list...
Click - Lineabeta Duemila hook 5507.29
Verified - Lineabeta Duemila hook 5507.29 as Searched Product is Correctly Displayed
STEP - Add to Quote
Click - Add to Quote
Verified - Lineabeta Duemila hook 5507.29
Verified - has been added to your cart
STEP - Navigate to Cart Quotes Page
Click - Quote Cart
Verified - Cart Quotes Page is Displayed
STEP - Update Quote
Set - 10
Click - 
STEP - Enter User Details to Request Quote
Set - email_0726165529190@test.com
Set - FirstName_0726165529521
Set - LastName_0726165529734
Set - 123456
Set - Remarks
Click - Request quote
Verified - Your quote request has been received!
STEP - Clicking CASA39 Logo to Return On Home Page...
Click - 
STEP - Closing Browser Successfully...]]>
  </system-out>
  <testcase name="testApplySortingOptionsFiltersAndPriceRange" time="47.489" classname="tests.shopping.TestProductShopping"/>
  <system-out>
    <![CDATA[STEP - Launch Browser Successfully...
STEP - Navigate to Casa39 English Website Home Page.
STEP - Accepting Cookies...
STEP - Choose and Select Category As FLOOR TILES From Product Categories
Selecting FLOOR TILES from list...
Click - Cleansers
Verified - Cleansers - Sub Category Opened Successfully...
STEP - Validate Sorting Options
Select Sorting Option As - bestsellers
Click -  Best Sellers
 Highlights
 Most Viewed
 New
 Price
Select Sorting Option As - is_hot
Click -  Best Sellers
 Highlights
 Most Viewed
 New
 Price
Select Sorting Option As - most_viewed
Click -  Best Sellers
 Highlights
 Most Viewed
 New
 Price
Select Sorting Option As - new
Click -  Best Sellers
 Highlights
 Most Viewed
 New
 Price
Select Sorting Option As - price
Click -  Best Sellers
 Highlights
 Most Viewed
 New
 Price
STEP - Apply all filters one by one.
Click - 
Click - 
Click - 
Click - 
Click - 
Click - 
STEP - Set price range.
STEP - Change Products Per Page
Select Products Per Page As - 48
Select Products Per Page As - 72
Select Products Per Page As - 24
STEP - Clicking CASA39 Logo to Return On Home Page...
Click - 
STEP - Closing Browser Successfully...]]>
  </system-out>
</testsuite> <!-- tests.shopping.TestProductShopping -->
