<?xml version="1.0" encoding="UTF-8"?>
<!-- Generated by org.testng.reporters.JUnitReportReporter -->
<testsuite skipped="0" hostname="DESKTOP-0KBR3DP" name="tests.shopping.TestShoppingCart" tests="4" failures="0" timestamp="2021-08-16T17:17:46 IST" time="190.875" errors="0">
  <testcase name="testAddGroupProductsToCart" time="48.589" classname="tests.shopping.TestShoppingCart"/>
  <system-out>
    <![CDATA[STEP - *** Running test method testAddGroupProductsToCart...
STEP - Launch Browser Successfully...
STEP - Navigate to Casa39 English Website Home Page.
STEP - Accepting Cookies...
STEP - Search for a Available Product as Simas Vignoni suspended toilet Rimless, bidet and WC-seat
STEP - Set - Simas Vignoni suspended toilet Rimless
Selecting product from suggested item list...
STEP - Click - Simas Vignoni suspended toilet Rimless, bidet and WC-seat
Verified - Simas Vignoni suspended toilet Rimless, bidet and WC-seat as Searched Product is Correctly Displayed
STEP - Select Quantity for all product groups
STEP - Add to Cart
STEP - Click - Add to Cart
Verified - Simas Vignoni suspended toilet Rimless, bidet and WC-seat
Verified - has been added to your cart
STEP - View Shopping Cart
STEP - Click - View cart
STEP - Validate Group Product Price Details
Validating '€164.71' from Shopping Cart Page...
Verified - Price is Correct
Validating '€68.91' from Shopping Cart Page...
Verified - Price is Correct
Validating '€151.26' from Shopping Cart Page...
Verified - Price is Correct
STEP - Validate Group Product Sub Total Details
Validating '€823.55' from Shopping Cart Page...
Verified - Subtotal Price is Correct
Validating '€344.55' from Shopping Cart Page...
Verified - Subtotal Price is Correct
Validating '€756.30' from Shopping Cart Page...
Verified - Subtotal Price is Correct
STEP - Validate Group Product Quantity Details
Validating '5' from Shopping Cart Page...
Verified - Quantity is Correct
Validating '5' from Shopping Cart Page...
Verified - Quantity is Correct
Validating '5' from Shopping Cart Page...
Verified - Quantity is Correct
STEP - STEP - Clicking CASA39 Logo to Return On Home Page...
STEP - Closing Browser Successfully...
STEP - *** Executed testAddGroupProductsToCart test successfully...]]>
  </system-out>
  <testcase name="testSecureCheckOutForProducts" time="53.429" classname="tests.shopping.TestShoppingCart"/>
  <system-out>
    <![CDATA[STEP - *** Running test method testSecureCheckOutForProducts...
STEP - Launch Browser Successfully...
STEP - Navigate to Casa39 English Website Home Page.
STEP - Accepting Cookies...
STEP - Search for a Available Product as Marazzi Evolutionmarble Calacatta 60x60 cm MHV2
STEP - Set - Marazzi Evolutionmarble Calacatta 60x60 cm MHV2
Selecting product from suggested item list...
STEP - Click - Marazzi Evolutionmarble Calacatta 60x60 cm MHV2
Verified - Marazzi Evolutionmarble Calacatta 60x60 cm MHV2 as Searched Product is Correctly Displayed
STEP - Select Quantity and add to cart
STEP - Set - 30
STEP - Click - Add to Cart
Verified - Marazzi Evolutionmarble Calacatta 60x60 cm MHV2
Verified - has been added to your cart
STEP - Click - Continue
STEP - Validate Non-Empty Cart and Close
STEP - Click - My Cart
€705.02
Verified - Item Prices are Correct
Verified - Total Items are Correct
STEP - View Shopping Cart
STEP - Click - View and edit cart
Validating '€705.02' from Summary...
Verified - Sub Total is Correct
Verified - Page Title is Displayed
Validating '€150.00' from Summary...
Verified - Shipping Price is Correct
Validating '€158.09' from Summary...
Verified - Tax Amount is Correct
Validating '€989.16' from Summary...
Verified - Order Total is Correct
STEP - Proceed To Checkout
STEP - Click - Proceed to Checkout
Verified - Marazzi Evolutionmarble Calacatta 60x60 cm MHV2 is Displayed
STEP - Closing Browser Successfully...
STEP - *** Executed testSecureCheckOutForProducts test successfully...]]>
  </system-out>
  <testcase name="testMinicartQuotesModalFromHomePage" time="39.144" classname="tests.shopping.TestShoppingCart"/>
  <system-out>
    <![CDATA[STEP - *** Running test method testMinicartQuotesModalFromHomePage...
STEP - Launch Browser Successfully...
STEP - Navigate to Casa39 English Website Home Page.
STEP - Accepting Cookies...
STEP - Log In with Valid username and Password
STEP - Click - SIGN IN
STEP - Click - Login
STEP - Validate Minicart Modal
STEP - Click - MY QUOTE
Verified - Total Items are Correct
Verified - Cart subtotal price is Correct
STEP - Click - Ask for a quote
Verified - Cart Quotes Page is Displayed
STEP - Validating '€25.21' from Summary...
Verified - Items Price is Correct
STEP - Validating '€215.97' from Summary...
Verified - Items Price is Correct
STEP - Validating '€105.88' from Summary...
Verified - Items Price is Correct
STEP - Validating '€218.48' from Summary...
Verified - Items Price is Correct
STEP - STEP - Clicking CASA39 Logo to Return On Home Page...
STEP - Click - SIGN OUT
STEP - Closing Browser Successfully...
STEP - *** Executed testMinicartQuotesModalFromHomePage test successfully...]]>
  </system-out>
  <testcase name="testApplyForDiscountOnShoppingCartPage" time="49.713" classname="tests.shopping.TestShoppingCart"/>
  <system-out>
    <![CDATA[STEP - *** Running test method testApplyForDiscountOnShoppingCartPage...
STEP - Launch Browser Successfully...
STEP - Navigate to Casa39 English Website Home Page.
STEP - Accepting Cookies...
STEP - Search for a Available Product as Zucchetti Closer Wall Mounted Showerhead Z94250
STEP - Set - Zucchetti Closer Wall Mounted Showerhead Z94250
Selecting product from suggested item list...
STEP - Click - Zucchetti Closer Wall Mounted Showerhead Z94250
Verified - Zucchetti Closer Wall Mounted Showerhead Z94250 as Searched Product is Correctly Displayed
STEP - Select Quantity and add to cart
STEP - Click - Add to Cart
Verified - Zucchetti Closer Wall Mounted Showerhead Z94250
Verified - has been added to your cart
STEP - Navigate to Shopping Cart Page
STEP - Click - View cart
Verified - Page Title is Displayed
STEP - Set - DISCOUNT
STEP - Click - APPLY DISCOUNT
Verified - The coupon code "DISCOUNT" is not valid.
STEP - Clear Shopping Cart
STEP - Click - Clear Shopping Cart
Verified - You have no items in your shopping cart.
STEP - STEP - Clicking CASA39 Logo to Return On Home Page...
STEP - Closing Browser Successfully...
STEP - *** Executed testApplyForDiscountOnShoppingCartPage test successfully...]]>
  </system-out>
</testsuite> <!-- tests.shopping.TestShoppingCart -->
