<?xml version="1.0" encoding="UTF-8"?>
<!-- Generated by org.testng.reporters.JUnitReportReporter -->
<testsuite skipped="0" hostname="DESKTOP-0KBR3DP" name="tests.home.MyTestHomePage" tests="1" failures="0" timestamp="2021-07-29T11:16:00 IST" time="29.980" errors="0">
  <testcase name="testAllBrokenLinksOnHomePage" time="29.980" classname="tests.home.MyTestHomePage"/>
  <system-out>
    <![CDATA[STEP - Launch Browser Successfully...
STEP - Navigate to Casa39 English Website Home Page.
STEP - Accepting Cookies...]]>
  </system-out>
</testsuite> <!-- tests.home.MyTestHomePage -->
