<?xml version="1.0" encoding="UTF-8"?>
<!-- Generated by org.testng.reporters.JUnitReportReporter -->
<testsuite skipped="0" hostname="DESKTOP-0KBR3DP" name="tests.shopping.TestProductListPage" tests="3" failures="0" timestamp="2021-08-02T16:20:03 IST" time="124.974" errors="0">
  <testcase name="testApplySortingOptionsFiltersAndPriceRange" time="43.140" classname="tests.shopping.TestProductListPage"/>
  <system-out>
    <![CDATA[STEP - *** Running test method testApplySortingOptionsFiltersAndPriceRange...
STEP - Launch Browser Successfully...
STEP - Navigate to Casa39 English Website Home Page.
STEP - Accepting Cookies...
STEP - Choose and Select Category As FLOOR TILES From Product Categories
STEP - Selecting FLOOR TILES from list...
STEP - Click - Cleansers
Verified - Cleansers - Sub Category Opened Successfully...
STEP - Validate Sorting Options
STEP - Select Sorting Option As - bestsellers
STEP - Click -  Best Sellers
 Highlights
 Most Viewed
 New
 Price
Verified - Selected Sorting Option As - bestsellers
STEP - Select Sorting Option As - is_hot
STEP - Click -  Best Sellers
 Highlights
 Most Viewed
 New
 Price
Verified - Selected Sorting Option As - is_hot
STEP - Select Sorting Option As - most_viewed
STEP - Click -  Best Sellers
 Highlights
 Most Viewed
 New
 Price
Verified - Selected Sorting Option As - most_viewed
STEP - Select Sorting Option As - new
STEP - Click -  Best Sellers
 Highlights
 Most Viewed
 New
 Price
Verified - Selected Sorting Option As - new
STEP - Select Sorting Option As - price
STEP - Click -  Best Sellers
 Highlights
 Most Viewed
 New
 Price
Verified - Selected Sorting Option As - price
STEP - Apply all filters one by one.
STEP - Click - 
STEP - Click - 
STEP - Click - 
STEP - Click - 
STEP - Click - 
STEP - Click - 
STEP - Set price range.
STEP - Change Products Per Page
STEP - Select Products Per Page As - 48
Verified - Select Products Per Page As - 48
STEP - Select Products Per Page As - 72
Verified - Select Products Per Page As - 72
STEP - Select Products Per Page As - 24
Verified - Select Products Per Page As - 24
STEP - STEP - Clicking CASA39 Logo to Return On Home Page...
STEP - Closing Browser Successfully...
STEP - *** Executed testApplySortingOptionsFiltersAndPriceRange test successfully...]]>
  </system-out>
  <testcase name="testAddProductToCartFromProductListPage" time="45.966" classname="tests.shopping.TestProductListPage"/>
  <system-out>
    <![CDATA[STEP - *** Running test method testAddProductToCartFromProductListPage...
STEP - Launch Browser Successfully...
STEP - Navigate to Casa39 English Website Home Page.
STEP - Accepting Cookies...
STEP - Choose and Select Category As ACCESSORIES From Product Categories
STEP - Selecting ACCESSORIES from list...
STEP - Click - ACCESSORIES
Verified - ACCESSORIES - Category Opened Successfully...
STEP - Selecting Lineabeta Ranpin accessories stand 51194.29 from list...
STEP - Click - 
Verified - You added Lineabeta Ranpin accessories stand 51194.29 to your shopping cart.
STEP - STEP - Returning back to Home Page...
STEP - Closing Browser Successfully...
STEP - *** Executed testAddProductToCartFromProductListPage test successfully...]]>
  </system-out>
  <testcase name="testAddProductToQuoteFromProductListPage" time="35.868" classname="tests.shopping.TestProductListPage"/>
  <system-out>
    <![CDATA[STEP - *** Running test method testAddProductToQuoteFromProductListPage...
STEP - Launch Browser Successfully...
STEP - Navigate to Casa39 English Website Home Page.
STEP - Accepting Cookies...
STEP - Choose and Select Category As ACCESSORIES From Product Categories
STEP - Selecting ACCESSORIES from list...
STEP - Click - ACCESSORIES
Verified - ACCESSORIES - Category Opened Successfully...
STEP - Selecting Lineabeta Ranpin accessories stand 51194.29 from list...
STEP - Click - 
Verified - You added Lineabeta Ranpin accessories stand 51194.29 to your quote cart.
STEP - STEP - Returning back to Home Page...
STEP - Closing Browser Successfully...
STEP - *** Executed testAddProductToQuoteFromProductListPage test successfully...]]>
  </system-out>
</testsuite> <!-- tests.shopping.TestProductListPage -->
