<?xml version="1.0" encoding="UTF-8"?>
<!-- Generated by org.testng.reporters.JUnitReportReporter -->
<testsuite skipped="0" hostname="DESKTOP-0KBR3DP" name="tests.myProfile.TestMyProfile" tests="1" failures="0" timestamp="2021-07-23T16:58:06 IST" time="533.718" errors="0">
  <testcase name="testLoggedInUserMyAccountSection" time="533.718" classname="tests.myProfile.TestMyProfile"/>
  <system-out>
    <![CDATA[STEP - Launch Browser Successfully...
STEP - Navigate to Casa39 English Website Home Page.
STEP - Accepting Cookies...
STEP - Log In with Valid username and Password
Click - SIGNIN
Click - Login
STEP - Go to My Account Section
Click - MYACCOUNT
Verified - My Account Page is Displayed
STEP - Validate Account Information
Verified - User Name as 'Ajay Sikarwar' is Correct
Verified - User Email Id as 'ajay@xhtmljunkies.com' is Correct
Verified - You are subscribed to "General Subscription".
STEP - Validate Address Book
Verified - Billing Address is Correct
Verified - Shipping Address is Correct
STEP - Go to My orders
Click Link As - My orders
Verified - My orders Section is Displayed
STEP - Validate Order Details
Verified - Order ID as '000026948' Displayed correctly
Verified - Order Date as '9/28/20' Displayed correctly
Verified - Order Total as '€279.00' Displayed correctly
Verified - Order ID as 'Canceled' Displayed correctly
Verified - Order ID as '000027299' Displayed correctly
Verified - Order Date as '1/19/21' Displayed correctly
Verified - Order Total as '€169.00' Displayed correctly
Verified - Order ID as 'Canceled' Displayed correctly
Verified - Order ID as '000026914' Displayed correctly
Verified - Order Date as '9/21/20' Displayed correctly
Verified - Order Total as '€518.00' Displayed correctly
Verified - Order ID as 'Canceled' Displayed correctly
Verified - Order ID as '000027677' Displayed correctly
Verified - Order Date as '5/24/21' Displayed correctly
Verified - Order Total as '€727.16' Displayed correctly
Verified - Order ID as 'Canceled' Displayed correctly
Verified - Order ID as '3000036324' Displayed correctly
Verified - Order Date as '5/19/21' Displayed correctly
Verified - Order Total as '€526.91' Displayed correctly
Verified - Order ID as 'Canceled' Displayed correctly
STEP - Go to Addresses
Click Link As - Addresses
Verified - Addresses Section is Displayed
STEP - Validate Additional Address Book
Verified - First Name as 'Ajay' Displayed correctly
Verified - Last Name as 'Sikarwar' Displayed correctly
Verified - street Address as '7242 Atlantic Street' Displayed correctly
Verified - City as 'check' Displayed correctly
Verified - Country as 'Italy' Displayed correctly
Verified - Country as '' Displayed correctly
Verified - Zip/Postal code as '73057' Displayed correctly
Verified - Phone as '9033855585' Displayed correctly
Verified - First Name as 'Ajay' Displayed correctly
Verified - Last Name as 'Sikarwar' Displayed correctly
Verified - street Address as 'farrari' Displayed correctly
Verified - City as 'check' Displayed correctly
Verified - Country as 'Italy' Displayed correctly
Verified - Country as '' Displayed correctly
Verified - Zip/Postal code as '73057' Displayed correctly
Verified - Phone as '9033855585' Displayed correctly
STEP - Go to Account information
Click Link As - Account information
Verified - Account information Section is Displayed
STEP - Go to Newsletter
Click Link As - Newsletter
Verified - Newsletter Section is Displayed
STEP - Go to My quotes
Click Link As - My quotes
Verified - My quotes Section is Displayed
STEP - Validate My Quotes Details
Verified - Order ID as '1000459434' Displayed correctly
Verified - Order Date as '5/19/21' Displayed correctly
Verified - Order Total as '€727.16' Displayed correctly
Verified - Order ID as 'Complete' Displayed correctly
Verified - Order ID as '2000455214' Displayed correctly
Verified - Order Date as '5/4/21' Displayed correctly
Verified - Order Total as '€32.29' Displayed correctly
Verified - Order ID as 'Pending' Displayed correctly
Verified - Order ID as '1000455205' Displayed correctly
Verified - Order Date as '5/4/21' Displayed correctly
Verified - Order Total as '€104.28' Displayed correctly
Verified - Order ID as 'Pending' Displayed correctly
Verified - Order ID as '9000446208' Displayed correctly
Verified - Order Date as '4/6/21' Displayed correctly
Verified - Order Total as '€0.00' Displayed correctly
Verified - Order ID as 'Pending' Displayed correctly
Verified - Order ID as '2000424146' Displayed correctly
Verified - Order Date as '1/27/21' Displayed correctly
Verified - Order Total as '€613.55' Displayed correctly
Verified - Order ID as 'Pending' Displayed correctly
STEP - Clicking CASA39 Logo to Return On Home Page...
Click - 
Click - SIGNOUT
STEP - Closing Browser Successfully...]]>
  </system-out>
</testsuite> <!-- tests.myProfile.TestMyProfile -->
