<?xml version="1.0" encoding="UTF-8"?>
<!-- Generated by org.testng.reporters.JUnitReportReporter -->
<testsuite skipped="0" hostname="DESKTOP-0KBR3DP" name="tests.shopping.TestHomePage" tests="16" failures="0" timestamp="2021-08-02T16:20:03 IST" time="1303.021" errors="1">
  <testcase name="testSelectProductCategory" time="108.547" classname="tests.shopping.TestHomePage"/>
  <system-out>
    <![CDATA[STEP - *** Running test method testSelectProductCategory...
STEP - Launch Browser Successfully...
STEP - Navigate to Casa39 English Website Home Page.
STEP - Accepting Cookies...
STEP - Choose and Select Category As FLOOR TILES From Product Categories
STEP - Selecting FLOOR TILES from list...
STEP - Click - FLOOR TILES
Verified - FLOOR TILES - Category Opened Successfully...
STEP - STEP - Clicking CASA39 Logo to Return On Home Page...
STEP - Choose and Select Category As WALL TILES From Product Categories
STEP - Selecting WALL TILES from list...
STEP - Click - WALL TILES
Verified - WALL TILES - Category Opened Successfully...
STEP - STEP - Clicking CASA39 Logo to Return On Home Page...
STEP - Choose and Select Category As TAPS From Product Categories
STEP - Selecting TAPS from list...
STEP - Click - TAPS
Verified - TAPS - Category Opened Successfully...
STEP - STEP - Clicking CASA39 Logo to Return On Home Page...
STEP - Choose and Select Category As ACCESSORIES From Product Categories
STEP - Selecting ACCESSORIES from list...
STEP - Click - ACCESSORIES
Verified - ACCESSORIES - Category Opened Successfully...
STEP - STEP - Clicking CASA39 Logo to Return On Home Page...
STEP - Choose and Select Category As SANITARY WARES From Product Categories
STEP - Selecting SANITARY WARES from list...
STEP - Click - SANITARY WARES
Verified - SANITARY WARES - Category Opened Successfully...
STEP - STEP - Clicking CASA39 Logo to Return On Home Page...
STEP - Choose and Select Category As FURNITURE From Product Categories
STEP - Selecting FURNITURE from list...
STEP - Click - FURNITURE
Verified - FURNITURE - Category Opened Successfully...
STEP - STEP - Clicking CASA39 Logo to Return On Home Page...
STEP - Choose and Select Category As BATHTUBS From Product Categories
STEP - Selecting BATHTUBS from list...
STEP - Click - BATHTUBS
Verified - BATHTUBS - Category Opened Successfully...
STEP - STEP - Clicking CASA39 Logo to Return On Home Page...
STEP - Choose and Select Category As SHOWER ENCLOSURES From Product Categories
STEP - Selecting SHOWER ENCLOSURES from list...
STEP - Click - SHOWER ENCLOSURES
Verified - SHOWER ENCLOSURES - Category Opened Successfully...
STEP - STEP - Clicking CASA39 Logo to Return On Home Page...
STEP - Choose and Select Category As BRANDS From Product Categories
STEP - Selecting BRANDS from list...
STEP - Click - BRANDS
Verified - BRANDS - Category Opened Successfully...
STEP - STEP - Clicking CASA39 Logo to Return On Home Page...
STEP - Choose and Select Category As OFFERS From Product Categories
STEP - Selecting OFFERS from list...
STEP - Click - OFFERS
Verified - OFFERS - Category Opened Successfully...
STEP - STEP - Clicking CASA39 Logo to Return On Home Page...
STEP - Closing Browser Successfully...
STEP - *** Executed testSelectProductCategory test successfully...]]>
  </system-out>
  <testcase name="testAllOurServicesSection" time="102.608" classname="tests.shopping.TestHomePage"/>
  <system-out>
    <![CDATA[STEP - *** Running test method testAllOurServicesSection...
STEP - Launch Browser Successfully...
STEP - Navigate to Casa39 English Website Home Page.
STEP - Accepting Cookies...
STEP - Validate All Our Services Section
STEP - Click - All our service
Verified - All Our Services Page is Displayed
STEP - Validate SAMPLES Section
STEP - Click - SAMPLES
Ask for a sample of your selected tiles
to be sure of your choice.
Verified - SAMPLES SERVICE section is Displayed
Verified - SAMPLES SERVICE content is Displayed
STEP - STEP - Returning back to Home Page...
STEP - Validate Best Price Guaranteed Section
STEP - Click - All our service
Verified - All Our Services Page is Displayed
STEP - Click - √ BEST PRICE GUARANTEE √
Verified - BEST PRICE GUARANTEE section is Displayed
Verified - BEST PRICE GUARANTEE content is Displayed
STEP - STEP - Returning back to Home Page...
STEP - Validate BUYER PROTECTION Section
STEP - Click - All our service
Verified - All Our Services Page is Displayed
STEP - Click - BUYER PROTECTION
Buy safely by choosing the protection
which suits your needs best.
Verified - BUYER PROTECTION section is Displayed
Verified - BUYER PROTECTION content is Displayed
STEP - STEP - Returning back to Home Page...
STEP - Validate QUOTES Section
STEP - Click - All our service
Verified - All Our Services Page is Displayed
STEP - Click - QUOTES
Many prices are imposed by the producers.
Ask for a quote and receive special discounts.
Verified - QUOTES section is Displayed
Verified - QUOTES content is Displayed
STEP - STEP - Returning back to Home Page...
STEP - Validate VISIT OUR SHOP Section
STEP - Click - All our service
Verified - All Our Services Page is Displayed
STEP - Click - VISIT OUR SHOP
You are invited to convince yourself of our quality
by visiting our showroom in beautiful South Italy.
Verified - VISIT OUR STORE section is Displayed
Verified - VISIT OUR STORE content is Displayed
STEP - STEP - Returning back to Home Page...
STEP - Validate FREE 3D PROJECTS Section
STEP - Click - All our service
Verified - All Our Services Page is Displayed
STEP - Click - FREE 3D-PROJECTS
With our photorealistic 3D creations we help you to visualize your final projects.
Verified - FREE 3D PROJECTS section is Displayed
Verified - FREE 3D PROJECTS content is Displayed
STEP - STEP - Returning back to Home Page...
STEP - Validate SHIPPING Section
STEP - Click - All our service
Verified - All Our Services Page is Displayed
STEP - Click - SHIPPING
Our deliveries are insured
and get sent by express service.
Verified - SHIPPING section is Displayed
STEP - Products purchased on CASA39 can be delivered to the following countries:
Verified - Austria
Verified - Australia
Verified - New Zealand
Verified - Belgium
Verified - Bulgaria
Verified - Canada
Verified - Switzerland
Verified - Czech Republic
Verified - Germany
Verified - Denmark
Verified - Spain
Verified - Finland
Verified - France
Verified - United Kingdom
Verified - Greece
Verified - Croatia
Verified - Hungary
Verified - Ireland
Verified - Italy
Verified - Luxembourg
Verified - Netherlands
Verified - Norway
Verified - Poland
Verified - Portugal
Verified - Romania
Verified - Slovak Republic
Verified - Slovenia
Verified - U.S.A.
STEP - STEP - Returning back to Home Page...
STEP - Validate ORDER CHECK Section
STEP - Click - All our service
Verified - All Our Services Page is Displayed
STEP - Click - ORDER CHECK
All orders composed of multiple items
get checked to ensure their compatibility.
Verified - ORDER CHECK section is Displayed
Verified - ORDER CHECK content is Displayed
STEP - STEP - Returning back to Home Page...
STEP - Closing Browser Successfully...
STEP - *** Executed testAllOurServicesSection test successfully...]]>
  </system-out>
  <testcase name="testBuyersProtectionInformationBadge" time="14.969" classname="tests.shopping.TestHomePage"/>
  <system-out>
    <![CDATA[STEP - *** Running test method testBuyersProtectionInformationBadge...
STEP - Launch Browser Successfully...
STEP - Navigate to Casa39 English Website Home Page.
STEP - Accepting Cookies...
STEP - Open Buyer's Protection Information Badge
STEP - Click - 
Validating 'Shopping is secure here' from Buyer's Protection Information...
Verified - Shopping is secure here
Validating 'Independent guarantee' from Buyer's Protection Information...
Verified - Independent guarantee
Validating 'Rating score: Excellent' from Buyer's Protection Information...
Verified - Rating score: Excellent
STEP - Close Buyer's Protection Information Badge
STEP - Click - 
STEP - Closing Browser Successfully...
STEP - *** Executed testBuyersProtectionInformationBadge test successfully...]]>
  </system-out>
  <testcase name="testRegisterNewUserByUniqueEmailId" time="39.544" classname="tests.shopping.TestHomePage"/>
  <system-out>
    <![CDATA[STEP - *** Running test method testRegisterNewUserByUniqueEmailId...
STEP - Navigate to Magento Website Home Page.
STEP - Launch Browser Successfully...
STEP - Navigate to Casa39 English Website Home Page.
STEP - Accepting Cookies...
STEP - Go to Customer Register Page
STEP - Click - SIGN IN
STEP - Click - New account
STEP - Set required fields
STEP - Set - First
STEP - Set - Last
STEP - Set - email_0802155352606@test.com
STEP - Set - password@123
STEP - Create account
STEP - Click - Create an Account
STEP - Log In new username and Password
STEP - Click - SIGN IN
STEP - Click - Login
STEP - Go to My Account Section
STEP - Click - MY ACCOUNT
Verified - My Account Page is Displayed
STEP - Validate Account Information
Verified - User Name as is Correct
Verified - User Email Id as 'email_0802155352606@test.com' is Correct
STEP - STEP - Clicking CASA39 Logo to Return On Home Page...
STEP - Click - SIGN OUT
STEP - Closing Browser Successfully...
STEP - *** Executed testRegisterNewUserByUniqueEmailId test successfully...]]>
  </system-out>
  <testcase name="testAllSocialMediaPlatformAvailabilityLinks" time="41.632" classname="tests.shopping.TestHomePage"/>
  <system-out>
    <![CDATA[STEP - *** Running test method testAllSocialMediaPlatformAvailabilityLinks...
STEP - Launch Browser Successfully...
STEP - Navigate to Casa39 English Website Home Page.
STEP - Accepting Cookies...
STEP - List all social media platforms associated with it's navigation link
Verified - facebook - https://www.facebook.com/casa39shop/
Verified - https://www.facebook.com/casa39shop/ - OK
Verified - pinterest - https://www.pinterest.com/casa39_com/
Verified - https://www.pinterest.com/casa39_com/ - OK
Verified - twitter - https://twitter.com/bathroom39
Verified - https://twitter.com/bathroom39 - OK
Verified - instagram - https://www.instagram.com/casa39.it
https://www.instagram.com/casa39.it - Not Found<font color='red'>IS A BROKEN LINK...</font>
Verified - youtube - https://www.youtube.com/user/casaebagno
Verified - https://www.youtube.com/user/casaebagno - OK
STEP - Closing Browser Successfully...
STEP - *** Executed testAllSocialMediaPlatformAvailabilityLinks test successfully...]]>
  </system-out>
  <testcase name="testWhyChooseUsSection" time="45.155" classname="tests.shopping.TestHomePage"/>
  <system-out>
    <![CDATA[STEP - *** Running test method testWhyChooseUsSection...
STEP - Launch Browser Successfully...
STEP - Navigate to Casa39 English Website Home Page.
STEP - Accepting Cookies...
STEP - Validate Samples Section
STEP - Click - SAMPLES
Ask for a sample of your selected tiles to be sure of your choice.
Verified - SAMPLES SERVICE section is Displayed
Verified - SAMPLES SERVICE content is Displayed
STEP - STEP - Returning back to Home Page...
STEP - Validate Best Price Guaranteed Section
STEP - Click - √ BEST PRICE GUARANTEE √
Verified - BEST PRICE GUARANTEE section is Displayed
Verified - BEST PRICE GUARANTEE content is Displayed
STEP - STEP - Returning back to Home Page...
STEP - Validate BUYER PROTECTION Section
STEP - Click - BUYER PROTECTION
Buy safely by choosing the protection which suites your needs best.
Verified - BUYER PROTECTION section is Displayed
Verified - BUYER PROTECTION content is Displayed
STEP - STEP - Returning back to Home Page...
STEP - Validate QUOTES Section
STEP - Click - QUOTES
Many prices are imposed by the producers. Ask for a quote and receive special discounts.
Verified - QUOTES section is Displayed
Verified - QUOTES content is Displayed
STEP - STEP - Returning back to Home Page...
STEP - Closing Browser Successfully...
STEP - *** Executed testWhyChooseUsSection test successfully...]]>
  </system-out>
  <testcase name="testSignInAuthenticatedUser" time="50.709" classname="tests.shopping.TestHomePage"/>
  <system-out>
    <![CDATA[STEP - *** Running test method testSignInAuthenticatedUser...
STEP - Launch Browser Successfully...
STEP - Navigate to Casa39 English Website Home Page.
STEP - Accepting Cookies...
STEP - Go to Customer Log In Page and Validate Authenicated User Log In.
STEP - Click - SIGN IN
STEP - Click Sign In without setting username and Password
STEP - Click - Login
Verified - Email is required
Verified - Password is required
STEP - Click - 
STEP - Log In with Invalid username and Password
STEP - Click - SIGN IN
STEP - Click - Login
Verified - Please enter a valid email address (Ex: johndoe@domain.com).
Verified - Please enter 6 or more characters. Leading and trailing spaces will be ignored.
STEP - Click - 
STEP - Log In with Valid username and Password
STEP - Click - SIGN IN
STEP - Click - Login
STEP - Closing Browser Successfully...
STEP - *** Executed testSignInAuthenticatedUser test successfully...]]>
  </system-out>
  <testcase name="testHomePageInformationLinks" time="92.412" classname="tests.shopping.TestHomePage"/>
  <system-out>
    <![CDATA[STEP - *** Running test method testHomePageInformationLinks...
STEP - Launch Browser Successfully...
STEP - Navigate to Casa39 English Website Home Page.
STEP - Accepting Cookies...
STEP - Go to Our story
STEP - Click - our story
Verified - Our story Page is Displayed.
Verified - Our story Content is Displayed
STEP - STEP - Clicking CASA39 Logo to Return On Home Page...
STEP - Go to Legal Information
STEP - Click - legal information
Verified - LEGAL INFORMATION Page is Displayed.
Verified - LEGAL INFORMATION Content is Displayed
STEP - STEP - Clicking CASA39 Logo to Return On Home Page...
STEP - Go to Promotions
STEP - Click - promotions
Verified - Sale Page is Displayed.
STEP - STEP - Clicking CASA39 Logo to Return On Home Page...
STEP - Go to Terms and Conditions
STEP - Click - terms and conditions
Verified - TERMS AND CONDITIONS Page is Displayed.
Verified - TERMS AND CONDITIONS Content is Displayed
STEP - STEP - Clicking CASA39 Logo to Return On Home Page...
STEP - Go to Brands
STEP - Click - brands
Verified - OUR BRANDS Page is Displayed.
STEP - STEP - Clicking CASA39 Logo to Return On Home Page...
STEP - Go to SHIPPING
STEP - Click - shipping
Verified - SHIPPING Page is Displayed.
STEP - STEP - Clicking CASA39 Logo to Return On Home Page...
STEP - Go to BUYER PROTECTION
STEP - Click - buyer protection
Verified - BUYER PROTECTION Page is Displayed.
STEP - STEP - Clicking CASA39 Logo to Return On Home Page...
STEP - Go to 3D projects
STEP - Click - 3D projects
Verified - FREE 3D PROJECTS Page is Displayed.
STEP - STEP - Clicking CASA39 Logo to Return On Home Page...
STEP - Go to Quotes
STEP - Click - quotes
Verified - QUOTES Page is Displayed.
STEP - STEP - Clicking CASA39 Logo to Return On Home Page...
STEP - Go to VISIT US
STEP - Click - all our services
Verified - ALL OUR SERVICES Page is Displayed.
STEP - STEP - Clicking CASA39 Logo to Return On Home Page...
STEP - Closing Browser Successfully...
STEP - *** Executed testHomePageInformationLinks test successfully...]]>
  </system-out>
  <testcase name="testAllProductSubCategoryLinks" time="468.720" classname="tests.shopping.TestHomePage"/>
  <system-out>
    <![CDATA[STEP - *** Running test method testAllProductSubCategoryLinks...
STEP - Launch Browser Successfully...
STEP - Navigate to Casa39 English Website Home Page.
STEP - Accepting Cookies...
STEP - List all subcategories associated with it's navigation link
Verified - wood effect - https://www.casa39.com/tiles/wood-effect
Verified - https://www.casa39.com/tiles/wood-effect - OK
Verified - cement effect - https://www.casa39.com/tiles/concrete-effect
Verified - https://www.casa39.com/tiles/concrete-effect - OK
Verified - resin effect - https://www.casa39.com/tiles/resin-effect
Verified - https://www.casa39.com/tiles/resin-effect - OK
Verified - marble effect - https://www.casa39.com/tiles/marble-effect
Verified - https://www.casa39.com/tiles/marble-effect - OK
Verified - metal effect - https://www.casa39.com/tiles/metal-effect
Verified - https://www.casa39.com/tiles/metal-effect - OK
Verified - cotto effect - https://www.casa39.com/tiles/terracotta-effect
Verified - https://www.casa39.com/tiles/terracotta-effect - OK
Verified - stone effect - https://www.casa39.com/tiles/stone-effect
Verified - https://www.casa39.com/tiles/stone-effect - OK
Verified - stone effect - https://www.casa39.com/outdoor-floor-tiles/stone-effect
Verified - https://www.casa39.com/outdoor-floor-tiles/stone-effect - OK
Verified - cotto effect - https://www.casa39.com/outdoor-floor-tiles/cotto-effect
Verified - https://www.casa39.com/outdoor-floor-tiles/cotto-effect - OK
Verified - marble effect - https://www.casa39.com/outdoor-floor-tiles/marble-effect
Verified - https://www.casa39.com/outdoor-floor-tiles/marble-effect - OK
Verified - wood effect - https://www.casa39.com/outdoor-floor-tiles/wood-effect
Verified - https://www.casa39.com/outdoor-floor-tiles/wood-effect - OK
Verified - cement effect - https://www.casa39.com/outdoor-floor-tiles/concrete-effect
Verified - https://www.casa39.com/outdoor-floor-tiles/concrete-effect - OK
Verified - sand effect - https://www.casa39.com/outdoor-floor-tiles/sand-effect
Verified - https://www.casa39.com/outdoor-floor-tiles/sand-effect - OK
Verified - resin effect - https://www.casa39.com/outdoor-floor-tiles/resin-effect
Verified - https://www.casa39.com/outdoor-floor-tiles/resin-effect - OK
Verified - wood effect - https://www.casa39.com/2-cm-thickness/wood-effect
Verified - https://www.casa39.com/2-cm-thickness/wood-effect - OK
Verified - marble effect - https://www.casa39.com/2-cm-thickness/marble-effect
Verified - https://www.casa39.com/2-cm-thickness/marble-effect - OK
Verified - stone effect - https://www.casa39.com/2-cm-thickness/stone-effect
Verified - https://www.casa39.com/2-cm-thickness/stone-effect - OK
Verified - cement effect - https://www.casa39.com/2-cm-thickness/cement-effect
Verified - https://www.casa39.com/2-cm-thickness/cement-effect - OK
Verified - cotto effect - https://www.casa39.com/2-cm-thickness/cotto-effect
Verified - https://www.casa39.com/2-cm-thickness/cotto-effect - OK
Verified - resin effect - https://www.casa39.com/2-cm-thickness/resin-effect
Verified - https://www.casa39.com/2-cm-thickness/resin-effect - OK
Verified - metal effect - https://www.casa39.com/2-cm-thickness/metal-effect
Verified - https://www.casa39.com/2-cm-thickness/metal-effect - OK
Verified - Preparation and screeds - https://www.casa39.com/tiles-laying-materials/preparation-and-screeds
Verified - https://www.casa39.com/tiles-laying-materials/preparation-and-screeds - OK
Verified - Adhesives - https://www.casa39.com/tiles-laying-materials/adhesives
Verified - https://www.casa39.com/tiles-laying-materials/adhesives - OK
Verified - Sealants - https://www.casa39.com/tiles-laying-materials/sealants
Verified - https://www.casa39.com/tiles-laying-materials/sealants - OK
Verified - Cleansers - https://www.casa39.com/tiles-laying-materials/cleansers
Verified - https://www.casa39.com/tiles-laying-materials/cleansers - OK
Verified - encaustic effect - https://www.casa39.com/wall-tiles/bathroom-tiles/encaustic-effect
Verified - https://www.casa39.com/wall-tiles/bathroom-tiles/encaustic-effect - OK
Verified - wood effect - https://www.casa39.com/wall-tiles/bathroom-tiles/wood-effect
Verified - https://www.casa39.com/wall-tiles/bathroom-tiles/wood-effect - OK
Verified - brick effect - https://www.casa39.com/wall-tiles/bathroom-tiles/brick-effect
Verified - https://www.casa39.com/wall-tiles/bathroom-tiles/brick-effect - OK
Verified - stone effect - https://www.casa39.com/wall-tiles/bathroom-tiles/stone-effect
Verified - https://www.casa39.com/wall-tiles/bathroom-tiles/stone-effect - OK
Verified - marble effect - https://www.casa39.com/wall-tiles/bathroom-tiles/marble-effect
Verified - https://www.casa39.com/wall-tiles/bathroom-tiles/marble-effect - OK
Verified - cement effect - https://www.casa39.com/wall-tiles/bathroom-tiles/concrete-effect
Verified - https://www.casa39.com/wall-tiles/bathroom-tiles/concrete-effect - OK
Verified - wall effect - https://www.casa39.com/wall-tiles/bathroom-tiles/wall-effect
Verified - https://www.casa39.com/wall-tiles/bathroom-tiles/wall-effect - OK
Verified - patchwork effect - https://www.casa39.com/wall-tiles/bathroom-tiles/patchwork-effect
Verified - https://www.casa39.com/wall-tiles/bathroom-tiles/patchwork-effect - OK
Verified - cement effect - https://www.casa39.com/wall-tiles/kitchen-tiles/concrete-effect
Verified - https://www.casa39.com/wall-tiles/kitchen-tiles/concrete-effect - OK
Verified - stone effect - https://www.casa39.com/wall-tiles/kitchen-tiles/stone-effect
Verified - https://www.casa39.com/wall-tiles/kitchen-tiles/stone-effect - OK
Verified - wood effect - https://www.casa39.com/wall-tiles/kitchen-tiles/wood-effect
Verified - https://www.casa39.com/wall-tiles/kitchen-tiles/wood-effect - OK
Verified - marble effect - https://www.casa39.com/wall-tiles/kitchen-tiles/marble-effect
Verified - https://www.casa39.com/wall-tiles/kitchen-tiles/marble-effect - OK
Verified - brick effect - https://www.casa39.com/wall-tiles/kitchen-tiles/brick-effect
Verified - https://www.casa39.com/wall-tiles/kitchen-tiles/brick-effect - OK
Verified - wall effect - https://www.casa39.com/wall-tiles/kitchen-tiles/wall-effect
Verified - https://www.casa39.com/wall-tiles/kitchen-tiles/wall-effect - OK
Verified - encaustic effect - https://www.casa39.com/wall-tiles/kitchen-tiles/encaustic-effect
Verified - https://www.casa39.com/wall-tiles/kitchen-tiles/encaustic-effect - OK
Verified - patchwork effect - https://www.casa39.com/wall-tiles/kitchen-tiles/patchwork-effect
Verified - https://www.casa39.com/wall-tiles/kitchen-tiles/patchwork-effect - OK
Verified - stone effect - https://www.casa39.com/wall-tiles/indoor-covering/stone-effect
Verified - https://www.casa39.com/wall-tiles/indoor-covering/stone-effect - OK
Verified - wood effect - https://www.casa39.com/wall-tiles/indoor-covering/patchwork-effect
Verified - https://www.casa39.com/wall-tiles/indoor-covering/patchwork-effect - OK
Verified - marble effect - https://www.casa39.com/wall-tiles/indoor-covering/marble-effect
Verified - https://www.casa39.com/wall-tiles/indoor-covering/marble-effect - OK
Verified - cement effect - https://www.casa39.com/wall-tiles/indoor-covering/concrete-effect
Verified - https://www.casa39.com/wall-tiles/indoor-covering/concrete-effect - OK
Verified - large wall tiles - https://www.casa39.com/wall-tiles/indoor-covering/large-wall-tiles
Verified - https://www.casa39.com/wall-tiles/indoor-covering/large-wall-tiles - OK
Verified - brick effect - https://www.casa39.com/wall-tiles/indoor-covering/brick-effect
Verified - https://www.casa39.com/wall-tiles/indoor-covering/brick-effect - OK
Verified - encaustic effect - https://www.casa39.com/wall-tiles/indoor-covering/encaustic-effect
Verified - https://www.casa39.com/wall-tiles/indoor-covering/encaustic-effect - OK
Verified - patchwork effect - https://www.casa39.com/wall-tiles/indoor-covering/patchwork-effect
Verified - https://www.casa39.com/wall-tiles/indoor-covering/patchwork-effect - OK
Verified - stone effect - https://www.casa39.com/outdoor-floor-tiles/stone-effect
Verified - https://www.casa39.com/outdoor-floor-tiles/stone-effect - OK
Verified - cotto effect - https://www.casa39.com/outdoor-floor-tiles/terracotta-effect
Verified - https://www.casa39.com/outdoor-floor-tiles/terracotta-effect - OK
Verified - marble effect - https://www.casa39.com/outdoor-floor-tiles/marble-effect
Verified - https://www.casa39.com/outdoor-floor-tiles/marble-effect - OK
Verified - wood effect - https://www.casa39.com/outdoor-floor-tiles/wood-effect
Verified - https://www.casa39.com/outdoor-floor-tiles/wood-effect - OK
Verified - cement effect - https://www.casa39.com/outdoor-floor-tiles/concrete-effect
Verified - https://www.casa39.com/outdoor-floor-tiles/concrete-effect - OK
Verified - pocelain stoneware - https://www.casa39.com/
Verified - https://www.casa39.com/ - OK
Verified - glass 1989 - https://www.casa39.com/glass-1989
Verified - https://www.casa39.com/glass-1989 - OK
Verified - bisazza - https://www.casa39.com/bisazza
Verified - https://www.casa39.com/bisazza - OK
Verified - sicis - https://www.casa39.com/sicis
Verified - https://www.casa39.com/sicis - OK
Verified - Basin mixer taps - https://www.casa39.com/taps/basin-mixer-taps
Verified - https://www.casa39.com/taps/basin-mixer-taps - OK
Verified - 2 handle basin mixer taps - https://www.casa39.com/taps/2-handle-basin-mixer-taps
Verified - https://www.casa39.com/taps/2-handle-basin-mixer-taps - OK
Verified - 3 holes basin taps - https://www.casa39.com/taps/3-holes-basin-taps
Verified - https://www.casa39.com/taps/3-holes-basin-taps - OK
Verified - Wall mounted taps - https://www.casa39.com/taps/wall-mounted-taps
Verified - https://www.casa39.com/taps/wall-mounted-taps - OK
Verified - Waterfall taps - https://www.casa39.com/taps/waterfall-taps
Verified - https://www.casa39.com/taps/waterfall-taps - OK
Verified - Sensor taps - https://www.casa39.com/taps/sensor-taps
Verified - https://www.casa39.com/taps/sensor-taps - OK
Verified - Freestanding mixers - https://www.casa39.com/taps/freestanding-mixers
Verified - https://www.casa39.com/taps/freestanding-mixers - OK
Verified - Showerheads - https://www.casa39.com/taps/shower-heads
Verified - https://www.casa39.com/taps/shower-heads - OK
Verified - Concealed showerheads - https://www.casa39.com/taps/concealed-shower-heads
Verified - https://www.casa39.com/taps/concealed-shower-heads - OK
Verified - Shower column - https://www.casa39.com/taps/shower-column
Verified - https://www.casa39.com/taps/shower-column - OK
Verified - Shower slide bar - https://www.casa39.com/taps/shower-slide-bar
Verified - https://www.casa39.com/taps/shower-slide-bar - OK
Verified - Thermostatic shower - https://www.casa39.com/taps/thermostatic-shower
Verified - https://www.casa39.com/taps/thermostatic-shower - OK
Verified - Concealed shower mixer - https://www.casa39.com/taps/concealed-shower-sets
Verified - https://www.casa39.com/taps/concealed-shower-sets - OK
Verified - Shower mixer taps - https://www.casa39.com/taps/shower-mixer-taps
Verified - https://www.casa39.com/taps/shower-mixer-taps - OK
Verified - Deck mounted taps - https://www.casa39.com/taps/deck-mounted-bath-shower-mixer
Verified - https://www.casa39.com/taps/deck-mounted-bath-shower-mixer - OK
Verified - Floor standing taps - https://www.casa39.com/taps/free-standing-bath-spout-with-mixer
Verified - https://www.casa39.com/taps/free-standing-bath-spout-with-mixer - OK
Verified - Wall mounted taps - https://www.casa39.com/taps/wall-mounted-bath-shower-mixer
Verified - https://www.casa39.com/taps/wall-mounted-bath-shower-mixer - OK
Verified - Thermostatic taps - https://www.casa39.com/taps/thermostatic-bath-shower-mixer
Verified - https://www.casa39.com/taps/thermostatic-bath-shower-mixer - OK
Verified - Bath taps - https://www.casa39.com/taps/bath-taps
Verified - https://www.casa39.com/taps/bath-taps - OK
Verified - Waterfall bath taps - https://www.casa39.com/taps/waterfall-bath-taps
Verified - https://www.casa39.com/taps/waterfall-bath-taps - OK
Verified - Mixers - https://www.casa39.com/kitchen-taps/kitchen-mixer-taps
Verified - https://www.casa39.com/kitchen-taps/kitchen-mixer-taps - OK
Verified - With pullout spray - https://www.casa39.com/kitchen-taps/pull-out-kitchen-taps
Verified - https://www.casa39.com/kitchen-taps/pull-out-kitchen-taps - OK
Verified - Wall mounted taps - https://www.casa39.com/kitchen-taps/wall-mounted-kitchen-taps
Verified - https://www.casa39.com/kitchen-taps/wall-mounted-kitchen-taps - OK
Verified - Under window taps - https://www.casa39.com/kitchen-taps/under-window-kitchen-taps
Verified - https://www.casa39.com/kitchen-taps/under-window-kitchen-taps - OK
Verified - Toothbrush holder - https://www.casa39.com/bathroom-accessories/toothbrush-holder
Verified - https://www.casa39.com/bathroom-accessories/toothbrush-holder - OK
Verified - Soap dispensers - https://www.casa39.com/bathroom-accessories/soap-dispensers
Verified - https://www.casa39.com/bathroom-accessories/soap-dispensers - OK
Verified - Soap holders - https://www.casa39.com/bathroom-accessories/soap-holders
Verified - https://www.casa39.com/bathroom-accessories/soap-holders - OK
Verified - Towel holder - https://www.casa39.com/bathroom-accessories/towel-holders
Verified - https://www.casa39.com/bathroom-accessories/towel-holders - OK
Verified - Organizers - https://www.casa39.com/bathroom-accessories/organizers
Verified - https://www.casa39.com/bathroom-accessories/organizers - OK
Verified - Laundry baskets - https://www.casa39.com/bathroom-accessories/laundry-baskets
Verified - https://www.casa39.com/bathroom-accessories/laundry-baskets - OK
Verified - Shower curtains - https://www.casa39.com/bathroom-accessories/shower-curtains
https://www.casa39.com/bathroom-accessories/shower-curtains - Internal Server Error<font color='red'>IS A BROKEN LINK...</font>
Verified - Hooks - https://www.casa39.com/bathroom-accessories/hooks
https://www.casa39.com/bathroom-accessories/hooks - Internal Server Error<font color='red'>IS A BROKEN LINK...</font>
Verified - Shower platforms - https://www.casa39.com/bathroom-accessories/shower-platforms
https://www.casa39.com/bathroom-accessories/shower-platforms - Backend fetch failed<font color='red'>IS A BROKEN LINK...</font>
Verified - Bath accessories - https://www.casa39.com/bathroom-accessories/bath-accessories
https://www.casa39.com/bathroom-accessories/bath-accessories - Backend fetch failed<font color='red'>IS A BROKEN LINK...</font>
Verified - Free standing toilet roll holder - https://www.casa39.com/bathroom-accessories/free-standing-toilet-roll-holder
https://www.casa39.com/bathroom-accessories/free-standing-toilet-roll-holder - Backend fetch failed<font color='red'>IS A BROKEN LINK...</font>
Verified - Toilet brush holders - https://www.casa39.com/bathroom-accessories/toilet-brush-holders
https://www.casa39.com/bathroom-accessories/toilet-brush-holders - Backend fetch failed<font color='red'>IS A BROKEN LINK...</font>
Verified - Waste bins - https://www.casa39.com/bathroom-accessories/waste-bins
https://www.casa39.com/bathroom-accessories/waste-bins - Backend fetch failed<font color='red'>IS A BROKEN LINK...</font>
Verified - Toilet seats - https://www.casa39.com/bathroom-accessories/toilet-seats
https://www.casa39.com/bathroom-accessories/toilet-seats - Backend fetch failed<font color='red'>IS A BROKEN LINK...</font>
Verified - Toilet paper holder - https://www.casa39.com/bathroom-accessories/toilet-paper-holder
https://www.casa39.com/bathroom-accessories/toilet-paper-holder - Backend fetch failed<font color='red'>IS A BROKEN LINK...</font>
Verified - Towel holders for bidet - https://www.casa39.com/bathroom-accessories/towel-holders-for-bidet
https://www.casa39.com/bathroom-accessories/towel-holders-for-bidet - Backend fetch failed<font color='red'>IS A BROKEN LINK...</font>
Verified - Stools - https://www.casa39.com/bathroom-accessories/stools
https://www.casa39.com/bathroom-accessories/stools - Backend fetch failed<font color='red'>IS A BROKEN LINK...</font>
Verified - Hair dryers - https://www.casa39.com/bathroom-accessories/hair-dryers
https://www.casa39.com/bathroom-accessories/hair-dryers - Backend fetch failed<font color='red'>IS A BROKEN LINK...</font>
Verified - Magnifying mirrors - https://www.casa39.com/bathroom-accessories/magnifying-mirrors
https://www.casa39.com/bathroom-accessories/magnifying-mirrors - Backend fetch failed<font color='red'>IS A BROKEN LINK...</font>
Verified - Shelves - https://www.casa39.com/bathroom-accessories/shelves
https://www.casa39.com/bathroom-accessories/shelves - Backend fetch failed<font color='red'>IS A BROKEN LINK...</font>
Verified - Disabled accessories - https://www.casa39.com/bathroom-accessories/disabled-accessories
https://www.casa39.com/bathroom-accessories/disabled-accessories - Backend fetch failed<font color='red'>IS A BROKEN LINK...</font>
Verified - Hotellerie - https://www.casa39.com/bathroom-accessories/hotellerie
Verified - https://www.casa39.com/bathroom-accessories/hotellerie - OK
Verified - Tissue box covers - https://www.casa39.com/bathroom-accessories/tissue-box-covers
Verified - https://www.casa39.com/bathroom-accessories/tissue-box-covers - OK
Verified - Countertop basins - https://www.casa39.com/wash-basins/countertop-basins
Verified - https://www.casa39.com/wash-basins/countertop-basins - OK
Verified - Wallhunging basins - https://www.casa39.com/wash-basins/wall-hung-basin
Verified - https://www.casa39.com/wash-basins/wall-hung-basin - OK
Verified - Washbasins with structure - https://www.casa39.com/wash-basins/washbasins-with-structure
Verified - Freestanding basins - https://www.casa39.com/wash-basins/freestanding-basins
Verified - https://www.casa39.com/wash-basins/freestanding-basins - OK
Verified - Recessed basins - https://www.casa39.com/wash-basins/recessed-basins
Verified - Corner basins - https://www.casa39.com/wash-basins/corner-basins
Verified - https://www.casa39.com/wash-basins/corner-basins - OK
Verified - Wall hung toilets - https://www.casa39.com/toilet/wall-hung-toilet
Verified - https://www.casa39.com/toilet/wall-hung-toilet - OK
Verified - Floor standing back to wall - https://www.casa39.com/toilet/back-to-wall-toilets
Verified - https://www.casa39.com/toilet/back-to-wall-toilets - OK
Verified - Floor standing traditional mounted - https://www.casa39.com/toilet/floor-toilets
Verified - https://www.casa39.com/toilet/floor-toilets - OK
Verified - Rimfree - https://www.casa39.com/toilet/rimless-toilets
Verified - Acrylic - https://www.casa39.com/shower-trays?materiale=764
Verified - Ceramic - https://www.casa39.com/shower-trays?materiale=707
Verified - https://www.casa39.com/shower-trays?materiale=707 - OK
Verified - Customizable and cuttable - https://www.casa39.com/shower-trays/customizable-and-cuttable
Verified - https://www.casa39.com/shower-trays/customizable-and-cuttable - OK
Verified - Washbasin accessories - https://www.casa39.com/wash-basins/washbasin-accessories
Verified - https://www.casa39.com/wash-basins/washbasin-accessories - OK
Verified - Cistern - https://www.casa39.com/toilet/accessories/cistern
Verified - https://www.casa39.com/toilet/accessories/cistern - OK
Verified - Brackets - https://www.casa39.com/toilet/accessories/brackets
Verified - https://www.casa39.com/toilet/accessories/brackets - OK
Verified - Suspended - https://www.casa39.com/furnitures/wall-mounted-furnitures
Verified - https://www.casa39.com/furnitures/wall-mounted-furnitures - OK
Verified - Top - https://www.casa39.com/furnitures/tops
Verified - https://www.casa39.com/furnitures/tops - OK
Verified - Floor standing - https://www.casa39.com/furnitures/floor-standing-furnitures
Verified - https://www.casa39.com/furnitures/floor-standing-furnitures - OK
Verified - Modern - https://www.casa39.com/furnitures?stile=1043
Verified - https://www.casa39.com/furnitures?stile=1043 - OK
Verified - Antique - https://www.casa39.com/furnitures?stile=1046
Verified - https://www.casa39.com/furnitures?stile=1046 - OK
Verified - Retrò - https://www.casa39.com/furnitures?stile=3609
Verified - https://www.casa39.com/furnitures?stile=3609 - OK
Verified - Easy - https://www.casa39.com/furnitures?stile=1040
Verified - https://www.casa39.com/furnitures?stile=1040 - OK
Verified - Up to 70 cm - https://www.casa39.com/furnitures/floor-standing-furnitures/from-61-to-70-cm
Verified - From 80 to 90 cm - https://www.casa39.com/furnitures/floor-standing-furnitures/from-81-to-90-cm
Verified - https://www.casa39.com/furnitures/floor-standing-furnitures/from-81-to-90-cm - OK
Verified - From 100 to 120 cm - https://www.casa39.com/furnitures/floor-standing-furnitures/from-101-to-120-cm
Verified - Over 120 cm - https://www.casa39.com/furnitures/floor-standing-furnitures/from-120-cm-up
Verified - https://www.casa39.com/furnitures/floor-standing-furnitures/from-120-cm-up - OK
Verified - Mirrors - https://www.casa39.com/furnitures/mirrors
Verified - Column cabinets - https://www.casa39.com/furnitures/cabinet
Verified - https://www.casa39.com/furnitures/cabinet - OK
Verified - Panelled bathtubs - https://www.casa39.com/bathtubs/panelled
Verified - https://www.casa39.com/bathtubs/panelled - OK
Verified - Recessed - https://www.casa39.com/bathtubs/recessed
Verified - https://www.casa39.com/bathtubs/recessed - OK
Verified - Freestanding - https://www.casa39.com/bathtubs/freestanding
Verified - https://www.casa39.com/bathtubs/freestanding - OK
Verified - Whirlpool bathtub - https://www.casa39.com/bathtubs/whirlpool
Verified - https://www.casa39.com/bathtubs/whirlpool - OK
Verified - Bathtubs combined with shower - https://www.casa39.com/bathtubs/bathtubs-combined-with-shower
Verified - Epoque - https://www.casa39.com/bathtubs?stile=1046
Verified - https://www.casa39.com/bathtubs?stile=1046 - OK
Verified - Shower panels - https://www.casa39.com/bathtubs
Verified - https://www.casa39.com/bathtubs - OK
Verified - Slidings bathtub panels - https://www.casa39.com/bathtubs
Verified - https://www.casa39.com/bathtubs - OK
Verified - Fixed bathtub panels - https://www.casa39.com/bathtubs
Verified - https://www.casa39.com/bathtubs - OK
Verified - Folding bathtub panels - https://www.casa39.com/bathtubs
Verified - https://www.casa39.com/bathtubs - OK
Verified - Sliding doors - https://www.casa39.com/shower-enclosures/corner-boxes/sliding-doors
Verified - Sliding door with side panel - https://www.casa39.com/shower-enclosures/corner-boxes/fixed-wing-with-sliding-door
Verified - https://www.casa39.com/shower-enclosures/corner-boxes/fixed-wing-with-sliding-door - OK
Verified - Swinging door with side panel - https://www.casa39.com/shower-enclosures/corner-boxes/fixed-wing-with-overhead-door
Verified - https://www.casa39.com/shower-enclosures/corner-boxes/fixed-wing-with-overhead-door - OK
Verified - Folding door and side panel - https://www.casa39.com/shower-enclosures/corner-boxes/fixed-wing-with-book-opening-door
Verified - https://www.casa39.com/shower-enclosures/corner-boxes/fixed-wing-with-book-opening-door - OK
Verified - Double door opening - https://www.casa39.com/shower-enclosures/semicircular/two-doors-opening
Verified - https://www.casa39.com/shower-enclosures/semicircular/two-doors-opening - OK
Verified - Sliding opening - https://www.casa39.com/shower-enclosures/semicircular/sliding-opening
Verified - Single door opening - https://www.casa39.com/shower-enclosures/semicircular/single-door-opening
Verified - https://www.casa39.com/shower-enclosures/semicircular/single-door-opening - OK
Verified - Hinged door - https://www.casa39.com/shower-enclosures/niche/book-opening-door
Verified - https://www.casa39.com/shower-enclosures/niche/book-opening-door - OK
Verified - Folding door - https://www.casa39.com/shower-enclosures/niche/shutter-opening-door
Verified - https://www.casa39.com/shower-enclosures/niche/shutter-opening-door - OK
Verified - Sliding door - https://www.casa39.com/shower-enclosures/niche/sliding-door
Verified - https://www.casa39.com/shower-enclosures/niche/sliding-door - OK
Verified - Fixed bathtub panels - https://www.casa39.com/shower-enclosures/bathscreens/fixed-panel
Verified - Folding bathtub panels - https://www.casa39.com/shower-enclosures/bathscreens/book-opening-panel
Verified - https://www.casa39.com/shower-enclosures/bathscreens/book-opening-panel - OK
Verified - Sliding bathtub panels - https://www.casa39.com/shower-enclosures/bathscreens/sliding-panel
Verified - https://www.casa39.com/shower-enclosures/bathscreens/sliding-panel - OK
Verified - Shower panels - https://www.casa39.com/shower-enclosures/bathscreens/opening-panel
Verified - https://www.casa39.com/shower-enclosures/bathscreens/opening-panel - OK
Verified - ATLAS CONCORDE - https://www.casa39.com/atlas-concorde
Verified - https://www.casa39.com/atlas-concorde - OK
Verified - BISAZZA - https://www.casa39.com/bisazza
Verified - CAESAR - https://www.casa39.com/caesar
Verified - https://www.casa39.com/caesar - OK
Verified - CISA CERAMICHE - https://www.casa39.com/cisa
Verified - EMILCERAMICA - https://www.casa39.com/emilceramica
Verified - https://www.casa39.com/emilceramica - OK
Verified - ITALGRANITI - https://www.casa39.com/italgraniti
Verified - https://www.casa39.com/italgraniti - OK
Verified - FLAVIKER - https://www.casa39.com/flaviker
Verified - https://www.casa39.com/flaviker - OK
Verified - MARAZZI - https://www.casa39.com/marazzi
Verified - https://www.casa39.com/marazzi - OK
Verified - RAGNO - https://www.casa39.com/ragno
Verified - https://www.casa39.com/ragno - OK
Verified - SETTECENTO - https://www.casa39.com/settecento
Verified - https://www.casa39.com/settecento - OK
Verified - SICIS - https://www.casa39.com/sicis
Verified - https://www.casa39.com/sicis - OK
Verified - SUPERGRES - https://www.casa39.com/supergres
Verified - https://www.casa39.com/supergres - OK
Verified - ANTONIO LUPI - https://www.casa39.com/antoniolupi
Verified - https://www.casa39.com/antoniolupi - OK
Verified - BOSSINI - https://www.casa39.com/bossini
Verified - https://www.casa39.com/bossini - OK
Verified - FANTINI - https://www.casa39.com/fantini
Verified - https://www.casa39.com/fantini - OK
Verified - GROHE - https://www.casa39.com/grohe
Verified - https://www.casa39.com/grohe - OK
Verified - POZZI GINORI - https://www.casa39.com/pozzi-ginori
Verified - https://www.casa39.com/pozzi-ginori - OK
Verified - SIMAS - https://www.casa39.com/simas
Verified - https://www.casa39.com/simas - OK
Verified - EFFEGIBI - https://www.casa39.com/effegibi
Verified - https://www.casa39.com/effegibi - OK
Verified - GLASS 1989 - https://www.casa39.com/glass-1989
Verified - https://www.casa39.com/glass-1989 - OK
Verified - NOVELLINI - https://www.casa39.com/novellini
Verified - https://www.casa39.com/novellini - OK
Verified - PROVEX - https://www.casa39.com/provex
Verified - https://www.casa39.com/provex - OK
Verified - RELAX - https://www.casa39.com/relax
Verified - https://www.casa39.com/relax - OK
Verified - ARDECO - https://www.casa39.com/ardeco
Verified - https://www.casa39.com/ardeco - OK
Verified - ARTESI - https://www.casa39.com/artesi
Verified - https://www.casa39.com/artesi - OK
Verified - AZZURRA - https://www.casa39.com/azzurra
Verified - https://www.casa39.com/azzurra - OK
Verified - EBAN - https://www.casa39.com/eban
Verified - https://www.casa39.com/eban - OK
Verified - GEBERIT - https://www.casa39.com/geberit
Verified - https://www.casa39.com/geberit - OK
Verified - KIOS - https://www.casa39.com/kios
STEP - Closing Browser Successfully...
STEP - *** Executed testAllProductSubCategoryLinks test successfully...]]>
  </system-out>
  <testcase name="testSelectProductSubCategory" time="94.347" classname="tests.shopping.TestHomePage"/>
  <system-out>
    <![CDATA[STEP - *** Running test method testSelectProductSubCategory...
STEP - Launch Browser Successfully...
STEP - Navigate to Casa39 English Website Home Page.
STEP - Accepting Cookies...
STEP - Choose and Select Category As FLOOR TILES From Product Categories
STEP - Selecting FLOOR TILES from list...
STEP - Click - Cleansers
Verified - Cleansers - Sub Category Opened Successfully...
STEP - STEP - Clicking CASA39 Logo to Return On Home Page...
STEP - Choose and Select Category As WALL TILES From Product Categories
STEP - Selecting WALL TILES from list...
STEP - Click - Marble effect
Verified - Bathroom Tiles Marble effect - Sub Category Opened Successfully...
STEP - STEP - Clicking CASA39 Logo to Return On Home Page...
STEP - Choose and Select Category As TAPS From Product Categories
STEP - Selecting TAPS from list...
STEP - Click - Waterfall taps
Verified - Waterfall taps - Sub Category Opened Successfully...
STEP - STEP - Clicking CASA39 Logo to Return On Home Page...
STEP - Choose and Select Category As ACCESSORIES From Product Categories
STEP - Selecting ACCESSORIES from list...
STEP - Click - Hooks
Verified - Hooks - Sub Category Opened Successfully...
STEP - STEP - Clicking CASA39 Logo to Return On Home Page...
STEP - Choose and Select Category As SANITARY WARES From Product Categories
STEP - Selecting SANITARY WARES from list...
STEP - Click - Ceramic
Verified - Shower Trays Ceramic - Sub Category Opened Successfully...
STEP - STEP - Clicking CASA39 Logo to Return On Home Page...
STEP - Choose and Select Category As FURNITURE From Product Categories
STEP - Selecting FURNITURE from list...
STEP - Click - Mirrors
Verified - Mirrors - Sub Category Opened Successfully...
STEP - STEP - Clicking CASA39 Logo to Return On Home Page...
STEP - Choose and Select Category As BATHTUBS From Product Categories
STEP - Selecting BATHTUBS from list...
STEP - Click - Recessed
Verified - Bathtubs Recessed - Sub Category Opened Successfully...
STEP - STEP - Clicking CASA39 Logo to Return On Home Page...
STEP - Choose and Select Category As SHOWER ENCLOSURES From Product Categories
STEP - Selecting SHOWER ENCLOSURES from list...
STEP - Click - Single door opening
Verified - Single door opening - Sub Category Opened Successfully...
STEP - STEP - Clicking CASA39 Logo to Return On Home Page...
STEP - Choose and Select Category As BRANDS From Product Categories
STEP - Selecting BRANDS from list...
STEP - Click - RELAX
Verified - Relax - Sub Category Opened Successfully...
STEP - STEP - Clicking CASA39 Logo to Return On Home Page...
STEP - Closing Browser Successfully...
STEP - *** Executed testSelectProductSubCategory test successfully...]]>
  </system-out>
  <testcase name="testSearchProductsFromHomePage" time="39.734" classname="tests.shopping.TestHomePage"/>
  <system-out>
    <![CDATA[STEP - *** Running test method testSearchProductsFromHomePage...
STEP - Launch Browser Successfully...
STEP - Navigate to Casa39 English Website Home Page.
STEP - Accepting Cookies...
STEP - Search for a Not Available Product as ABC
STEP - Set - ABC
Verified - Your search returned no products.
Verified - Search Results is Displayed
Verified - No Search Results Message is Displayed
STEP - STEP - Returning back to Home Page...
STEP - Search for a Available Product as Lineabeta Basket waste bin 5346.29
STEP - Set - Lineabeta Basket waste
Selecting product from suggested item list...
STEP - Click - Lineabeta Basket waste bin 5346.29
Verified - Searched Product is Correctly Displayed
STEP - STEP - Clicking CASA39 Logo to Return On Home Page...
STEP - Closing Browser Successfully...
STEP - *** Executed testSearchProductsFromHomePage test successfully...]]>
  </system-out>
  <testcase name="testOffersForYouSectionLinks" time="37.679" classname="tests.shopping.TestHomePage"/>
  <system-out>
    <![CDATA[STEP - *** Running test method testOffersForYouSectionLinks...
STEP - Launch Browser Successfully...
STEP - Navigate to Casa39 English Website Home Page.
STEP - Accepting Cookies...
STEP - List Offer For You section associated with it's navigation link
Verified - FLOOR TILES - https://www.casa39.com/tiles
Verified - https://www.casa39.com/tiles - OK
Verified - WALL TILES - https://www.casa39.com/wall-tiles
Verified - https://www.casa39.com/wall-tiles - OK
Verified - WELLNESS & SPA - https://www.casa39.com/shower-enclosures
Verified - https://www.casa39.com/shower-enclosures - OK
Verified - FURNITURE - https://www.casa39.com/furniture
Verified - https://www.casa39.com/furniture - OK
Verified - SANITARY WARES - https://www.casa39.com/toilet
Verified - https://www.casa39.com/toilet - OK
Verified - TAPS - https://www.casa39.com/taps
Verified - https://www.casa39.com/taps - OK
Verified - ACCESSORIES - https://www.casa39.com/bathroom-accessories
Verified - https://www.casa39.com/bathroom-accessories - OK
Verified - BRANDS - https://www.casa39.com/brands
Verified - https://www.casa39.com/brands - OK
STEP - Closing Browser Successfully...
STEP - *** Executed testOffersForYouSectionLinks test successfully...]]>
  </system-out>
  <testcase name="testEmailSubscription" time="53.153" classname="tests.shopping.TestHomePage">
    <error type="org.openqa.selenium.NoSuchElementException" message="no such element: Unable to locate element: {&quot;method&quot;:&quot;css selector&quot;,&quot;selector&quot;:&quot;#newsletter\-error&quot;}
  (Session info: headless chrome=92.0.4515.107)
For documentation on this error, please visit: https://www.seleniumhq.org/exceptions/no_such_element.html
Build info: version: &#039;3.141.59&#039;, revision: &#039;e82be7d358&#039;, time: &#039;2018-11-14T08:17:03&#039;
System info: host: &#039;DESKTOP-0KBR3DP&#039;, ip: &#039;192.168.1.101&#039;, os.name: &#039;Windows 10&#039;, os.arch: &#039;amd64&#039;, os.version: &#039;10.0&#039;, java.version: &#039;1.8.0_251&#039;
Driver info: org.openqa.selenium.chrome.ChromeDriver
Capabilities {acceptInsecureCerts: false, browserName: chrome, browserVersion: 92.0.4515.107, chrome: {chromedriverVersion: 91.0.4472.101 (af52a90bf870..., userDataDir: C:\Users\Lenovo\AppData\Loc...}, goog:chromeOptions: {debuggerAddress: localhost:54041}, javascriptEnabled: true, networkConnectionEnabled: false, pageLoadStrategy: normal, platform: WINDOWS, platformName: WINDOWS, proxy: Proxy(), setWindowRect: true, strictFileInteractability: false, timeouts: {implicit: 0, pageLoad: 300000, script: 30000}, unhandledPromptBehavior: dismiss and notify, webauthn:extension:largeBlob: true, webauthn:virtualAuthenticators: true}
Session ID: 5d9d075f2ff5beb4de63dbceb9654373
*** Element info: {Using=id, value=newsletter-error}">
      <![CDATA[org.openqa.selenium.NoSuchElementException: no such element: Unable to locate element: {"method":"css selector","selector":"#newsletter\-error"}
  (Session info: headless chrome=92.0.4515.107)
For documentation on this error, please visit: https://www.seleniumhq.org/exceptions/no_such_element.html
Build info: version: '3.141.59', revision: 'e82be7d358', time: '2018-11-14T08:17:03'
System info: host: 'DESKTOP-0KBR3DP', ip: '192.168.1.101', os.name: 'Windows 10', os.arch: 'amd64', os.version: '10.0', java.version: '1.8.0_251'
Driver info: org.openqa.selenium.chrome.ChromeDriver
Capabilities {acceptInsecureCerts: false, browserName: chrome, browserVersion: 92.0.4515.107, chrome: {chromedriverVersion: 91.0.4472.101 (af52a90bf870..., userDataDir: C:\Users\Lenovo\AppData\Loc...}, goog:chromeOptions: {debuggerAddress: localhost:54041}, javascriptEnabled: true, networkConnectionEnabled: false, pageLoadStrategy: normal, platform: WINDOWS, platformName: WINDOWS, proxy: Proxy(), setWindowRect: true, strictFileInteractability: false, timeouts: {implicit: 0, pageLoad: 300000, script: 30000}, unhandledPromptBehavior: dismiss and notify, webauthn:extension:largeBlob: true, webauthn:virtualAuthenticators: true}
Session ID: 5d9d075f2ff5beb4de63dbceb9654373
*** Element info: {Using=id, value=newsletter-error}
at sun.reflect.NativeConstructorAccessorImpl.newInstance0(Native Method)
at sun.reflect.NativeConstructorAccessorImpl.newInstance(Unknown Source)
at sun.reflect.DelegatingConstructorAccessorImpl.newInstance(Unknown Source)
at java.lang.reflect.Constructor.newInstance(Unknown Source)
at org.openqa.selenium.remote.http.W3CHttpResponseCodec.createException(W3CHttpResponseCodec.java:187)
at org.openqa.selenium.remote.http.W3CHttpResponseCodec.decode(W3CHttpResponseCodec.java:122)
at org.openqa.selenium.remote.http.W3CHttpResponseCodec.decode(W3CHttpResponseCodec.java:49)
at org.openqa.selenium.remote.HttpCommandExecutor.execute(HttpCommandExecutor.java:158)
at org.openqa.selenium.remote.service.DriverCommandExecutor.execute(DriverCommandExecutor.java:83)
at org.openqa.selenium.remote.RemoteWebDriver.execute(RemoteWebDriver.java:552)
at org.openqa.selenium.remote.RemoteWebDriver.findElement(RemoteWebDriver.java:323)
at org.openqa.selenium.remote.RemoteWebDriver.findElementById(RemoteWebDriver.java:372)
at org.openqa.selenium.By$ById.findElement(By.java:188)
at org.openqa.selenium.remote.RemoteWebDriver.findElement(RemoteWebDriver.java:315)
at org.openqa.selenium.support.pagefactory.DefaultElementLocator.findElement(DefaultElementLocator.java:69)
at org.openqa.selenium.support.pagefactory.internal.LocatingElementHandler.invoke(LocatingElementHandler.java:38)
at com.sun.proxy.$Proxy8.isDisplayed(Unknown Source)
at pages.home.HomePage.validateEmailSubscriptionError(HomePage.java:346)
at tests.shopping.TestHomePage.testEmailSubscription(TestHomePage.java:117)
at sun.reflect.NativeMethodAccessorImpl.invoke0(Native Method)
at sun.reflect.NativeMethodAccessorImpl.invoke(Unknown Source)
at sun.reflect.DelegatingMethodAccessorImpl.invoke(Unknown Source)
at java.lang.reflect.Method.invoke(Unknown Source)
at org.testng.internal.MethodInvocationHelper.invokeMethod(MethodInvocationHelper.java:133)
at org.testng.internal.TestInvoker.invokeMethod(TestInvoker.java:598)
at org.testng.internal.TestInvoker.invokeTestMethod(TestInvoker.java:173)
at org.testng.internal.MethodRunner.runInSequence(MethodRunner.java:46)
at org.testng.internal.TestInvoker$MethodInvocationAgent.invoke(TestInvoker.java:824)
at org.testng.internal.TestInvoker.invokeTestMethods(TestInvoker.java:146)
at org.testng.internal.TestMethodWorker.invokeTestMethods(TestMethodWorker.java:146)
at org.testng.internal.TestMethodWorker.run(TestMethodWorker.java:128)
at java.util.ArrayList.forEach(Unknown Source)
at org.testng.TestRunner.privateRun(TestRunner.java:794)
at org.testng.TestRunner.run(TestRunner.java:596)
at org.testng.SuiteRunner.runTest(SuiteRunner.java:377)
at org.testng.SuiteRunner.runSequentially(SuiteRunner.java:371)
at org.testng.SuiteRunner.privateRun(SuiteRunner.java:332)
at org.testng.SuiteRunner.run(SuiteRunner.java:276)
at org.testng.SuiteRunnerWorker.runSuite(SuiteRunnerWorker.java:53)
at org.testng.SuiteRunnerWorker.run(SuiteRunnerWorker.java:96)
at org.testng.TestNG.runSuitesSequentially(TestNG.java:1212)
at org.testng.TestNG.runSuitesLocally(TestNG.java:1134)
at org.testng.TestNG.runSuites(TestNG.java:1063)
at org.testng.TestNG.run(TestNG.java:1031)
at org.testng.remote.AbstractRemoteTestNG.run(AbstractRemoteTestNG.java:115)
at org.testng.remote.RemoteTestNG.initAndRun(RemoteTestNG.java:251)
at org.testng.remote.RemoteTestNG.main(RemoteTestNG.java:77)
]]>
    </error>
  </testcase> <!-- testEmailSubscription -->
  <system-out>
    <![CDATA[STEP - *** Running test method testEmailSubscription...
STEP - Launch Browser Successfully...
STEP - Navigate to Casa39 English Website Home Page.
STEP - Accepting Cookies...
STEP - Subscrition email without entering email.
STEP - Click - SUBSCRIBE
STEP - *** Test execution testEmailSubscription failed...]]>
  </system-out>
  <testcase name="testAllPlatformAvailabilityLinks" time="20.901" classname="tests.shopping.TestHomePage"/>
  <system-out>
    <![CDATA[STEP - *** Running test method testAllPlatformAvailabilityLinks...
STEP - Launch Browser Successfully...
STEP - Navigate to Casa39 English Website Home Page.
STEP - Accepting Cookies...
STEP - List all platforms associated with it's navigation link
Verified - Amazon - https://www.amazon.it/s?me=A1OMJHY09HD69I
Verified - https://www.amazon.it/s?me=A1OMJHY09HD69I - OK
Verified - Ebay - https://www.ebay.it/str/casa39
Verified - https://www.ebay.it/str/casa39 - OK
Verified - Houzz - https://www.houzz.it/pro/info3429/casa39
Verified - https://www.houzz.it/pro/info3429/casa39 - OK
STEP - Closing Browser Successfully...
STEP - *** Executed testAllPlatformAvailabilityLinks test successfully...]]>
  </system-out>
  <testcase name="testAllFooterInformationLinks" time="39.210" classname="tests.shopping.TestHomePage"/>
  <system-out>
    <![CDATA[STEP - *** Running test method testAllFooterInformationLinks...
STEP - Launch Browser Successfully...
STEP - Navigate to Casa39 English Website Home Page.
STEP - Accepting Cookies...
STEP - List all footer information section associated with it's navigation link
Verified - our story - https://www.casa39.com/find-us
Verified - https://www.casa39.com/find-us - OK
Verified - legal information - https://www.casa39.com/legal-information
Verified - https://www.casa39.com/legal-information - OK
Verified - promotions - https://www.casa39.com/offers
Verified - https://www.casa39.com/offers - OK
Verified - terms and conditions - https://www.casa39.com/terms-and-conditions
Verified - https://www.casa39.com/terms-and-conditions - OK
Verified - brands - https://www.casa39.com/brands
Verified - https://www.casa39.com/brands - OK
Verified - shipping - https://www.casa39.com/shipping
Verified - https://www.casa39.com/shipping - OK
Verified - buyer protection - https://www.casa39.com/buyer-protection
Verified - https://www.casa39.com/buyer-protection - OK
Verified - 3D projects - https://www.casa39.com/free-3d-projects
Verified - https://www.casa39.com/free-3d-projects - OK
Verified - quotes - https://www.casa39.com/quotes
Verified - https://www.casa39.com/quotes - OK
Verified - visit us - https://www.casa39.com/visit-us
Verified - https://www.casa39.com/visit-us - OK
Verified - all our services - https://www.casa39.com/all-our-services
Verified - https://www.casa39.com/all-our-services - OK
Verified - login - https://www.casa39.com/#
Verified - https://www.casa39.com/# - OK
Verified - privacy - https://www.casa39.com/privacy-policy
Verified - https://www.casa39.com/privacy-policy - OK
Verified - right of withdrawal - https://www.casa39.com/right-of-withdrawal
Verified - https://www.casa39.com/right-of-withdrawal - OK
Verified - help - https://www.casa39.com/help
Verified - https://www.casa39.com/help - OK
Verified - faq - https://www.casa39.com/faq/
Verified - https://www.casa39.com/faq/ - OK
STEP - Closing Browser Successfully...
STEP - *** Executed testAllFooterInformationLinks test successfully...]]>
  </system-out>
  <testcase name="testUserSelectLanguageCountryAndCurrency" time="53.701" classname="tests.shopping.TestHomePage"/>
  <system-out>
    <![CDATA[STEP - *** Running test method testUserSelectLanguageCountryAndCurrency...
STEP - Launch Browser Successfully...
STEP - Navigate to Casa39 English Website Home Page.
STEP - Accepting Cookies...
STEP - Choose other language
STEP - Click - English
STEP - Selecting Italiano from list...
STEP - Click - Italiano
Verified - Italiano Language Selected Successfully
STEP - Click - Accetto!
STEP - Reset Language
STEP - Click - Italiano
STEP - Selecting English from list...
STEP - Click - English
Verified - English Language Selected Successfully
STEP - Choose other Country
STEP - Click - India
STEP - Selecting Algeria from list...
STEP - Click - Algeria
Verified - Algeria Country Selected Successfully
STEP - Choose other Currency
STEP - Click - Euro
STEP - Selecting Us Dollar from list...
STEP - Click - Us Dollar
Verified - Us Dollar Currency Selected Successfully
STEP - Reset Currency
STEP - Click - Us Dollar
STEP - Selecting Euro from list...
STEP - Click - Euro
Verified - Euro Currency Selected Successfully
STEP - Closing Browser Successfully...
STEP - *** Executed testUserSelectLanguageCountryAndCurrency test successfully...]]>
  </system-out>
</testsuite> <!-- tests.shopping.TestHomePage -->
