<?xml version="1.0" encoding="UTF-8"?>
<!-- Generated by org.testng.reporters.JUnitReportReporter -->
<testsuite skipped="0" hostname="DESKTOP-0KBR3DP" name="tests.shopping.TestUserProfile" tests="3" failures="0" timestamp="2021-08-24T16:57:47 IST" time="587.954" errors="0">
  <testcase name="testAutomationSetUpForCasa39English" time="15.003" classname="tests.shopping.TestUserProfile"/>
  <system-out>
    <![CDATA[STEP - *** Running test method testAutomationSetUpForCasa39English...
STEP - Check connection to Casa39 English Website...
STEP - Launch Browser Successfully...
STEP - Navigate to Casa39 English Website Home Page.
STEP - Accepting Cookies...
Verified - Connection Established Successfully...
STEP - Closing Browser Successfully...
STEP - *** Executed testAutomationSetUpForCasa39English test successfully...]]>
  </system-out>
  <testcase name="testMyAccountSection" time="37.768" classname="tests.shopping.TestUserProfile"/>
  <system-out>
    <![CDATA[STEP - *** Running test method testMyAccountSection...
STEP - Launch Browser Successfully...
STEP - Navigate to Casa39 English Website Home Page.
STEP - Accepting Cookies...
STEP - Log In with Valid username and Password
STEP - Click - SIGN IN
STEP - Click - Login
STEP - Go to My Account Section
STEP - Click - MY ACCOUNT
Verified - My Account Page is Displayed
STEP - Validate Account Information
Verified - User Name as 'Ajay Sikarwar' is Correct
Verified - User Email Id as 'ajay@xhtmljunkies.com' is Correct
Verified - You are subscribed to "General Subscription".
STEP - Go to My Account Section
STEP - Click - MY ACCOUNT
Verified - My Account Page is Displayed
STEP - Click - View Order
Verified - Order Id as #3000036324 is Displayed
STEP - Validate Order Details
Verified - Emilceramica Be-Square Sand 80x80 cm 80KC3R ECXH is Displayed
Verified - Ragno Woodtale Miele 30x120 cm R4TH is Displayed
Verified - Emilceramica Be-Square Sand 80x80 cm 80KC3R ECXH Box Quantity is Displayed
Verified - Ragno Woodtale Miele 30x120 cm R4TH Box Quantity is Displayed
Verified - Emilceramica Be-Square Sand 80x80 cm 80KC3R ECXH Box Price is Displayed
Verified - Ragno Woodtale Miele 30x120 cm R4TH Box Price is Displayed
Verified - Emilceramica Be-Square Sand 80x80 cm 80KC3R ECXH SKU is Displayed
Verified - Ragno Woodtale Miele 30x120 cm R4TH SKU is Displayed
Verified - Emilceramica Be-Square Sand 80x80 cm 80KC3R ECXH Price is Displayed
Verified - Ragno Woodtale Miele 30x120 cm R4TH Price is Displayed
Verified - Emilceramica Be-Square Sand 80x80 cm 80KC3R ECXH Subtotal Price is Displayed
Verified - Ragno Woodtale Miele 30x120 cm R4TH Subtotal Price is Displayed
Verified - Emilceramica Be-Square Sand 80x80 cm 80KC3R ECXH Canceled Quantity is Displayed
Verified - Ragno Woodtale Miele 30x120 cm R4TH Canceled Quantity is Displayed
Verified - €476.91 Subtotal is Displayed
Verified - €50.00 Shipping & Handling Charges is Displayed
Verified - €431.88 Grand Total Excludinng Tax is Displayed
Verified - €95.03 Tax is Displayed
Verified - €526.91 Grand Final Total is Displayed
STEP - STEP - Clicking CASA39 Logo to Return On Home Page...
STEP - Click - SIGN OUT
STEP - Closing Browser Successfully...
STEP - *** Executed testMyAccountSection test successfully...]]>
  </system-out>
  <testcase name="testLoggedInUserMyAccountSection" time="535.183" classname="tests.shopping.TestUserProfile"/>
  <system-out>
    <![CDATA[STEP - *** Running test method testLoggedInUserMyAccountSection...
STEP - Launch Browser Successfully...
STEP - Navigate to Casa39 English Website Home Page.
STEP - Accepting Cookies...
STEP - Log In with Valid username and Password
STEP - Click - SIGN IN
STEP - Click - Login
STEP - Go to My Account Section
STEP - Click - MY ACCOUNT
Verified - My Account Page is Displayed
STEP - Validate Account Information
Verified - User Name as 'Ajay Sikarwar' is Correct
Verified - User Email Id as 'ajay@xhtmljunkies.com' is Correct
Verified - You are subscribed to "General Subscription".
STEP - Validate Address Book
Verified - Billing Address is Correct
Verified - Shipping Address is Correct
STEP - Go to My orders
STEP - Click Link As - My orders
Verified - My orders Section is Displayed
STEP - Validate Order Details
Verified - Order ID as '000026948' Displayed correctly
Verified - Order Date as '9/28/20' Displayed correctly
Verified - Order Total as '€279.00' Displayed correctly
Verified - Order ID as 'Canceled' Displayed correctly
Verified - Order ID as '000027299' Displayed correctly
Verified - Order Date as '1/19/21' Displayed correctly
Verified - Order Total as '€169.00' Displayed correctly
Verified - Order ID as 'Canceled' Displayed correctly
Verified - Order ID as '000026914' Displayed correctly
Verified - Order Date as '9/21/20' Displayed correctly
Verified - Order Total as '€518.00' Displayed correctly
Verified - Order ID as 'Canceled' Displayed correctly
Verified - Order ID as '000027677' Displayed correctly
Verified - Order Date as '5/24/21' Displayed correctly
Verified - Order Total as '€727.16' Displayed correctly
Verified - Order ID as 'Canceled' Displayed correctly
Verified - Order ID as '3000036324' Displayed correctly
Verified - Order Date as '5/19/21' Displayed correctly
Verified - Order Total as '€526.91' Displayed correctly
Verified - Order ID as 'Canceled' Displayed correctly
STEP - Go to Addresses
STEP - Click Link As - Addresses
Verified - Addresses Section is Displayed
STEP - Validate Additional Address Book
Verified - First Name as 'Ajay' Displayed correctly
Verified - Last Name as 'Sikarwar' Displayed correctly
Verified - street Address as '7242 Atlantic Street' Displayed correctly
Verified - City as 'check' Displayed correctly
Verified - Country as 'Italy' Displayed correctly
Verified - Country as '' Displayed correctly
Verified - Zip/Postal code as '73057' Displayed correctly
Verified - Phone as '9033855585' Displayed correctly
Verified - First Name as 'Ajay' Displayed correctly
Verified - Last Name as 'Sikarwar' Displayed correctly
Verified - street Address as 'farrari' Displayed correctly
Verified - City as 'check' Displayed correctly
Verified - Country as 'Italy' Displayed correctly
Verified - Country as '' Displayed correctly
Verified - Zip/Postal code as '73057' Displayed correctly
Verified - Phone as '9033855585' Displayed correctly
STEP - Go to Account information
STEP - Click Link As - Account information
Verified - Account information Section is Displayed
STEP - Go to Newsletter
STEP - Click Link As - Newsletter
Verified - Newsletter Section is Displayed
STEP - Go to My quotes
STEP - Click Link As - My quotes
Verified - My quotes Section is Displayed
STEP - Validate My Quotes Details
Verified - Order ID as '1000459434' Displayed correctly
Verified - Order Date as '5/19/21' Displayed correctly
Verified - Order Total as '€727.16' Displayed correctly
Verified - Order ID as 'Complete' Displayed correctly
Verified - Order ID as '2000455214' Displayed correctly
Verified - Order Date as '5/4/21' Displayed correctly
Verified - Order Total as '€32.29' Displayed correctly
Verified - Order ID as 'Pending' Displayed correctly
Verified - Order ID as '1000455205' Displayed correctly
Verified - Order Date as '5/4/21' Displayed correctly
Verified - Order Total as '€104.28' Displayed correctly
Verified - Order ID as 'Pending' Displayed correctly
Verified - Order ID as '9000446208' Displayed correctly
Verified - Order Date as '4/6/21' Displayed correctly
Verified - Order Total as '€0.00' Displayed correctly
Verified - Order ID as 'Pending' Displayed correctly
Verified - Order ID as '2000424146' Displayed correctly
Verified - Order Date as '1/27/21' Displayed correctly
Verified - Order Total as '€613.55' Displayed correctly
Verified - Order ID as 'Pending' Displayed correctly
STEP - STEP - Clicking CASA39 Logo to Return On Home Page...
STEP - Click - SIGN OUT
STEP - Closing Browser Successfully...
STEP - *** Executed testLoggedInUserMyAccountSection test successfully...]]>
  </system-out>
</testsuite> <!-- tests.shopping.TestUserProfile -->
