<?xml version="1.0" encoding="UTF-8"?>
<!-- Generated by org.testng.reporters.JUnitReportReporter -->
<testsuite skipped="0" hostname="DESKTOP-0KBR3DP" name="tests.shopping.TestProductShopping" tests="3" failures="1" timestamp="2021-07-26T14:29:16 IST" time="247.417" errors="0">
  <testcase name="testProductAddToQuote" time="93.287" classname="tests.shopping.TestProductShopping"/>
  <system-out>
    <![CDATA[STEP - Launch Browser Successfully...
STEP - Navigate to Casa39 English Website Home Page.
STEP - Accepting Cookies...
STEP - Search for a Available Product as Lineabeta Duemila hook 5507.29
Selecting product from suggested item list...
Click - Lineabeta Duemila hook 5507.29
Verified - Lineabeta Duemila hook 5507.29 as Searched Product is Correctly Displayed
STEP - Add to Quote
Click - Add to Quote
Verified - Lineabeta Duemila hook 5507.29
Verified - has been added to your cart
STEP - Navigate to Cart Quotes Page
Click - Quote Cart
Verified - Cart Quotes Page is Displayed
STEP - Update Quote
Set - 10
Click - 
STEP - Enter User Details to Request Quote
Set - email_0726142648251@test.com
Set - FirstName_0726142648504
Set - LastName_0726142648629
Set - 123456
Set - Remarks
Click - Request quote
Verified - Your quote request has been received!
STEP - Clicking CASA39 Logo to Return On Home Page...
Click - 
STEP - Closing Browser Successfully...]]>
  </system-out>
  <testcase name="testProductAddToQuote" time="61.444" classname="tests.shopping.TestProductShopping">
    <failure type="java.lang.AssertionError" message="expected [true] but found [false]">
      <![CDATA[java.lang.AssertionError: expected [true] but found [false]
at org.testng.Assert.fail(Assert.java:99)
at org.testng.Assert.failNotEquals(Assert.java:1037)
at org.testng.Assert.assertTrue(Assert.java:45)
at utils.AssertUtil.assertTrue(AssertUtil.java:10)
at tests.shopping.TestProductShopping.testProductAddToQuote(TestProductShopping.java:190)
at sun.reflect.NativeMethodAccessorImpl.invoke0(Native Method)
at sun.reflect.NativeMethodAccessorImpl.invoke(Unknown Source)
at sun.reflect.DelegatingMethodAccessorImpl.invoke(Unknown Source)
at java.lang.reflect.Method.invoke(Unknown Source)
at org.testng.internal.MethodInvocationHelper.invokeMethod(MethodInvocationHelper.java:133)
at org.testng.internal.TestInvoker.invokeMethod(TestInvoker.java:598)
at org.testng.internal.TestInvoker.invokeTestMethod(TestInvoker.java:173)
at org.testng.internal.MethodRunner.runInSequence(MethodRunner.java:46)
at org.testng.internal.TestInvoker$MethodInvocationAgent.invoke(TestInvoker.java:824)
at org.testng.internal.TestInvoker.invokeTestMethods(TestInvoker.java:146)
at org.testng.internal.TestMethodWorker.invokeTestMethods(TestMethodWorker.java:146)
at org.testng.internal.TestMethodWorker.run(TestMethodWorker.java:128)
at java.util.ArrayList.forEach(Unknown Source)
at org.testng.TestRunner.privateRun(TestRunner.java:794)
at org.testng.TestRunner.run(TestRunner.java:596)
at org.testng.SuiteRunner.runTest(SuiteRunner.java:377)
at org.testng.SuiteRunner.runSequentially(SuiteRunner.java:371)
at org.testng.SuiteRunner.privateRun(SuiteRunner.java:332)
at org.testng.SuiteRunner.run(SuiteRunner.java:276)
at org.testng.SuiteRunnerWorker.runSuite(SuiteRunnerWorker.java:53)
at org.testng.SuiteRunnerWorker.run(SuiteRunnerWorker.java:96)
at org.testng.TestNG.runSuitesSequentially(TestNG.java:1212)
at org.testng.TestNG.runSuitesLocally(TestNG.java:1134)
at org.testng.TestNG.runSuites(TestNG.java:1063)
at org.testng.TestNG.run(TestNG.java:1031)
at org.testng.remote.AbstractRemoteTestNG.run(AbstractRemoteTestNG.java:115)
at org.testng.remote.RemoteTestNG.initAndRun(RemoteTestNG.java:251)
at org.testng.remote.RemoteTestNG.main(RemoteTestNG.java:77)
]]>
    </failure>
  </testcase> <!-- testProductAddToQuote -->
  <system-out>
    <![CDATA[STEP - Launch Browser Successfully...
STEP - Navigate to Casa39 English Website Home Page.
STEP - Accepting Cookies...
STEP - Search for a Available Product as Lineabeta Duemila hook 5507.29
Selecting product from suggested item list...
Click - Lineabeta Duemila hook 5507.29
Verified - Lineabeta Duemila hook 5507.29 as Searched Product is Correctly Displayed
STEP - Add to Quote
Click - Add to Quote
Verified - Lineabeta Duemila hook 5507.29
Verified - has been added to your cart
STEP - Navigate to Cart Quotes Page
Click - Quote Cart
Verified - Cart Quotes Page is Displayed
STEP - Update Quote
Set - 10
Click - 
STEP - Enter User Details to Request Quote
Set - email_0726142559357@test.com
Set - FirstName_0726142559600
Set - LastName_0726142559741
Set - 123456
Set - Remarks
Click - Request quote
Verified - Your quote request has been received!]]>
  </system-out>
  <testcase name="testProductAddToQuote" time="92.686" classname="tests.shopping.TestProductShopping"/>
  <system-out>
    <![CDATA[STEP - Launch Browser Successfully...
STEP - Navigate to Casa39 English Website Home Page.
STEP - Accepting Cookies...
STEP - Search for a Available Product as Lineabeta Duemila hook 5507.29
Selecting product from suggested item list...
Click - Lineabeta Duemila hook 5507.29
Verified - Lineabeta Duemila hook 5507.29 as Searched Product is Correctly Displayed
STEP - Add to Quote
Click - Add to Quote
Verified - Lineabeta Duemila hook 5507.29
Verified - has been added to your cart
STEP - Navigate to Cart Quotes Page
Click - Quote Cart
Verified - Cart Quotes Page is Displayed
STEP - Update Quote
Set - 10
Click - 
STEP - Enter User Details to Request Quote
Set - email_0726142822305@test.com
Set - FirstName_0726142822540
Set - LastName_0726142822664
Set - 123456
Set - Remarks
Click - Request quote
Verified - Your quote request has been received!
STEP - Clicking CASA39 Logo to Return On Home Page...
Click - 
STEP - Closing Browser Successfully...]]>
  </system-out>
</testsuite> <!-- tests.shopping.TestProductShopping -->
