<?xml version="1.0" encoding="UTF-8"?>
<!-- Generated by org.testng.reporters.JUnitReportReporter -->
<testsuite skipped="0" hostname="DESKTOP-0KBR3DP" name="tests.home.TestHomePage" tests="4" failures="0" timestamp="2021-07-20T16:44:51 IST" time="210.944" errors="0">
  <testcase name="testHomePageInformationLinks" time="99.224" classname="tests.home.TestHomePage"/>
  <system-out>
    <![CDATA[STEP - Launch Browser Successfully...
STEP - Navigate to Casa39 English Website Home Page.
STEP - Accepting Cookies...
STEP - Go to Our story
Click - ourstory
Verified - Our story Page is Displayed.
Verified - Our story Content is Displayed
STEP - Clicking CASA39 Logo to Return On Home Page...
Click - 
STEP - Go to Legal Information
Click - legalinformation
Verified - LEGAL INFORMATION Page is Displayed.
Verified - LEGAL INFORMATION Content is Displayed
STEP - Clicking CASA39 Logo to Return On Home Page...
Click - 
STEP - Go to Promotions
Click - promotions
Verified - Sale Page is Displayed.
STEP - Clicking CASA39 Logo to Return On Home Page...
Click - 
STEP - Go to Terms and Conditions
Click - termsandconditions
Verified - TERMS AND CONDITIONS Page is Displayed.
Verified - TERMS AND CONDITIONS Content is Displayed
STEP - Clicking CASA39 Logo to Return On Home Page...
Click - 
STEP - Go to Brands
Click - brands
Verified - OUR BRANDS Page is Displayed.
STEP - Clicking CASA39 Logo to Return On Home Page...
Click - 
STEP - Go to SHIPPING
Click - shipping
Verified - SHIPPING Page is Displayed.
STEP - Clicking CASA39 Logo to Return On Home Page...
Click - 
STEP - Go to BUYER PROTECTION
Click - buyerprotection
Verified - BUYER PROTECTION Page is Displayed.
STEP - Clicking CASA39 Logo to Return On Home Page...
Click - 
STEP - Go to 3D projects
Click - 3Dprojects
Verified - FREE 3D PROJECTS Page is Displayed.
STEP - Clicking CASA39 Logo to Return On Home Page...
Click - 
STEP - Go to Quotes
Click - quotes
Verified - QUOTES Page is Displayed.
STEP - Clicking CASA39 Logo to Return On Home Page...
Click - 
STEP - Go to VISIT US
Click - allourservices
Verified - ALL OUR SERVICES Page is Displayed.
STEP - Clicking CASA39 Logo to Return On Home Page...
Click - 
STEP - Closing Browser Successfully...]]>
  </system-out>
  <testcase name="testSearchProductsFromHomePage" time="29.434" classname="tests.home.TestHomePage"/>
  <system-out>
    <![CDATA[STEP - Launch Browser Successfully...
STEP - Navigate to Casa39 English Website Home Page.
STEP - Accepting Cookies...
STEP - Search for a Not Available Product as ABC
Verified - Your search returned no products.
Verified - Search Results is Displayed
Verified - No Search Results Message is Displayed
NEXT STEP - Returning back to Home Page...
Click - HOME
STEP - Search for a Available Product as Lineabeta Basket waste bin 5346.29
Selecting product from suggested item list...
Click - LineabetaBasketwastebin5346.29
Verified - Searched Product is Correctly Displayed
STEP - Clicking CASA39 Logo to Return On Home Page...
Click - 
STEP - Closing Browser Successfully...]]>
  </system-out>
  <testcase name="testSignInAuthenticatedUser" time="39.716" classname="tests.home.TestHomePage"/>
  <system-out>
    <![CDATA[STEP - Launch Browser Successfully...
STEP - Navigate to Casa39 English Website Home Page.
STEP - Accepting Cookies...
STEP - Go to Customer Log In Page and Validate Authenicated User Log In.
Click - SIGNIN
STEP - Click Sign In without setting username and Password
Click - Login
Verified - Email is required
Verified - Password is required
Click - 
STEP - Log In with Invalid username and Password
Click - SIGNIN
Click - Login
Verified - Please enter a valid email address (Ex: johndoe@domain.com).
Verified - Please enter 6 or more characters. Leading and trailing spaces will be ignored.
Click - 
STEP - Log In with Valid username and Password
Click - SIGNIN
Click - Login
STEP - Closing Browser Successfully...]]>
  </system-out>
  <testcase name="testEmailSubscription" time="42.570" classname="tests.home.TestHomePage"/>
  <system-out>
    <![CDATA[STEP - Launch Browser Successfully...
STEP - Navigate to Casa39 English Website Home Page.
STEP - Accepting Cookies...
STEP - Subscrition email without entering email.
Click - SUBSCRIBE
Verified - Email Required error Message is Displayed
STEP - Subscrition email by entering existing email.
Click - SUBSCRIBE
Verified - Error Message is Displayed
STEP - Subscrition email by entering new email.
Click - SUBSCRIBE
Verified - Success Message is Displayed
STEP - Closing Browser Successfully...]]>
  </system-out>
</testsuite> <!-- tests.home.TestHomePage -->
