<?xml version="1.0" encoding="UTF-8"?>
<!-- Generated by org.testng.reporters.JUnitReportReporter -->
<testsuite skipped="0" hostname="DESKTOP-0KBR3DP" name="tests.home.TestHomePage" tests="11" failures="0" timestamp="2021-07-27T16:57:32 IST" time="905.393" errors="1">
  <testcase name="testWhyChooseUsSection" time="58.663" classname="tests.home.TestHomePage"/>
  <system-out>
    <![CDATA[STEP - Launch Browser Successfully...
STEP - Navigate to Casa39 English Website Home Page.
STEP - Accepting Cookies...
STEP - Validate Samples Section
Click - SAMPLES
Ask for a sample of your selected tiles to be sure of your choice.
Verified - SAMPLES SERVICE section is Displayed
Verified - SAMPLES SERVICE content is Displayed
NEXT STEP - Returning back to Home Page...
Click - HOME
STEP - Validate Best Price Guaranteed Section
Click - √ BEST PRICE GUARANTEE √
Verified - BEST PRICE GUARANTEE section is Displayed
Verified - BEST PRICE GUARANTEE content is Displayed
NEXT STEP - Returning back to Home Page...
Click - HOME
STEP - Validate BUYER PROTECTION Section
Click - BUYER PROTECTION
Buy safely by choosing the protection which suites your needs best.
Verified - BUYER PROTECTION section is Displayed
Verified - BUYER PROTECTION content is Displayed
NEXT STEP - Returning back to Home Page...
Click - HOME
STEP - Validate QUOTES Section
Click - QUOTES
Many prices are imposed by the producers. Ask for a quote and receive special discounts.
Verified - QUOTES section is Displayed
Verified - QUOTES content is Displayed
NEXT STEP - Returning back to Home Page...
Click - HOME
STEP - Closing Browser Successfully...]]>
  </system-out>
  <testcase name="testAllProductSubCategoryLinks" time="20.876" classname="tests.home.TestHomePage"/>
  <system-out>
    <![CDATA[STEP - Launch Browser Successfully...
STEP - Navigate to Casa39 English Website Home Page.
STEP - Accepting Cookies...
STEP - List all subcategories associated with it's navigation link
STEP - wood effect - https://www.casa39.com/tiles/wood-effect
STEP - cement effect - https://www.casa39.com/tiles/concrete-effect
STEP - resin effect - https://www.casa39.com/tiles/resin-effect
STEP - marble effect - https://www.casa39.com/tiles/marble-effect
STEP - metal effect - https://www.casa39.com/tiles/metal-effect
STEP - cotto effect - https://www.casa39.com/tiles/terracotta-effect
STEP - stone effect - https://www.casa39.com/tiles/stone-effect
STEP - stone effect - https://www.casa39.com/outdoor-floor-tiles/stone-effect
STEP - cotto effect - https://www.casa39.com/outdoor-floor-tiles/cotto-effect
STEP - marble effect - https://www.casa39.com/outdoor-floor-tiles/marble-effect
STEP - wood effect - https://www.casa39.com/outdoor-floor-tiles/wood-effect
STEP - cement effect - https://www.casa39.com/outdoor-floor-tiles/concrete-effect
STEP - sand effect - https://www.casa39.com/outdoor-floor-tiles/sand-effect
STEP - resin effect - https://www.casa39.com/outdoor-floor-tiles/resin-effect
STEP - wood effect - https://www.casa39.com/2-cm-thickness/wood-effect
STEP - marble effect - https://www.casa39.com/2-cm-thickness/marble-effect
STEP - stone effect - https://www.casa39.com/2-cm-thickness/stone-effect
STEP - cement effect - https://www.casa39.com/2-cm-thickness/cement-effect
STEP - cotto effect - https://www.casa39.com/2-cm-thickness/cotto-effect
STEP - resin effect - https://www.casa39.com/2-cm-thickness/resin-effect
STEP - metal effect - https://www.casa39.com/2-cm-thickness/metal-effect
STEP - Preparation and screeds - https://www.casa39.com/tiles-laying-materials/preparation-and-screeds
STEP - Adhesives - https://www.casa39.com/tiles-laying-materials/adhesives
STEP - Sealants - https://www.casa39.com/tiles-laying-materials/sealants
STEP - Cleansers - https://www.casa39.com/tiles-laying-materials/cleansers
STEP - encaustic effect - https://www.casa39.com/wall-tiles/bathroom-tiles/encaustic-effect
STEP - wood effect - https://www.casa39.com/wall-tiles/bathroom-tiles/wood-effect
STEP - brick effect - https://www.casa39.com/wall-tiles/bathroom-tiles/brick-effect
STEP - stone effect - https://www.casa39.com/wall-tiles/bathroom-tiles/stone-effect
STEP - marble effect - https://www.casa39.com/wall-tiles/bathroom-tiles/marble-effect
STEP - cement effect - https://www.casa39.com/wall-tiles/bathroom-tiles/concrete-effect
STEP - wall effect - https://www.casa39.com/wall-tiles/bathroom-tiles/wall-effect
STEP - patchwork effect - https://www.casa39.com/wall-tiles/bathroom-tiles/patchwork-effect
STEP - cement effect - https://www.casa39.com/wall-tiles/kitchen-tiles/concrete-effect
STEP - stone effect - https://www.casa39.com/wall-tiles/kitchen-tiles/stone-effect
STEP - wood effect - https://www.casa39.com/wall-tiles/kitchen-tiles/wood-effect
STEP - marble effect - https://www.casa39.com/wall-tiles/kitchen-tiles/marble-effect
STEP - brick effect - https://www.casa39.com/wall-tiles/kitchen-tiles/brick-effect
STEP - wall effect - https://www.casa39.com/wall-tiles/kitchen-tiles/wall-effect
STEP - encaustic effect - https://www.casa39.com/wall-tiles/kitchen-tiles/encaustic-effect
STEP - patchwork effect - https://www.casa39.com/wall-tiles/kitchen-tiles/patchwork-effect
STEP - stone effect - https://www.casa39.com/wall-tiles/indoor-covering/stone-effect
STEP - wood effect - https://www.casa39.com/wall-tiles/indoor-covering/patchwork-effect
STEP - marble effect - https://www.casa39.com/wall-tiles/indoor-covering/marble-effect
STEP - cement effect - https://www.casa39.com/wall-tiles/indoor-covering/concrete-effect
STEP - large wall tiles - https://www.casa39.com/wall-tiles/indoor-covering/large-wall-tiles
STEP - brick effect - https://www.casa39.com/wall-tiles/indoor-covering/brick-effect
STEP - encaustic effect - https://www.casa39.com/wall-tiles/indoor-covering/encaustic-effect
STEP - patchwork effect - https://www.casa39.com/wall-tiles/indoor-covering/patchwork-effect
STEP - stone effect - https://www.casa39.com/outdoor-floor-tiles/stone-effect
STEP - cotto effect - https://www.casa39.com/outdoor-floor-tiles/terracotta-effect
STEP - marble effect - https://www.casa39.com/outdoor-floor-tiles/marble-effect
STEP - wood effect - https://www.casa39.com/outdoor-floor-tiles/wood-effect
STEP - cement effect - https://www.casa39.com/outdoor-floor-tiles/concrete-effect
STEP - pocelain stoneware - https://www.casa39.com/
STEP - glass 1989 - https://www.casa39.com/glass-1989
STEP - bisazza - https://www.casa39.com/bisazza
STEP - sicis - https://www.casa39.com/sicis
STEP - Basin mixer taps - https://www.casa39.com/taps/basin-mixer-taps
STEP - 2 handle basin mixer taps - https://www.casa39.com/taps/2-handle-basin-mixer-taps
STEP - 3 holes basin taps - https://www.casa39.com/taps/3-holes-basin-taps
STEP - Wall mounted taps - https://www.casa39.com/taps/wall-mounted-taps
STEP - Waterfall taps - https://www.casa39.com/taps/waterfall-taps
STEP - Sensor taps - https://www.casa39.com/taps/sensor-taps
STEP - Freestanding mixers - https://www.casa39.com/taps/freestanding-mixers
STEP - Showerheads - https://www.casa39.com/taps/shower-heads
STEP - Concealed showerheads - https://www.casa39.com/taps/concealed-shower-heads
STEP - Shower column - https://www.casa39.com/taps/shower-column
STEP - Shower slide bar - https://www.casa39.com/taps/shower-slide-bar
STEP - Thermostatic shower - https://www.casa39.com/taps/thermostatic-shower
STEP - Concealed shower mixer - https://www.casa39.com/taps/concealed-shower-sets
STEP - Shower mixer taps - https://www.casa39.com/taps/shower-mixer-taps
STEP - Deck mounted taps - https://www.casa39.com/taps/deck-mounted-bath-shower-mixer
STEP - Floor standing taps - https://www.casa39.com/taps/free-standing-bath-spout-with-mixer
STEP - Wall mounted taps - https://www.casa39.com/taps/wall-mounted-bath-shower-mixer
STEP - Thermostatic taps - https://www.casa39.com/taps/thermostatic-bath-shower-mixer
STEP - Bath taps - https://www.casa39.com/taps/bath-taps
STEP - Waterfall bath taps - https://www.casa39.com/taps/waterfall-bath-taps
STEP - Mixers - https://www.casa39.com/kitchen-taps/kitchen-mixer-taps
STEP - With pullout spray - https://www.casa39.com/kitchen-taps/pull-out-kitchen-taps
STEP - Wall mounted taps - https://www.casa39.com/kitchen-taps/wall-mounted-kitchen-taps
STEP - Under window taps - https://www.casa39.com/kitchen-taps/under-window-kitchen-taps
STEP - Toothbrush holder - https://www.casa39.com/bathroom-accessories/toothbrush-holder
STEP - Soap dispensers - https://www.casa39.com/bathroom-accessories/soap-dispensers
STEP - Soap holders - https://www.casa39.com/bathroom-accessories/soap-holders
STEP - Towel holder - https://www.casa39.com/bathroom-accessories/towel-holders
STEP - Organizers - https://www.casa39.com/bathroom-accessories/organizers
STEP - Laundry baskets - https://www.casa39.com/bathroom-accessories/laundry-baskets
STEP - Shower curtains - https://www.casa39.com/bathroom-accessories/shower-curtains
STEP - Hooks - https://www.casa39.com/bathroom-accessories/hooks
STEP - Shower platforms - https://www.casa39.com/bathroom-accessories/shower-platforms
STEP - Bath accessories - https://www.casa39.com/bathroom-accessories/bath-accessories
STEP - Free standing toilet roll holder - https://www.casa39.com/bathroom-accessories/free-standing-toilet-roll-holder
STEP - Toilet brush holders - https://www.casa39.com/bathroom-accessories/toilet-brush-holders
STEP - Waste bins - https://www.casa39.com/bathroom-accessories/waste-bins
STEP - Toilet seats - https://www.casa39.com/bathroom-accessories/toilet-seats
STEP - Toilet paper holder - https://www.casa39.com/bathroom-accessories/toilet-paper-holder
STEP - Towel holders for bidet - https://www.casa39.com/bathroom-accessories/towel-holders-for-bidet
STEP - Stools - https://www.casa39.com/bathroom-accessories/stools
STEP - Hair dryers - https://www.casa39.com/bathroom-accessories/hair-dryers
STEP - Magnifying mirrors - https://www.casa39.com/bathroom-accessories/magnifying-mirrors
STEP - Shelves - https://www.casa39.com/bathroom-accessories/shelves
STEP - Disabled accessories - https://www.casa39.com/bathroom-accessories/disabled-accessories
STEP - Hotellerie - https://www.casa39.com/bathroom-accessories/hotellerie
STEP - Tissue box covers - https://www.casa39.com/bathroom-accessories/tissue-box-covers
STEP - Countertop basins - https://www.casa39.com/wash-basins/countertop-basins
STEP - Wallhunging basins - https://www.casa39.com/wash-basins/wall-hung-basin
STEP - Washbasins with structure - https://www.casa39.com/wash-basins/washbasins-with-structure
STEP - Freestanding basins - https://www.casa39.com/wash-basins/freestanding-basins
STEP - Recessed basins - https://www.casa39.com/wash-basins/recessed-basins
STEP - Corner basins - https://www.casa39.com/wash-basins/corner-basins
STEP - Wall hung toilets - https://www.casa39.com/toilet/wall-hung-toilet
STEP - Floor standing back to wall - https://www.casa39.com/toilet/back-to-wall-toilets
STEP - Floor standing traditional mounted - https://www.casa39.com/toilet/floor-toilets
STEP - Rimfree - https://www.casa39.com/toilet/rimless-toilets
STEP - Acrylic - https://www.casa39.com/shower-trays?materiale=764
STEP - Ceramic - https://www.casa39.com/shower-trays?materiale=707
STEP - Customizable and cuttable - https://www.casa39.com/shower-trays/customizable-and-cuttable
STEP - Washbasin accessories - https://www.casa39.com/wash-basins/washbasin-accessories
STEP - Cistern - https://www.casa39.com/toilet/accessories/cistern
STEP - Brackets - https://www.casa39.com/toilet/accessories/brackets
STEP - Suspended - https://www.casa39.com/furnitures/wall-mounted-furnitures
STEP - Top - https://www.casa39.com/furnitures/tops
STEP - Floor standing - https://www.casa39.com/furnitures/floor-standing-furnitures
STEP - Modern - https://www.casa39.com/furnitures?stile=1043
STEP - Antique - https://www.casa39.com/furnitures?stile=1046
STEP - Retrò - https://www.casa39.com/furnitures?stile=3609
STEP - Easy - https://www.casa39.com/furnitures?stile=1040
STEP - Up to 70 cm - https://www.casa39.com/furnitures/floor-standing-furnitures/from-61-to-70-cm
STEP - From 80 to 90 cm - https://www.casa39.com/furnitures/floor-standing-furnitures/from-81-to-90-cm
STEP - From 100 to 120 cm - https://www.casa39.com/furnitures/floor-standing-furnitures/from-101-to-120-cm
STEP - Over 120 cm - https://www.casa39.com/furnitures/floor-standing-furnitures/from-120-cm-up
STEP - Mirrors - https://www.casa39.com/furnitures/mirrors
STEP - Column cabinets - https://www.casa39.com/furnitures/cabinet
STEP - Panelled bathtubs - https://www.casa39.com/bathtubs/panelled
STEP - Recessed - https://www.casa39.com/bathtubs/recessed
STEP - Freestanding - https://www.casa39.com/bathtubs/freestanding
STEP - Whirlpool bathtub - https://www.casa39.com/bathtubs/whirlpool
STEP - Bathtubs combined with shower - https://www.casa39.com/bathtubs/bathtubs-combined-with-shower
STEP - Epoque - https://www.casa39.com/bathtubs?stile=1046
STEP - Shower panels - https://www.casa39.com/bathtubs
STEP - Slidings bathtub panels - https://www.casa39.com/bathtubs
STEP - Fixed bathtub panels - https://www.casa39.com/bathtubs
STEP - Folding bathtub panels - https://www.casa39.com/bathtubs
STEP - Sliding doors - https://www.casa39.com/shower-enclosures/corner-boxes/sliding-doors
STEP - Sliding door with side panel - https://www.casa39.com/shower-enclosures/corner-boxes/fixed-wing-with-sliding-door
STEP - Swinging door with side panel - https://www.casa39.com/shower-enclosures/corner-boxes/fixed-wing-with-overhead-door
STEP - Folding door and side panel - https://www.casa39.com/shower-enclosures/corner-boxes/fixed-wing-with-book-opening-door
STEP - Double door opening - https://www.casa39.com/shower-enclosures/semicircular/two-doors-opening
STEP - Sliding opening - https://www.casa39.com/shower-enclosures/semicircular/sliding-opening
STEP - Single door opening - https://www.casa39.com/shower-enclosures/semicircular/single-door-opening
STEP - Hinged door - https://www.casa39.com/shower-enclosures/niche/book-opening-door
STEP - Folding door - https://www.casa39.com/shower-enclosures/niche/shutter-opening-door
STEP - Sliding door - https://www.casa39.com/shower-enclosures/niche/sliding-door
STEP - Fixed bathtub panels - https://www.casa39.com/shower-enclosures/bathscreens/fixed-panel
STEP - Folding bathtub panels - https://www.casa39.com/shower-enclosures/bathscreens/book-opening-panel
STEP - Sliding bathtub panels - https://www.casa39.com/shower-enclosures/bathscreens/sliding-panel
STEP - Shower panels - https://www.casa39.com/shower-enclosures/bathscreens/opening-panel
STEP - ATLAS CONCORDE - https://www.casa39.com/atlas-concorde
STEP - BISAZZA - https://www.casa39.com/bisazza
STEP - CAESAR - https://www.casa39.com/caesar
STEP - CISA CERAMICHE - https://www.casa39.com/cisa
STEP - EMILCERAMICA - https://www.casa39.com/emilceramica
STEP - ITALGRANITI - https://www.casa39.com/italgraniti
STEP - FLAVIKER - https://www.casa39.com/flaviker
STEP - MARAZZI - https://www.casa39.com/marazzi
STEP - RAGNO - https://www.casa39.com/ragno
STEP - SETTECENTO - https://www.casa39.com/settecento
STEP - SICIS - https://www.casa39.com/sicis
STEP - SUPERGRES - https://www.casa39.com/supergres
STEP - ANTONIO LUPI - https://www.casa39.com/antoniolupi
STEP - BOSSINI - https://www.casa39.com/bossini
STEP - FANTINI - https://www.casa39.com/fantini
STEP - GROHE - https://www.casa39.com/grohe
STEP - POZZI GINORI - https://www.casa39.com/pozzi-ginori
STEP - SIMAS - https://www.casa39.com/simas
STEP - EFFEGIBI - https://www.casa39.com/effegibi
STEP - GLASS 1989 - https://www.casa39.com/glass-1989
STEP - NOVELLINI - https://www.casa39.com/novellini
STEP - PROVEX - https://www.casa39.com/provex
STEP - RELAX - https://www.casa39.com/relax
STEP - ARDECO - https://www.casa39.com/ardeco
STEP - ARTESI - https://www.casa39.com/artesi
STEP - AZZURRA - https://www.casa39.com/azzurra
STEP - EBAN - https://www.casa39.com/eban
STEP - GEBERIT - https://www.casa39.com/geberit
STEP - KIOS - https://www.casa39.com/kios
STEP - Closing Browser Successfully...]]>
  </system-out>
  <testcase name="testBuyersProtectionInformationBadge" time="173.775" classname="tests.home.TestHomePage">
    <error type="org.openqa.selenium.TimeoutException" message="Expected condition failed: waiting for visibility of element located by By.cssSelector: a.cc-btn.cc-dismiss (tried for 30 second(s) with 500 milliseconds interval)">
      <![CDATA[org.openqa.selenium.TimeoutException: Expected condition failed: waiting for visibility of element located by By.cssSelector: a.cc-btn.cc-dismiss (tried for 30 second(s) with 500 milliseconds interval)
at org.openqa.selenium.support.ui.WebDriverWait.timeoutException(WebDriverWait.java:95)
at org.openqa.selenium.support.ui.FluentWait.until(FluentWait.java:272)
at baseTestScripts.TestNGBaseTest.acceptCookies(TestNGBaseTest.java:50)
at baseTestScripts.TestNGBaseTest.navigateToCasa39Website(TestNGBaseTest.java:28)
at tests.home.TestHomePage.testBuyersProtectionInformationBadge(TestHomePage.java:332)
at sun.reflect.NativeMethodAccessorImpl.invoke0(Native Method)
at sun.reflect.NativeMethodAccessorImpl.invoke(Unknown Source)
at sun.reflect.DelegatingMethodAccessorImpl.invoke(Unknown Source)
at java.lang.reflect.Method.invoke(Unknown Source)
at org.testng.internal.MethodInvocationHelper.invokeMethod(MethodInvocationHelper.java:133)
at org.testng.internal.TestInvoker.invokeMethod(TestInvoker.java:598)
at org.testng.internal.TestInvoker.invokeTestMethod(TestInvoker.java:173)
at org.testng.internal.MethodRunner.runInSequence(MethodRunner.java:46)
at org.testng.internal.TestInvoker$MethodInvocationAgent.invoke(TestInvoker.java:824)
at org.testng.internal.TestInvoker.invokeTestMethods(TestInvoker.java:146)
at org.testng.internal.TestMethodWorker.invokeTestMethods(TestMethodWorker.java:146)
at org.testng.internal.TestMethodWorker.run(TestMethodWorker.java:128)
at java.util.ArrayList.forEach(Unknown Source)
at org.testng.TestRunner.privateRun(TestRunner.java:794)
at org.testng.TestRunner.run(TestRunner.java:596)
at org.testng.SuiteRunner.runTest(SuiteRunner.java:377)
at org.testng.SuiteRunner.runSequentially(SuiteRunner.java:371)
at org.testng.SuiteRunner.privateRun(SuiteRunner.java:332)
at org.testng.SuiteRunner.run(SuiteRunner.java:276)
at org.testng.SuiteRunnerWorker.runSuite(SuiteRunnerWorker.java:53)
at org.testng.SuiteRunnerWorker.run(SuiteRunnerWorker.java:96)
at org.testng.TestNG.runSuitesSequentially(TestNG.java:1212)
at org.testng.TestNG.runSuitesLocally(TestNG.java:1134)
at org.testng.TestNG.runSuites(TestNG.java:1063)
at org.testng.TestNG.run(TestNG.java:1031)
at org.testng.remote.AbstractRemoteTestNG.run(AbstractRemoteTestNG.java:115)
at org.testng.remote.RemoteTestNG.initAndRun(RemoteTestNG.java:251)
at org.testng.remote.RemoteTestNG.main(RemoteTestNG.java:77)
Caused by: org.openqa.selenium.NoSuchElementException: Cannot locate an element using css selector=a.cc-btn.cc-dismiss
For documentation on this error, please visit: https://www.seleniumhq.org/exceptions/no_such_element.html
Build info: version: '3.141.59', revision: 'e82be7d358', time: '2018-11-14T08:17:03'
System info: host: 'DESKTOP-0KBR3DP', ip: '192.168.1.101', os.name: 'Windows 10', os.arch: 'amd64', os.version: '10.0', java.version: '1.8.0_251'
Driver info: driver.version: RemoteWebDriver
at org.openqa.selenium.remote.RemoteWebDriver.findElement(RemoteWebDriver.java:327)
at org.openqa.selenium.remote.RemoteWebDriver.findElementByCssSelector(RemoteWebDriver.java:420)
at org.openqa.selenium.By$ByCssSelector.findElement(By.java:431)
at org.openqa.selenium.remote.RemoteWebDriver.findElement(RemoteWebDriver.java:315)
at org.openqa.selenium.support.ui.ExpectedConditions$7.apply(ExpectedConditions.java:205)
at org.openqa.selenium.support.ui.ExpectedConditions$7.apply(ExpectedConditions.java:201)
at org.openqa.selenium.support.ui.FluentWait.until(FluentWait.java:249)
... 31 more
]]>
    </error>
  </testcase> <!-- testBuyersProtectionInformationBadge -->
  <system-out>
    <![CDATA[STEP - Launch Browser Successfully...
STEP - Navigate to Casa39 English Website Home Page.
STEP - Accepting Cookies...]]>
  </system-out>
  <testcase name="testSignInAuthenticatedUser" time="54.200" classname="tests.home.TestHomePage"/>
  <system-out>
    <![CDATA[STEP - Launch Browser Successfully...
STEP - Navigate to Casa39 English Website Home Page.
STEP - Accepting Cookies...
STEP - Go to Customer Log In Page and Validate Authenicated User Log In.
Click - SIGN IN
STEP - Click Sign In without setting username and Password
Click - Login
Verified - Email is required
Verified - Password is required
Click - 
STEP - Log In with Invalid username and Password
Click - SIGN IN
Click - Login
Verified - Please enter a valid email address (Ex: johndoe@domain.com).
Verified - Please enter 6 or more characters. Leading and trailing spaces will be ignored.
Click - 
STEP - Log In with Valid username and Password
Click - SIGN IN
Click - Login
STEP - Closing Browser Successfully...]]>
  </system-out>
  <testcase name="testSelectProductCategory" time="137.974" classname="tests.home.TestHomePage"/>
  <system-out>
    <![CDATA[STEP - Launch Browser Successfully...
STEP - Navigate to Casa39 English Website Home Page.
STEP - Accepting Cookies...
STEP - Choose and Select Category As FLOOR TILES From Product Categories
Selecting FLOOR TILES from list...
Click - FLOOR TILES
Verified - FLOOR TILES - Category Opened Successfully...
STEP - Clicking CASA39 Logo to Return On Home Page...
Click - 
STEP - Choose and Select Category As WALL TILES From Product Categories
Selecting WALL TILES from list...
Click - WALL TILES
Verified - WALL TILES - Category Opened Successfully...
STEP - Clicking CASA39 Logo to Return On Home Page...
Click - 
STEP - Choose and Select Category As TAPS From Product Categories
Selecting TAPS from list...
Click - TAPS
Verified - TAPS - Category Opened Successfully...
STEP - Clicking CASA39 Logo to Return On Home Page...
Click - 
STEP - Choose and Select Category As ACCESSORIES From Product Categories
Selecting ACCESSORIES from list...
Click - ACCESSORIES
Verified - ACCESSORIES - Category Opened Successfully...
STEP - Clicking CASA39 Logo to Return On Home Page...
Click - 
STEP - Choose and Select Category As SANITARY WARES From Product Categories
Selecting SANITARY WARES from list...
Click - SANITARY WARES
Verified - SANITARY WARES - Category Opened Successfully...
STEP - Clicking CASA39 Logo to Return On Home Page...
Click - 
STEP - Choose and Select Category As FURNITURE From Product Categories
Selecting FURNITURE from list...
Click - FURNITURE
Verified - FURNITURE - Category Opened Successfully...
STEP - Clicking CASA39 Logo to Return On Home Page...
Click - 
STEP - Choose and Select Category As BATHTUBS From Product Categories
Selecting BATHTUBS from list...
Click - BATHTUBS
Verified - BATHTUBS - Category Opened Successfully...
STEP - Clicking CASA39 Logo to Return On Home Page...
Click - 
STEP - Choose and Select Category As SHOWER ENCLOSURES From Product Categories
Selecting SHOWER ENCLOSURES from list...
Click - SHOWER ENCLOSURES
Verified - SHOWER ENCLOSURES - Category Opened Successfully...
STEP - Clicking CASA39 Logo to Return On Home Page...
Click - 
STEP - Choose and Select Category As BRANDS From Product Categories
Selecting BRANDS from list...
Click - BRANDS
Verified - BRANDS - Category Opened Successfully...
STEP - Clicking CASA39 Logo to Return On Home Page...
Click - 
STEP - Choose and Select Category As OFFERS From Product Categories
Selecting OFFERS from list...
Click - OFFERS
Verified - OFFERS - Category Opened Successfully...
STEP - Clicking CASA39 Logo to Return On Home Page...
Click - 
STEP - Closing Browser Successfully...]]>
  </system-out>
  <testcase name="testSelectProductSubCategory" time="107.868" classname="tests.home.TestHomePage"/>
  <system-out>
    <![CDATA[STEP - Launch Browser Successfully...
STEP - Navigate to Casa39 English Website Home Page.
STEP - Accepting Cookies...
STEP - Choose and Select Category As FLOOR TILES From Product Categories
Selecting FLOOR TILES from list...
Click - Cleansers
Verified - Cleansers - Sub Category Opened Successfully...
STEP - Clicking CASA39 Logo to Return On Home Page...
Click - 
STEP - Choose and Select Category As WALL TILES From Product Categories
Selecting WALL TILES from list...
Click - Marble effect
Verified - Bathroom Tiles Marble effect - Sub Category Opened Successfully...
STEP - Clicking CASA39 Logo to Return On Home Page...
Click - 
STEP - Choose and Select Category As TAPS From Product Categories
Selecting TAPS from list...
Click - Waterfall taps
Verified - Waterfall taps - Sub Category Opened Successfully...
STEP - Clicking CASA39 Logo to Return On Home Page...
Click - 
STEP - Choose and Select Category As ACCESSORIES From Product Categories
Selecting ACCESSORIES from list...
Click - Hooks
Verified - Hooks - Sub Category Opened Successfully...
STEP - Clicking CASA39 Logo to Return On Home Page...
Click - 
STEP - Choose and Select Category As SANITARY WARES From Product Categories
Selecting SANITARY WARES from list...
Click - Ceramic
Verified - Shower Trays Ceramic - Sub Category Opened Successfully...
STEP - Clicking CASA39 Logo to Return On Home Page...
Click - 
STEP - Choose and Select Category As FURNITURE From Product Categories
Selecting FURNITURE from list...
Click - Mirrors
Verified - Mirrors - Sub Category Opened Successfully...
STEP - Clicking CASA39 Logo to Return On Home Page...
Click - 
STEP - Choose and Select Category As BATHTUBS From Product Categories
Selecting BATHTUBS from list...
Click - Recessed
Verified - Bathtubs Recessed - Sub Category Opened Successfully...
STEP - Clicking CASA39 Logo to Return On Home Page...
Click - 
STEP - Choose and Select Category As SHOWER ENCLOSURES From Product Categories
Selecting SHOWER ENCLOSURES from list...
Click - Single door opening
Verified - Single door opening - Sub Category Opened Successfully...
STEP - Clicking CASA39 Logo to Return On Home Page...
Click - 
STEP - Choose and Select Category As BRANDS From Product Categories
Selecting BRANDS from list...
Click - RELAX
Verified - Relax - Sub Category Opened Successfully...
STEP - Clicking CASA39 Logo to Return On Home Page...
Click - 
STEP - Closing Browser Successfully...]]>
  </system-out>
  <testcase name="testRegisterNewUserByUniqueEmailId" time="44.673" classname="tests.home.TestHomePage"/>
  <system-out>
    <![CDATA[STEP - Navigate to Magento Website Home Page.
STEP - Launch Browser Successfully...
STEP - Navigate to Casa39 English Website Home Page.
STEP - Accepting Cookies...
STEP - Go to Customer Register Page
Click - SIGN IN
Click - New account
STEP - Set required fields
Set - First
Set - Last
Set - email_0727164904265@test.com
Set - password@123
STEP - Create account
Click - Create an Account
STEP - Log In new username and Password
Click - SIGN IN
Click - Login
STEP - Go to My Account Section
Click - MY ACCOUNT
Verified - My Account Page is Displayed
STEP - Validate Account Information
Verified - User Name as is Correct
Verified - User Email Id as 'email_0727164904265@test.com' is Correct
STEP - Clicking CASA39 Logo to Return On Home Page...
Click - 
Click - SIGN OUT
STEP - Closing Browser Successfully...]]>
  </system-out>
  <testcase name="testUserSelectLanguageCountryAndCurrency" time="60.271" classname="tests.home.TestHomePage"/>
  <system-out>
    <![CDATA[STEP - Launch Browser Successfully...
STEP - Navigate to Casa39 English Website Home Page.
STEP - Accepting Cookies...
STEP - Choose other language
Click - English
Selecting Italiano from list...
Click - Italiano
Verified - Italiano Language Selected Successfully
Click - Accetto!
STEP - Reset Language
Click - Italiano
Selecting English from list...
Click - English
Verified - English Language Selected Successfully
STEP - Choose other Country
Click - India
Selecting Algeria from list...
Click - Algeria
Verified - Algeria Country Selected Successfully
STEP - Choose other Currency
Click - Euro
Selecting Us Dollar from list...
Click - Us Dollar
Verified - Us Dollar Currency Selected Successfully
STEP - Reset Currency
Click - Us Dollar
Selecting Euro from list...
Click - Euro
Verified - Euro Currency Selected Successfully
STEP - Closing Browser Successfully...]]>
  </system-out>
  <testcase name="testEmailSubscription" time="77.925" classname="tests.home.TestHomePage"/>
  <system-out>
    <![CDATA[STEP - Launch Browser Successfully...
STEP - Navigate to Casa39 English Website Home Page.
STEP - Accepting Cookies...
STEP - Subscrition email without entering email.
Click - SUBSCRIBE
Verified - Email Required error Message is Displayed
STEP - Subscrition email by entering existing email.
Click - SUBSCRIBE
Verified - This email address is already subscribed
STEP - Subscrition email by entering new email.
Click - SUBSCRIBE
Verified - Success Message is Displayed
STEP - Closing Browser Successfully...]]>
  </system-out>
  <testcase name="testHomePageInformationLinks" time="125.106" classname="tests.home.TestHomePage"/>
  <system-out>
    <![CDATA[STEP - Launch Browser Successfully...
STEP - Navigate to Casa39 English Website Home Page.
STEP - Accepting Cookies...
STEP - Go to Our story
Click - our story
Verified - Our story Page is Displayed.
Verified - Our story Content is Displayed
STEP - Clicking CASA39 Logo to Return On Home Page...
Click - 
STEP - Go to Legal Information
Click - legal information
Verified - LEGAL INFORMATION Page is Displayed.
Verified - LEGAL INFORMATION Content is Displayed
STEP - Clicking CASA39 Logo to Return On Home Page...
Click - 
STEP - Go to Promotions
Click - promotions
Verified - Sale Page is Displayed.
STEP - Clicking CASA39 Logo to Return On Home Page...
Click - 
STEP - Go to Terms and Conditions
Click - terms and conditions
Verified - TERMS AND CONDITIONS Page is Displayed.
Verified - TERMS AND CONDITIONS Content is Displayed
STEP - Clicking CASA39 Logo to Return On Home Page...
Click - 
STEP - Go to Brands
Click - brands
Verified - OUR BRANDS Page is Displayed.
STEP - Clicking CASA39 Logo to Return On Home Page...
Click - 
STEP - Go to SHIPPING
Click - shipping
Verified - SHIPPING Page is Displayed.
STEP - Clicking CASA39 Logo to Return On Home Page...
Click - 
STEP - Go to BUYER PROTECTION
Click - buyer protection
Verified - BUYER PROTECTION Page is Displayed.
STEP - Clicking CASA39 Logo to Return On Home Page...
Click - 
STEP - Go to 3D projects
Click - 3D projects
Verified - FREE 3D PROJECTS Page is Displayed.
STEP - Clicking CASA39 Logo to Return On Home Page...
Click - 
STEP - Go to Quotes
Click - quotes
Verified - QUOTES Page is Displayed.
STEP - Clicking CASA39 Logo to Return On Home Page...
Click - 
STEP - Go to VISIT US
Click - all our services
Verified - ALL OUR SERVICES Page is Displayed.
STEP - Clicking CASA39 Logo to Return On Home Page...
Click - 
STEP - Closing Browser Successfully...]]>
  </system-out>
  <testcase name="testSearchProductsFromHomePage" time="44.062" classname="tests.home.TestHomePage"/>
  <system-out>
    <![CDATA[STEP - Launch Browser Successfully...
STEP - Navigate to Casa39 English Website Home Page.
STEP - Accepting Cookies...
STEP - Search for a Not Available Product as ABC
Verified - Your search returned no products.
Verified - Search Results is Displayed
Verified - No Search Results Message is Displayed
NEXT STEP - Returning back to Home Page...
Click - HOME
STEP - Search for a Available Product as Lineabeta Basket waste bin 5346.29
Selecting product from suggested item list...
Click - Lineabeta Basket waste bin 5346.29
Verified - Searched Product is Correctly Displayed
STEP - Clicking CASA39 Logo to Return On Home Page...
Click - 
STEP - Closing Browser Successfully...]]>
  </system-out>
</testsuite> <!-- tests.home.TestHomePage -->
