<?xml version="1.0" encoding="UTF-8"?>
<!-- Generated by org.testng.reporters.JUnitReportReporter -->
<testsuite skipped="0" hostname="DESKTOP-0KBR3DP" name="tests.home.MyTestHomePage" tests="1" failures="0" timestamp="2021-07-28T14:52:32 IST" time="19.290" errors="0">
  <testcase name="testOffersForYouSectionLinks" time="19.290" classname="tests.home.MyTestHomePage"/>
  <system-out>
    <![CDATA[STEP - Launch Browser Successfully...
STEP - Navigate to Casa39 English Website Home Page.
STEP - Accepting Cookies...
STEP - List Offer For You section associated with it's navigation link
Verified - FLOOR TILES - https://www.casa39.com/tiles
Verified - WALL TILES - https://www.casa39.com/wall-tiles
Verified - WELLNESS & SPA - https://www.casa39.com/shower-enclosures
Verified - FURNITURE - https://www.casa39.com/furniture
Verified - SANITARY WARES - https://www.casa39.com/toilet
Verified - TAPS - https://www.casa39.com/taps
Verified - ACCESSORIES - https://www.casa39.com/bathroom-accessories
Verified - BRANDS - https://www.casa39.com/brands
STEP - Closing Browser Successfully...]]>
  </system-out>
</testsuite> <!-- tests.home.MyTestHomePage -->
