<?xml version="1.0" encoding="UTF-8"?>
<!-- Generated by org.testng.reporters.JUnitReportReporter -->
<testsuite skipped="0" hostname="DESKTOP-0KBR3DP" name="tests.home.TestHomePage" tests="1" failures="0" timestamp="2021-07-28T11:45:03 IST" time="102.110" errors="0">
  <testcase name="testHomePageInformationLinks" time="102.110" classname="tests.home.TestHomePage"/>
  <system-out>
    <![CDATA[STEP - Launch Browser Successfully...
STEP - Navigate to Casa39 English Website Home Page.
STEP - Accepting Cookies...
STEP - Go to Our story
Click - our story
Verified - Our story Page is Displayed.
Verified - Our story Content is Displayed
STEP - Clicking CASA39 Logo to Return On Home Page...
STEP - Go to Legal Information
Click - legal information
Verified - LEGAL INFORMATION Page is Displayed.
Verified - LEGAL INFORMATION Content is Displayed
STEP - Clicking CASA39 Logo to Return On Home Page...
STEP - Go to Promotions
Click - promotions
Verified - Sale Page is Displayed.
STEP - Clicking CASA39 Logo to Return On Home Page...
STEP - Go to Terms and Conditions
Click - terms and conditions
Verified - TERMS AND CONDITIONS Page is Displayed.
Verified - TERMS AND CONDITIONS Content is Displayed
STEP - Clicking CASA39 Logo to Return On Home Page...
STEP - Go to Brands
Click - brands
Verified - OUR BRANDS Page is Displayed.
STEP - Clicking CASA39 Logo to Return On Home Page...
STEP - Go to SHIPPING
Click - shipping
Verified - SHIPPING Page is Displayed.
STEP - Clicking CASA39 Logo to Return On Home Page...
STEP - Go to BUYER PROTECTION
Click - buyer protection
Verified - BUYER PROTECTION Page is Displayed.
STEP - Clicking CASA39 Logo to Return On Home Page...
STEP - Go to 3D projects
Click - 3D projects
Verified - FREE 3D PROJECTS Page is Displayed.
STEP - Clicking CASA39 Logo to Return On Home Page...
STEP - Go to Quotes
Click - quotes
Verified - QUOTES Page is Displayed.
STEP - Clicking CASA39 Logo to Return On Home Page...
STEP - Go to VISIT US
Click - all our services
Verified - ALL OUR SERVICES Page is Displayed.
STEP - Clicking CASA39 Logo to Return On Home Page...
STEP - Closing Browser Successfully...]]>
  </system-out>
</testsuite> <!-- tests.home.TestHomePage -->
