<?xml version="1.0" encoding="UTF-8"?>
<!-- Generated by org.testng.reporters.JUnitReportReporter -->
<testsuite skipped="0" hostname="DESKTOP-0KBR3DP" name="tests.home.MyTestHomePage" tests="1" failures="0" timestamp="2021-07-26T16:27:52 IST" time="57.449" errors="0">
  <testcase name="testSecureCheckOutForProducts" time="57.449" classname="tests.home.MyTestHomePage"/>
  <system-out>
    <![CDATA[STEP - Launch Browser Successfully...
STEP - Navigate to Casa39 English Website Home Page.
STEP - Accepting Cookies...
STEP - Search for a Available Product as Marazzi Evolutionmarble Calacatta 60x60 cm MHV2
Selecting product from suggested item list...
Click - Marazzi Evolutionmarble Calacatta 60x60 cm MHV2
Verified - Marazzi Evolutionmarble Calacatta 60x60 cm MHV2 as Searched Product is Correctly Displayed
STEP - Select Quantity and add to cart
Set - 30
Click - Add to Cart
Verified - Marazzi Evolutionmarble Calacatta 60x60 cm MHV2
Verified - has been added to your cart
Click - Continue
STEP - Validate Non-Empty Cart and Close
Click - My Cart
€687.85
Verified - Item Prices are Correct
Verified - Total Items are Correct
STEP - View Shopping Cart
Click - View and edit cart
Verified - Page Title is Displayed
Validating '€687.85' from Summary...
Verified - Sub Total is Correct
Validating '€50.00' from Summary...
Verified - Shipping Price is Correct
Validating '€160.33' from Summary...
Verified - Tax Amount is Correct
Validating '€889.16' from Summary...
Verified - Order Total is Correct
STEP - Proceed To Checkout
Click - Proceed to Checkout
Verified - Marazzi Evolutionmarble Calacatta 60x60 cm MHV2 is Displayed
STEP - Closing Browser Successfully...]]>
  </system-out>
</testsuite> <!-- tests.home.MyTestHomePage -->
