<?xml version="1.0" encoding="UTF-8"?>
<!-- Generated by org.testng.reporters.JUnitReportReporter -->
<testsuite skipped="0" hostname="DESKTOP-0KBR3DP" name="tests.home.TestHomePage" tests="1" failures="0" timestamp="2021-07-26T17:20:52 IST" time="63.226" errors="0">
  <testcase name="testUserSelectLanguageCountryAndCurrency" time="63.226" classname="tests.home.TestHomePage"/>
  <system-out>
    <![CDATA[STEP - Launch Browser Successfully...
STEP - Navigate to Casa39 English Website Home Page.
STEP - Accepting Cookies...
STEP - Choose other language
Click - English
Selecting Italiano from list...
Click - Italiano
Verified - Italiano Language Selected Successfully
Click - Accetto!
STEP - Reset Language
Click - Italiano
Selecting English from list...
Click - English
Verified - English Language Selected Successfully
STEP - Choose other Country
Click - India
Selecting Algeria from list...
Click - Algeria
Verified - Algeria Country Selected Successfully
STEP - Choose other Currency
Click - Euro
Selecting Us Dollar from list...
Click - Us Dollar
Verified - Us Dollar Currency Selected Successfully
STEP - Reset Currency
Click - Us Dollar
Selecting Euro from list...
Click - Euro
Verified - Euro Currency Selected Successfully
STEP - Closing Browser Successfully...]]>
  </system-out>
</testsuite> <!-- tests.home.TestHomePage -->
