<?xml version="1.0" encoding="UTF-8"?>
<!-- Generated by org.testng.reporters.JUnitReportReporter -->
<testsuite skipped="0" hostname="DESKTOP-0KBR3DP" name="tests.shopping.TestProductDetails" tests="6" failures="1" timestamp="2021-08-24T16:57:47 IST" time="238.553" errors="0">
  <testcase name="testProductSpecifications" time="40.684" classname="tests.shopping.TestProductDetails"/>
  <system-out>
    <![CDATA[STEP - *** Running test method testProductSpecifications...
STEP - Launch Browser Successfully...
STEP - Navigate to Casa39 English Website Home Page.
STEP - Accepting Cookies...
STEP - Search for a Available Product as Novellini panelled bathtub Vogue
STEP - Set - Novellini panelled bathtub Vogue
Selecting product from suggested item list...
STEP - Click - Novellini panelled bathtub Vogue
Verified - Novellini panelled bathtub Vogue as Searched Product is Correctly Displayed
STEP - Validate Product Specifications
Verified - Brand Name is Correct
Verified - EAN is Correct
Verified - Material is Correct
Verified - Brand Information is Correct
STEP - Select Parameters
STEP - Select Dimention As - 150x85 cm
STEP - Select Dimention As - Senza idromassaggio
STEP - Set - 5
STEP - Add to Cart
STEP - Click - Add to Cart
Verified - Novellini panelled bathtub Vogue
Verified - has been added to your cart
STEP - View Shopping Cart
STEP - Click - View cart
STEP - Validate Group Product Price Details
Validating '€798.32' from Shopping Cart Page...
Verified - Price is Correct
STEP - Validate Group Product Sub Total Details
Validating '€3,991.60' from Shopping Cart Page...
Verified - Subtotal Price is Correct
STEP - Validate Group Product Quantity Details
Validating '5' from Shopping Cart Page...
Verified - Quantity is Correct
STEP - STEP - Clicking CASA39 Logo to Return On Home Page...
STEP - Closing Browser Successfully...
STEP - *** Executed testProductSpecifications test successfully...]]>
  </system-out>
  <testcase name="testAskForDiscount" time="24.017" classname="tests.shopping.TestProductDetails">
    <failure type="java.lang.AssertionError" message="expected [true] but found [false]">
      <![CDATA[java.lang.AssertionError: expected [true] but found [false]
at org.testng.Assert.fail(Assert.java:99)
at org.testng.Assert.failNotEquals(Assert.java:1037)
at org.testng.Assert.assertTrue(Assert.java:45)
at utils.AssertUtil.assertTrue(AssertUtil.java:10)
at tests.shopping.TestProductDetails.testAskForDiscount(TestProductDetails.java:69)
at sun.reflect.NativeMethodAccessorImpl.invoke0(Native Method)
at sun.reflect.NativeMethodAccessorImpl.invoke(Unknown Source)
at sun.reflect.DelegatingMethodAccessorImpl.invoke(Unknown Source)
at java.lang.reflect.Method.invoke(Unknown Source)
at org.testng.internal.MethodInvocationHelper.invokeMethod(MethodInvocationHelper.java:133)
at org.testng.internal.TestInvoker.invokeMethod(TestInvoker.java:598)
at org.testng.internal.TestInvoker.invokeTestMethod(TestInvoker.java:173)
at org.testng.internal.MethodRunner.runInSequence(MethodRunner.java:46)
at org.testng.internal.TestInvoker$MethodInvocationAgent.invoke(TestInvoker.java:824)
at org.testng.internal.TestInvoker.invokeTestMethods(TestInvoker.java:146)
at org.testng.internal.TestMethodWorker.invokeTestMethods(TestMethodWorker.java:146)
at org.testng.internal.TestMethodWorker.run(TestMethodWorker.java:128)
at java.util.ArrayList.forEach(Unknown Source)
at org.testng.TestRunner.privateRun(TestRunner.java:794)
at org.testng.TestRunner.run(TestRunner.java:596)
at org.testng.SuiteRunner.runTest(SuiteRunner.java:377)
at org.testng.SuiteRunner.runSequentially(SuiteRunner.java:371)
at org.testng.SuiteRunner.privateRun(SuiteRunner.java:332)
at org.testng.SuiteRunner.run(SuiteRunner.java:276)
at org.testng.SuiteRunnerWorker.runSuite(SuiteRunnerWorker.java:53)
at org.testng.SuiteRunnerWorker.run(SuiteRunnerWorker.java:96)
at org.testng.TestNG.runSuitesSequentially(TestNG.java:1212)
at org.testng.TestNG.runSuitesLocally(TestNG.java:1134)
at org.testng.TestNG.runSuites(TestNG.java:1063)
at org.testng.TestNG.run(TestNG.java:1031)
at org.testng.remote.AbstractRemoteTestNG.run(AbstractRemoteTestNG.java:115)
at org.testng.remote.RemoteTestNG.initAndRun(RemoteTestNG.java:251)
at org.testng.remote.RemoteTestNG.main(RemoteTestNG.java:77)
]]>
    </failure>
  </testcase> <!-- testAskForDiscount -->
  <system-out>
    <![CDATA[STEP - *** Running test method testAskForDiscount...
STEP - Launch Browser Successfully...
STEP - Navigate to Casa39 English Website Home Page.
STEP - Accepting Cookies...
STEP - Search for a Available Product as Lineabeta Atlantica shower platform 50x50 cm 7224.08
STEP - Set - Lineabeta Atlantica shower
Selecting product from suggested item list...
STEP - Click - Lineabeta Atlantica shower platform 50x50 cm 7224.08
Verified - Lineabeta Atlantica shower platform 50x50 cm 7224.08 as Searched Product is Correctly Displayed
STEP - Ask For Discount
STEP - Click - ASK FOR DISCOUNT
Verified - You're one step away from the additional discount!
STEP - Validate Hidden Fields
Verified - Hidden Product Price is Correct
Verified - Hidden Product Cost is Correct
Verified - Hidden SKU is Correct
Verified - Hidden Estimated Shipping Price is Correct
STEP - *** Test execution testAskForDiscount failed...]]>
  </system-out>
  <testcase name="testAddConfigurableProductsToQuotes" time="37.808" classname="tests.shopping.TestProductDetails"/>
  <system-out>
    <![CDATA[STEP - *** Running test method testAddConfigurableProductsToQuotes...
STEP - Launch Browser Successfully...
STEP - Navigate to Casa39 English Website Home Page.
STEP - Accepting Cookies...
STEP - Search for a Available Product as Ragno Woodtale Miele 30x120 cm R4TH
STEP - Set - R4TH
Selecting product from suggested item list...
STEP - Click - Ragno Woodtale Miele 30x120 cm R4TH
Verified - Ragno Woodtale Miele 30x120 cm R4TH as Searched Product is Correctly Displayed
STEP - Select Quantity for all product groups
Verified - Quantity per Squares is Correct
Verified - Quantity per Boxes is Correct
STEP - Increase Quantity using Meters (+)
STEP - Click - 
STEP - Reduce Quantity using Boxes (-)
STEP - Click - 
STEP - Increase Quantity using Boxes (+)
STEP - Click - 
STEP - Reduce Quantity using Meters (-)
STEP - Click - 
Verified - Quantity per Squares is Correct
Verified - Quantity per Boxes is Correct
STEP - Increase Quantity using Boxes (+)
STEP - Click - 
Verified - Quantity per Boxes is Correct
STEP - Add to Quote
STEP - Click - Add to Quote
Verified - Ragno Woodtale Miele 30x120 cm R4TH
Verified - has been added to your cart
STEP - Navigate to Cart Quotes Page
STEP - Click - Quote Cart
Verified - Cart Quotes Page is Displayed
STEP - Validate Product Details
STEP - Validating '3' from Shopping Cart Quotes Page...
Verified - Quantity is Correct
STEP - Validating '29.90' from Shopping Cart Quotes Page...
Verified - Product Price is Correct
STEP - STEP - Clicking CASA39 Logo to Return On Home Page...
STEP - Closing Browser Successfully...
STEP - *** Executed testAddConfigurableProductsToQuotes test successfully...]]>
  </system-out>
  <testcase name="testAddProductReviewByUser" time="35.224" classname="tests.shopping.TestProductDetails"/>
  <system-out>
    <![CDATA[STEP - *** Running test method testAddProductReviewByUser...
STEP - Launch Browser Successfully...
STEP - Navigate to Casa39 English Website Home Page.
STEP - Accepting Cookies...
STEP - Search for a Available Product as House Design mirror Traccia
STEP - Set - House Design mirror Traccia
Selecting product from suggested item list...
STEP - Click - House Design mirror Traccia
Verified - House Design mirror Traccia as Searched Product is Correctly Displayed
STEP - Write Your Own Review
STEP - Click - Write Your Own Review
STEP - Submit a Review
Verified - You are Reviewing House Design mirror Traccia
STEP - Click - Send review
Verified - Review Submitted for Review Successfully
STEP - STEP - Clicking CASA39 Logo to Return On Home Page...
STEP - Closing Browser Successfully...
STEP - *** Executed testAddProductReviewByUser test successfully...]]>
  </system-out>
  <testcase name="testAddProductToCart" time="28.992" classname="tests.shopping.TestProductDetails"/>
  <system-out>
    <![CDATA[STEP - *** Running test method testAddProductToCart...
STEP - Launch Browser Successfully...
STEP - Navigate to Casa39 English Website Home Page.
STEP - Accepting Cookies...
STEP - Search for a Available Product as Lineabeta Basket waste bin 5346.29
STEP - Set - Lineabeta Basket waste
Selecting product from suggested item list...
STEP - Click - Lineabeta Basket waste bin 5346.29
Verified - Lineabeta Basket waste bin 5346.29 as Searched Product is Correctly Displayed
STEP - Select Quantity and add to cart
STEP - Set - 3
STEP - Click - Add to Cart
Verified - Lineabeta Basket waste bin 5346.29
Verified - has been added to your cart
STEP - Click - Continue
STEP - Closing Browser Successfully...
STEP - *** Executed testAddProductToCart test successfully...]]>
  </system-out>
  <testcase name="testProductAddToQuote" time="71.828" classname="tests.shopping.TestProductDetails"/>
  <system-out>
    <![CDATA[STEP - *** Running test method testProductAddToQuote...
STEP - Launch Browser Successfully...
STEP - Navigate to Casa39 English Website Home Page.
STEP - Accepting Cookies...
STEP - Search for a Available Product as Lineabeta Duemila hook 5507.29
STEP - Set - Lineabeta Duemila hook
Selecting product from suggested item list...
STEP - Click - Lineabeta Duemila hook 5507.29
Verified - Lineabeta Duemila hook 5507.29 as Searched Product is Correctly Displayed
STEP - Add to Quote
STEP - Click - Add to Quote
Verified - Lineabeta Duemila hook 5507.29
Verified - has been added to your cart
STEP - Navigate to Cart Quotes Page
STEP - Click - Quote Cart
Verified - Cart Quotes Page is Displayed
STEP - Update Quote
STEP - Set - 10
STEP - Click - 
STEP - Enter User Details to Request Quote
STEP - Set - email_0824164214478@test.com
STEP - Set - FirstName_0824164214745
STEP - Set - LastName_0824164214915
STEP - Set - 123456
STEP - Set - Remarks
Select Option As - Germany
STEP - Click - Request quote
Verified - Your quote request has been received!
STEP - STEP - Clicking CASA39 Logo to Return On Home Page...
STEP - Closing Browser Successfully...
STEP - *** Executed testProductAddToQuote test successfully...]]>
  </system-out>
</testsuite> <!-- tests.shopping.TestProductDetails -->
