<?xml version="1.0" encoding="UTF-8"?>
<!-- Generated by org.testng.reporters.JUnitReportReporter -->
<testsuite skipped="0" hostname="DESKTOP-0KBR3DP" name="tests.demo.TestDemo" tests="1" failures="0" timestamp="2021-07-30T10:27:44 IST" time="25.893" errors="0">
  <testcase name="testAutomationSetUpForCasa39English" time="25.893" classname="tests.demo.TestDemo"/>
  <system-out>
    <![CDATA[STEP - *** Running test method testAutomationSetUpForCasa39English...
STEP - Check connection to Casa39 English Website...
STEP - Launch Browser Successfully...
STEP - Navigate to Casa39 English Website Home Page.
STEP - Accepting Cookies...
Verified - Connection Established Successfully...
STEP - Closing Browser Successfully...
STEP - *** Executed testAutomationSetUpForCasa39English test successfully...]]>
  </system-out>
</testsuite> <!-- tests.demo.TestDemo -->
