<?xml version="1.0" encoding="UTF-8"?>
<!-- Generated by org.testng.reporters.JUnitReportReporter -->
<testsuite skipped="0" hostname="DESKTOP-0KBR3DP" name="tests.home.MyTestHomePage" tests="1" failures="0" timestamp="2021-07-23T16:27:25 IST" time="23.219" errors="0">
  <testcase name="testAskForDiscount" time="23.219" classname="tests.home.MyTestHomePage"/>
  <system-out>
    <![CDATA[STEP - Launch Browser Successfully...
STEP - Navigate to Casa39 English Website Home Page.
STEP - Accepting Cookies...
STEP - Search for a Available Product as Lineabeta Atlantica shower platform 50x50 cm 7224.08
Selecting product from suggested item list...
Click - LineabetaAtlanticashowerplatform50x50cm7224.08
Verified - Lineabeta Atlantica shower platform 50x50 cm 7224.08 as Searched Product is Correctly Displayed
STEP - Ask For Discount
Click - ASKFORDISCOUNT
Verified - You're one step away from the additional discount!
STEP - Fill and Submit form for discount
Select Sorting Option As - India
Click - SUBMIT
Verified - Thank you very much for your request. We will respond to it as soon as possible.]]>
  </system-out>
</testsuite> <!-- tests.home.MyTestHomePage -->
