<?xml version="1.0" encoding="UTF-8"?>
<!-- Generated by org.testng.reporters.JUnitReportReporter -->
<testsuite skipped="0" hostname="DESKTOP-0KBR3DP" name="tests.shopping.TestProductDetails" tests="5" failures="0" timestamp="2021-08-02T16:20:03 IST" time="258.657" errors="0">
  <testcase name="testProductAddToQuote" time="61.208" classname="tests.shopping.TestProductDetails"/>
  <system-out>
    <![CDATA[STEP - *** Running test method testProductAddToQuote...
STEP - Launch Browser Successfully...
STEP - Navigate to Casa39 English Website Home Page.
STEP - Accepting Cookies...
STEP - Search for a Available Product as Lineabeta Duemila hook 5507.29
STEP - Set - Lineabeta Duemila hook
Selecting product from suggested item list...
STEP - Click - Lineabeta Duemila hook 5507.29
Verified - Lineabeta Duemila hook 5507.29 as Searched Product is Correctly Displayed
STEP - Add to Quote
STEP - Click - Add to Quote
Verified - Lineabeta Duemila hook 5507.29
Verified - has been added to your cart
STEP - Navigate to Cart Quotes Page
STEP - Click - Quote Cart
Verified - Cart Quotes Page is Displayed
STEP - Update Quote
STEP - Set - 10
STEP - Click - 
STEP - Enter User Details to Request Quote
STEP - Set - email_0802160459093@test.com
STEP - Set - FirstName_0802160459358
STEP - Set - LastName_0802160459519
STEP - Set - 123456
STEP - Set - Remarks
STEP - Click - Request quote
Verified - Your quote request has been received!
STEP - STEP - Clicking CASA39 Logo to Return On Home Page...
STEP - Closing Browser Successfully...
STEP - *** Executed testProductAddToQuote test successfully...]]>
  </system-out>
  <testcase name="testAskForDiscount" time="27.792" classname="tests.shopping.TestProductDetails"/>
  <system-out>
    <![CDATA[STEP - *** Running test method testAskForDiscount...
STEP - Launch Browser Successfully...
STEP - Navigate to Casa39 English Website Home Page.
STEP - Accepting Cookies...
STEP - Search for a Available Product as Lineabeta Atlantica shower platform 50x50 cm 7224.08
STEP - Set - Lineabeta Atlantica shower
Selecting product from suggested item list...
STEP - Click - Lineabeta Atlantica shower platform 50x50 cm 7224.08
Verified - Lineabeta Atlantica shower platform 50x50 cm 7224.08 as Searched Product is Correctly Displayed
STEP - Ask For Discount
STEP - Click - ASK FOR DISCOUNT
Verified - You're one step away from the additional discount!
STEP - Fill and Submit form for discount
STEP - Set - ELSNER TESTING
STEP - Set - email_0802160416592@test.com
STEP - Set - 10
STEP - Set - 123456
Select Option As - India
STEP - Set - Testing Form_0802160417086
STEP - Click - SUBMIT
Verified - Thank you very much for your request. We will respond to it as soon as possible.
STEP - Closing Browser Successfully...
STEP - *** Executed testAskForDiscount test successfully...]]>
  </system-out>
  <testcase name="testAddProductReviewByUser" time="52.524" classname="tests.shopping.TestProductDetails"/>
  <system-out>
    <![CDATA[STEP - *** Running test method testAddProductReviewByUser...
STEP - Launch Browser Successfully...
STEP - Navigate to Casa39 English Website Home Page.
STEP - Accepting Cookies...
STEP - Search for a Available Product as House Design mirror Traccia
STEP - Set - House Design mirror Traccia
Selecting product from suggested item list...
STEP - Click - House Design mirror Traccia
Verified - House Design mirror Traccia as Searched Product is Correctly Displayed
STEP - Write Your Own Review
STEP - Click - Write Your Own Review
STEP - Submit a Review
Verified - You are Reviewing House Design mirror Traccia
STEP - Click - Send review
Verified - Review Submitted for Review Successfully
STEP - STEP - Clicking CASA39 Logo to Return On Home Page...
STEP - Closing Browser Successfully...
STEP - *** Executed testAddProductReviewByUser test successfully...]]>
  </system-out>
  <testcase name="testAddConfigurableProductsToQuotes" time="38.764" classname="tests.shopping.TestProductDetails"/>
  <system-out>
    <![CDATA[STEP - *** Running test method testAddConfigurableProductsToQuotes...
STEP - Launch Browser Successfully...
STEP - Navigate to Casa39 English Website Home Page.
STEP - Accepting Cookies...
STEP - Search for a Available Product as Ragno Woodtale Miele 30x120 cm R4TH
STEP - Set - R4TH
Selecting product from suggested item list...
STEP - Click - Ragno Woodtale Miele 30x120 cm R4TH
Verified - Ragno Woodtale Miele 30x120 cm R4TH as Searched Product is Correctly Displayed
STEP - Select Quantity for all product groups
Verified - Quantity per Squares is Correct
Verified - Quantity per Boxes is Correct
STEP - Increase Quantity using Meters (+)
STEP - Click - 
STEP - Reduce Quantity using Boxes (-)
STEP - Click - 
STEP - Increase Quantity using Boxes (+)
STEP - Click - 
STEP - Reduce Quantity using Meters (-)
STEP - Click - 
Verified - Quantity per Squares is Correct
Verified - Quantity per Boxes is Correct
STEP - Increase Quantity using Boxes (+)
STEP - Click - 
Verified - Quantity per Boxes is Correct
STEP - Add to Quote
STEP - Click - Add to Quote
Verified - Ragno Woodtale Miele 30x120 cm R4TH
Verified - has been added to your cart
STEP - Navigate to Cart Quotes Page
STEP - Click - Quote Cart
Verified - Cart Quotes Page is Displayed
STEP - Validate Product Details
STEP - Validating '3' from Shopping Cart Quotes Page...
Verified - Quantity is Correct
STEP - Validating 'â‚¬73.53' from Shopping Cart Quotes Page...
Verified - SubTotal is Correct
STEP - Validating '29.90' from Shopping Cart Quotes Page...
Verified - Product Price is Correct
STEP - STEP - Clicking CASA39 Logo to Return On Home Page...
STEP - Closing Browser Successfully...
STEP - *** Executed testAddConfigurableProductsToQuotes test successfully...]]>
  </system-out>
  <testcase name="testAddProductToCart" time="78.369" classname="tests.shopping.TestProductDetails"/>
  <system-out>
    <![CDATA[STEP - *** Running test method testAddProductToCart...
STEP - Launch Browser Successfully...
STEP - Navigate to Casa39 English Website Home Page.
STEP - Accepting Cookies...
STEP - Search for a Available Product as Lineabeta Basket waste bin 5346.29
STEP - Set - Lineabeta Basket waste
Selecting product from suggested item list...
STEP - Click - Lineabeta Basket waste bin 5346.29
Verified - Lineabeta Basket waste bin 5346.29 as Searched Product is Correctly Displayed
STEP - Select Quantity and add to cart
STEP - Set - 3
STEP - Click - Add to Cart
Verified - Lineabeta Basket waste bin 5346.29
Verified - has been added to your cart
STEP - Click - Continue
STEP - Closing Browser Successfully...
STEP - *** Executed testAddProductToCart test successfully...]]>
  </system-out>
</testsuite> <!-- tests.shopping.TestProductDetails -->
