<?xml version="1.0" encoding="UTF-8"?>
<!-- Generated by org.testng.reporters.JUnitReportReporter -->
<testsuite skipped="0" hostname="DESKTOP-0KBR3DP" name="tests.home.MyTestHomePage" tests="1" failures="0" timestamp="2021-07-28T13:13:04 IST" time="21.181" errors="0">
  <testcase name="testAllSocialMediaPlatformAvailabilityLinks" time="21.181" classname="tests.home.MyTestHomePage"/>
  <system-out>
    <![CDATA[STEP - Launch Browser Successfully...
STEP - Navigate to Casa39 English Website Home Page.
STEP - Accepting Cookies...
STEP - List all social media platforms associated with it's navigation link
Verified - facebook - https://www.facebook.com/casa39shop/
Verified - pinterest - https://www.pinterest.com/casa39_com/
Verified - twitter - https://twitter.com/bathroom39
Verified - instagram - https://www.instagram.com/casa39.it
Verified - youtube - https://www.youtube.com/user/casaebagno
STEP - Closing Browser Successfully...]]>
  </system-out>
</testsuite> <!-- tests.home.MyTestHomePage -->
