<?xml version="1.0" encoding="UTF-8"?>
<!-- Generated by org.testng.reporters.JUnitReportReporter -->
<testsuite skipped="0" hostname="DESKTOP-0KBR3DP" name="tests.home.TestHomePage" tests="7" failures="0" timestamp="2021-07-22T14:16:27 IST" time="524.763" errors="0">
  <testcase name="testSignInAuthenticatedUser" time="45.285" classname="tests.home.TestHomePage"/>
  <system-out>
    <![CDATA[STEP - Launch Browser Successfully...
STEP - Navigate to Casa39 English Website Home Page.
STEP - Accepting Cookies...
STEP - Go to Customer Log In Page and Validate Authenicated User Log In.
Click - SIGNIN
STEP - Click Sign In without setting username and Password
Click - Login
Verified - Email is required
Verified - Password is required
Click - 
STEP - Log In with Invalid username and Password
Click - SIGNIN
Click - Login
Verified - Please enter a valid email address (Ex: johndoe@domain.com).
Verified - Please enter 6 or more characters. Leading and trailing spaces will be ignored.
Click - 
STEP - Log In with Valid username and Password
Click - SIGNIN
Click - Login
STEP - Closing Browser Successfully...]]>
  </system-out>
  <testcase name="testSearchProductsFromHomePage" time="34.738" classname="tests.home.TestHomePage"/>
  <system-out>
    <![CDATA[STEP - Launch Browser Successfully...
STEP - Navigate to Casa39 English Website Home Page.
STEP - Accepting Cookies...
STEP - Search for a Not Available Product as ABC
Verified - Your search returned no products.
Verified - Search Results is Displayed
Verified - No Search Results Message is Displayed
NEXT STEP - Returning back to Home Page...
Click - HOME
STEP - Search for a Available Product as Lineabeta Basket waste bin 5346.29
Selecting product from suggested item list...
Click - LineabetaBasketwastebin5346.29
Verified - Searched Product is Correctly Displayed
STEP - Clicking CASA39 Logo to Return On Home Page...
Click - 
STEP - Closing Browser Successfully...]]>
  </system-out>
  <testcase name="testHomePageInformationLinks" time="106.244" classname="tests.home.TestHomePage"/>
  <system-out>
    <![CDATA[STEP - Launch Browser Successfully...
STEP - Navigate to Casa39 English Website Home Page.
STEP - Accepting Cookies...
STEP - Go to Our story
Click - ourstory
Verified - Our story Page is Displayed.
Verified - Our story Content is Displayed
STEP - Clicking CASA39 Logo to Return On Home Page...
Click - 
STEP - Go to Legal Information
Click - legalinformation
Verified - LEGAL INFORMATION Page is Displayed.
Verified - LEGAL INFORMATION Content is Displayed
STEP - Clicking CASA39 Logo to Return On Home Page...
Click - 
STEP - Go to Promotions
Click - promotions
Verified - Sale Page is Displayed.
STEP - Clicking CASA39 Logo to Return On Home Page...
Click - 
STEP - Go to Terms and Conditions
Click - termsandconditions
Verified - TERMS AND CONDITIONS Page is Displayed.
Verified - TERMS AND CONDITIONS Content is Displayed
STEP - Clicking CASA39 Logo to Return On Home Page...
Click - 
STEP - Go to Brands
Click - brands
Verified - OUR BRANDS Page is Displayed.
STEP - Clicking CASA39 Logo to Return On Home Page...
Click - 
STEP - Go to SHIPPING
Click - shipping
Verified - SHIPPING Page is Displayed.
STEP - Clicking CASA39 Logo to Return On Home Page...
Click - 
STEP - Go to BUYER PROTECTION
Click - buyerprotection
Verified - BUYER PROTECTION Page is Displayed.
STEP - Clicking CASA39 Logo to Return On Home Page...
Click - 
STEP - Go to 3D projects
Click - 3Dprojects
Verified - FREE 3D PROJECTS Page is Displayed.
STEP - Clicking CASA39 Logo to Return On Home Page...
Click - 
STEP - Go to Quotes
Click - quotes
Verified - QUOTES Page is Displayed.
STEP - Clicking CASA39 Logo to Return On Home Page...
Click - 
STEP - Go to VISIT US
Click - allourservices
Verified - ALL OUR SERVICES Page is Displayed.
STEP - Clicking CASA39 Logo to Return On Home Page...
Click - 
STEP - Closing Browser Successfully...]]>
  </system-out>
  <testcase name="testSelectProductCategory" time="120.991" classname="tests.home.TestHomePage"/>
  <system-out>
    <![CDATA[STEP - Launch Browser Successfully...
STEP - Navigate to Casa39 English Website Home Page.
STEP - Accepting Cookies...
STEP - Choose and Select Category As FLOOR TILES From Product Categories
Selecting FLOOR TILES from list...
Click - FLOORTILES
Verified - FLOOR TILES - Category Opened Successfully...
STEP - Clicking CASA39 Logo to Return On Home Page...
Click - 
STEP - Choose and Select Category As WALL TILES From Product Categories
Selecting WALL TILES from list...
Click - WALLTILES
Verified - WALL TILES - Category Opened Successfully...
STEP - Clicking CASA39 Logo to Return On Home Page...
Click - 
STEP - Choose and Select Category As TAPS From Product Categories
Selecting TAPS from list...
Click - TAPS
Verified - TAPS - Category Opened Successfully...
STEP - Clicking CASA39 Logo to Return On Home Page...
Click - 
STEP - Choose and Select Category As ACCESSORIES From Product Categories
Selecting ACCESSORIES from list...
Click - ACCESSORIES
Verified - ACCESSORIES - Category Opened Successfully...
STEP - Clicking CASA39 Logo to Return On Home Page...
Click - 
STEP - Choose and Select Category As SANITARY WARES From Product Categories
Selecting SANITARY WARES from list...
Click - SANITARYWARES
Verified - SANITARY WARES - Category Opened Successfully...
STEP - Clicking CASA39 Logo to Return On Home Page...
Click - 
STEP - Choose and Select Category As FURNITURE From Product Categories
Selecting FURNITURE from list...
Click - FURNITURE
Verified - FURNITURE - Category Opened Successfully...
STEP - Clicking CASA39 Logo to Return On Home Page...
Click - 
STEP - Choose and Select Category As BATHTUBS From Product Categories
Selecting BATHTUBS from list...
Click - BATHTUBS
Verified - BATHTUBS - Category Opened Successfully...
STEP - Clicking CASA39 Logo to Return On Home Page...
Click - 
STEP - Choose and Select Category As SHOWER ENCLOSURES From Product Categories
Selecting SHOWER ENCLOSURES from list...
Click - SHOWERENCLOSURES
Verified - SHOWER ENCLOSURES - Category Opened Successfully...
STEP - Clicking CASA39 Logo to Return On Home Page...
Click - 
STEP - Choose and Select Category As BRANDS From Product Categories
Selecting BRANDS from list...
Click - BRANDS
Verified - BRANDS - Category Opened Successfully...
STEP - Clicking CASA39 Logo to Return On Home Page...
Click - 
STEP - Choose and Select Category As OFFERS From Product Categories
Selecting OFFERS from list...
Click - OFFERS
Verified - OFFERS - Category Opened Successfully...
STEP - Clicking CASA39 Logo to Return On Home Page...
Click - 
STEP - Closing Browser Successfully...]]>
  </system-out>
  <testcase name="testUserSelectLanguageCountryAndCurrency" time="66.119" classname="tests.home.TestHomePage"/>
  <system-out>
    <![CDATA[STEP - Launch Browser Successfully...
STEP - Navigate to Casa39 English Website Home Page.
STEP - Accepting Cookies...
STEP - Choose other language
Click - English
Selecting Italiano from list...
Click - Italiano
Verified - Italiano Language Selected Successfully
Click - Accetto!
STEP - Reset Language
Click - Italiano
Selecting English from list...
Click - English
Verified - English Language Selected Successfully
STEP - Choose other Country
Click - India
Selecting Algeria from list...
Click - Algeria
Verified - Algeria Country Selected Successfully
STEP - Choose other Currency
Click - Euro
Selecting Us Dollar from list...
Click - UsDollar
Verified - Us Dollar Currency Selected Successfully
STEP - Reset Currency
Click - UsDollar
Selecting Euro from list...
Click - Euro
Verified - Euro Currency Selected Successfully
STEP - Closing Browser Successfully...]]>
  </system-out>
  <testcase name="testSelectProductSubCategory" time="104.280" classname="tests.home.TestHomePage"/>
  <system-out>
    <![CDATA[STEP - Launch Browser Successfully...
STEP - Navigate to Casa39 English Website Home Page.
STEP - Accepting Cookies...
STEP - Choose and Select Category As FLOOR TILES From Product Categories
Selecting FLOOR TILES from list...
Click - Cleansers
Verified - Cleansers - Sub Category Opened Successfully...
STEP - Clicking CASA39 Logo to Return On Home Page...
Click - 
STEP - Choose and Select Category As WALL TILES From Product Categories
Selecting WALL TILES from list...
Click - Marbleeffect
Verified - Bathroom Tiles Marble effect - Sub Category Opened Successfully...
STEP - Clicking CASA39 Logo to Return On Home Page...
Click - 
STEP - Choose and Select Category As TAPS From Product Categories
Selecting TAPS from list...
Click - Waterfalltaps
Verified - Waterfall taps - Sub Category Opened Successfully...
STEP - Clicking CASA39 Logo to Return On Home Page...
Click - 
STEP - Choose and Select Category As ACCESSORIES From Product Categories
Selecting ACCESSORIES from list...
Click - Hooks
Verified - Hooks - Sub Category Opened Successfully...
STEP - Clicking CASA39 Logo to Return On Home Page...
Click - 
STEP - Choose and Select Category As SANITARY WARES From Product Categories
Selecting SANITARY WARES from list...
Click - Ceramic
Verified - Shower Trays Ceramic - Sub Category Opened Successfully...
STEP - Clicking CASA39 Logo to Return On Home Page...
Click - 
STEP - Choose and Select Category As FURNITURE From Product Categories
Selecting FURNITURE from list...
Click - Mirrors
Verified - Mirrors - Sub Category Opened Successfully...
STEP - Clicking CASA39 Logo to Return On Home Page...
Click - 
STEP - Choose and Select Category As BATHTUBS From Product Categories
Selecting BATHTUBS from list...
Click - Recessed
Verified - Bathtubs Recessed - Sub Category Opened Successfully...
STEP - Clicking CASA39 Logo to Return On Home Page...
Click - 
STEP - Choose and Select Category As SHOWER ENCLOSURES From Product Categories
Selecting SHOWER ENCLOSURES from list...
Click - Singledooropening
Verified - Single door opening - Sub Category Opened Successfully...
STEP - Clicking CASA39 Logo to Return On Home Page...
Click - 
STEP - Choose and Select Category As BRANDS From Product Categories
Selecting BRANDS from list...
Click - RELAX
Verified - Relax - Sub Category Opened Successfully...
STEP - Clicking CASA39 Logo to Return On Home Page...
Click - 
STEP - Closing Browser Successfully...]]>
  </system-out>
  <testcase name="testEmailSubscription" time="47.106" classname="tests.home.TestHomePage"/>
  <system-out>
    <![CDATA[STEP - Launch Browser Successfully...
STEP - Navigate to Casa39 English Website Home Page.
STEP - Accepting Cookies...
STEP - Subscrition email without entering email.
Click - SUBSCRIBE
Verified - Email Required error Message is Displayed
STEP - Subscrition email by entering existing email.
Click - SUBSCRIBE
Verified - This email address is already subscribed
STEP - Subscrition email by entering new email.
Click - SUBSCRIBE
Verified - Success Message is Displayed
STEP - Closing Browser Successfully...]]>
  </system-out>
</testsuite> <!-- tests.home.TestHomePage -->
