<?xml version="1.0" encoding="UTF-8"?>
<!-- Generated by org.testng.reporters.JUnitReportReporter -->
<testsuite skipped="0" hostname="DESKTOP-0KBR3DP" name="tests.home.TestHomePage" tests="16" failures="0" timestamp="2021-07-30T10:27:44 IST" time="1277.395" errors="0">
  <testcase name="testAllProductSubCategoryLinks" time="397.838" classname="tests.home.TestHomePage"/>
  <system-out>
    <![CDATA[STEP - *** Running test method testAllProductSubCategoryLinks...
STEP - Launch Browser Successfully...
STEP - Navigate to Casa39 English Website Home Page.
STEP - Accepting Cookies...
STEP - List all subcategories associated with it's navigation link
Verified - wood effect - https://www.casa39.com/tiles/wood-effect
Verified - https://www.casa39.com/tiles/wood-effect - OK
Verified - cement effect - https://www.casa39.com/tiles/concrete-effect
Verified - https://www.casa39.com/tiles/concrete-effect - OK
Verified - resin effect - https://www.casa39.com/tiles/resin-effect
Verified - https://www.casa39.com/tiles/resin-effect - OK
Verified - marble effect - https://www.casa39.com/tiles/marble-effect
Verified - https://www.casa39.com/tiles/marble-effect - OK
Verified - metal effect - https://www.casa39.com/tiles/metal-effect
Verified - https://www.casa39.com/tiles/metal-effect - OK
Verified - cotto effect - https://www.casa39.com/tiles/terracotta-effect
Verified - https://www.casa39.com/tiles/terracotta-effect - OK
Verified - stone effect - https://www.casa39.com/tiles/stone-effect
Verified - https://www.casa39.com/tiles/stone-effect - OK
Verified - stone effect - https://www.casa39.com/outdoor-floor-tiles/stone-effect
Verified - https://www.casa39.com/outdoor-floor-tiles/stone-effect - OK
Verified - cotto effect - https://www.casa39.com/outdoor-floor-tiles/cotto-effect
Verified - https://www.casa39.com/outdoor-floor-tiles/cotto-effect - OK
Verified - marble effect - https://www.casa39.com/outdoor-floor-tiles/marble-effect
Verified - https://www.casa39.com/outdoor-floor-tiles/marble-effect - OK
Verified - wood effect - https://www.casa39.com/outdoor-floor-tiles/wood-effect
Verified - https://www.casa39.com/outdoor-floor-tiles/wood-effect - OK
Verified - cement effect - https://www.casa39.com/outdoor-floor-tiles/concrete-effect
Verified - https://www.casa39.com/outdoor-floor-tiles/concrete-effect - OK
Verified - sand effect - https://www.casa39.com/outdoor-floor-tiles/sand-effect
Verified - https://www.casa39.com/outdoor-floor-tiles/sand-effect - OK
Verified - resin effect - https://www.casa39.com/outdoor-floor-tiles/resin-effect
Verified - https://www.casa39.com/outdoor-floor-tiles/resin-effect - OK
Verified - wood effect - https://www.casa39.com/2-cm-thickness/wood-effect
Verified - https://www.casa39.com/2-cm-thickness/wood-effect - OK
Verified - marble effect - https://www.casa39.com/2-cm-thickness/marble-effect
Verified - https://www.casa39.com/2-cm-thickness/marble-effect - OK
Verified - stone effect - https://www.casa39.com/2-cm-thickness/stone-effect
Verified - https://www.casa39.com/2-cm-thickness/stone-effect - OK
Verified - cement effect - https://www.casa39.com/2-cm-thickness/cement-effect
Verified - https://www.casa39.com/2-cm-thickness/cement-effect - OK
Verified - cotto effect - https://www.casa39.com/2-cm-thickness/cotto-effect
Verified - https://www.casa39.com/2-cm-thickness/cotto-effect - OK
Verified - resin effect - https://www.casa39.com/2-cm-thickness/resin-effect
Verified - https://www.casa39.com/2-cm-thickness/resin-effect - OK
Verified - metal effect - https://www.casa39.com/2-cm-thickness/metal-effect
Verified - https://www.casa39.com/2-cm-thickness/metal-effect - OK
Verified - Preparation and screeds - https://www.casa39.com/tiles-laying-materials/preparation-and-screeds
Verified - https://www.casa39.com/tiles-laying-materials/preparation-and-screeds - OK
Verified - Adhesives - https://www.casa39.com/tiles-laying-materials/adhesives
Verified - https://www.casa39.com/tiles-laying-materials/adhesives - OK
Verified - Sealants - https://www.casa39.com/tiles-laying-materials/sealants
Verified - https://www.casa39.com/tiles-laying-materials/sealants - OK
Verified - Cleansers - https://www.casa39.com/tiles-laying-materials/cleansers
Verified - https://www.casa39.com/tiles-laying-materials/cleansers - OK
Verified - encaustic effect - https://www.casa39.com/wall-tiles/bathroom-tiles/encaustic-effect
Verified - https://www.casa39.com/wall-tiles/bathroom-tiles/encaustic-effect - OK
Verified - wood effect - https://www.casa39.com/wall-tiles/bathroom-tiles/wood-effect
Verified - https://www.casa39.com/wall-tiles/bathroom-tiles/wood-effect - OK
Verified - brick effect - https://www.casa39.com/wall-tiles/bathroom-tiles/brick-effect
Verified - https://www.casa39.com/wall-tiles/bathroom-tiles/brick-effect - OK
Verified - stone effect - https://www.casa39.com/wall-tiles/bathroom-tiles/stone-effect
Verified - https://www.casa39.com/wall-tiles/bathroom-tiles/stone-effect - OK
Verified - marble effect - https://www.casa39.com/wall-tiles/bathroom-tiles/marble-effect
Verified - https://www.casa39.com/wall-tiles/bathroom-tiles/marble-effect - OK
Verified - cement effect - https://www.casa39.com/wall-tiles/bathroom-tiles/concrete-effect
Verified - https://www.casa39.com/wall-tiles/bathroom-tiles/concrete-effect - OK
Verified - wall effect - https://www.casa39.com/wall-tiles/bathroom-tiles/wall-effect
Verified - https://www.casa39.com/wall-tiles/bathroom-tiles/wall-effect - OK
Verified - patchwork effect - https://www.casa39.com/wall-tiles/bathroom-tiles/patchwork-effect
Verified - https://www.casa39.com/wall-tiles/bathroom-tiles/patchwork-effect - OK
Verified - cement effect - https://www.casa39.com/wall-tiles/kitchen-tiles/concrete-effect
Verified - https://www.casa39.com/wall-tiles/kitchen-tiles/concrete-effect - OK
Verified - stone effect - https://www.casa39.com/wall-tiles/kitchen-tiles/stone-effect
Verified - https://www.casa39.com/wall-tiles/kitchen-tiles/stone-effect - OK
Verified - wood effect - https://www.casa39.com/wall-tiles/kitchen-tiles/wood-effect
Verified - https://www.casa39.com/wall-tiles/kitchen-tiles/wood-effect - OK
Verified - marble effect - https://www.casa39.com/wall-tiles/kitchen-tiles/marble-effect
Verified - https://www.casa39.com/wall-tiles/kitchen-tiles/marble-effect - OK
Verified - brick effect - https://www.casa39.com/wall-tiles/kitchen-tiles/brick-effect
Verified - https://www.casa39.com/wall-tiles/kitchen-tiles/brick-effect - OK
Verified - wall effect - https://www.casa39.com/wall-tiles/kitchen-tiles/wall-effect
Verified - https://www.casa39.com/wall-tiles/kitchen-tiles/wall-effect - OK
Verified - encaustic effect - https://www.casa39.com/wall-tiles/kitchen-tiles/encaustic-effect
Verified - https://www.casa39.com/wall-tiles/kitchen-tiles/encaustic-effect - OK
Verified - patchwork effect - https://www.casa39.com/wall-tiles/kitchen-tiles/patchwork-effect
Verified - https://www.casa39.com/wall-tiles/kitchen-tiles/patchwork-effect - OK
Verified - stone effect - https://www.casa39.com/wall-tiles/indoor-covering/stone-effect
Verified - https://www.casa39.com/wall-tiles/indoor-covering/stone-effect - OK
Verified - wood effect - https://www.casa39.com/wall-tiles/indoor-covering/patchwork-effect
Verified - https://www.casa39.com/wall-tiles/indoor-covering/patchwork-effect - OK
Verified - marble effect - https://www.casa39.com/wall-tiles/indoor-covering/marble-effect
Verified - https://www.casa39.com/wall-tiles/indoor-covering/marble-effect - OK
Verified - cement effect - https://www.casa39.com/wall-tiles/indoor-covering/concrete-effect
Verified - https://www.casa39.com/wall-tiles/indoor-covering/concrete-effect - OK
Verified - large wall tiles - https://www.casa39.com/wall-tiles/indoor-covering/large-wall-tiles
Verified - https://www.casa39.com/wall-tiles/indoor-covering/large-wall-tiles - OK
Verified - brick effect - https://www.casa39.com/wall-tiles/indoor-covering/brick-effect
Verified - https://www.casa39.com/wall-tiles/indoor-covering/brick-effect - OK
Verified - encaustic effect - https://www.casa39.com/wall-tiles/indoor-covering/encaustic-effect
Verified - https://www.casa39.com/wall-tiles/indoor-covering/encaustic-effect - OK
Verified - patchwork effect - https://www.casa39.com/wall-tiles/indoor-covering/patchwork-effect
Verified - https://www.casa39.com/wall-tiles/indoor-covering/patchwork-effect - OK
Verified - stone effect - https://www.casa39.com/outdoor-floor-tiles/stone-effect
Verified - https://www.casa39.com/outdoor-floor-tiles/stone-effect - OK
Verified - cotto effect - https://www.casa39.com/outdoor-floor-tiles/terracotta-effect
Verified - https://www.casa39.com/outdoor-floor-tiles/terracotta-effect - OK
Verified - marble effect - https://www.casa39.com/outdoor-floor-tiles/marble-effect
Verified - https://www.casa39.com/outdoor-floor-tiles/marble-effect - OK
Verified - wood effect - https://www.casa39.com/outdoor-floor-tiles/wood-effect
Verified - https://www.casa39.com/outdoor-floor-tiles/wood-effect - OK
Verified - cement effect - https://www.casa39.com/outdoor-floor-tiles/concrete-effect
Verified - https://www.casa39.com/outdoor-floor-tiles/concrete-effect - OK
Verified - pocelain stoneware - https://www.casa39.com/
Verified - https://www.casa39.com/ - OK
Verified - glass 1989 - https://www.casa39.com/glass-1989
Verified - https://www.casa39.com/glass-1989 - OK
Verified - bisazza - https://www.casa39.com/bisazza
Verified - https://www.casa39.com/bisazza - OK
Verified - sicis - https://www.casa39.com/sicis
Verified - https://www.casa39.com/sicis - OK
Verified - Basin mixer taps - https://www.casa39.com/taps/basin-mixer-taps
Verified - https://www.casa39.com/taps/basin-mixer-taps - OK
Verified - 2 handle basin mixer taps - https://www.casa39.com/taps/2-handle-basin-mixer-taps
Verified - https://www.casa39.com/taps/2-handle-basin-mixer-taps - OK
Verified - 3 holes basin taps - https://www.casa39.com/taps/3-holes-basin-taps
Verified - https://www.casa39.com/taps/3-holes-basin-taps - OK
Verified - Wall mounted taps - https://www.casa39.com/taps/wall-mounted-taps
Verified - https://www.casa39.com/taps/wall-mounted-taps - OK
Verified - Waterfall taps - https://www.casa39.com/taps/waterfall-taps
Verified - https://www.casa39.com/taps/waterfall-taps - OK
Verified - Sensor taps - https://www.casa39.com/taps/sensor-taps
Verified - https://www.casa39.com/taps/sensor-taps - OK
Verified - Freestanding mixers - https://www.casa39.com/taps/freestanding-mixers
Verified - https://www.casa39.com/taps/freestanding-mixers - OK
Verified - Showerheads - https://www.casa39.com/taps/shower-heads
Verified - https://www.casa39.com/taps/shower-heads - OK
Verified - Concealed showerheads - https://www.casa39.com/taps/concealed-shower-heads
Verified - https://www.casa39.com/taps/concealed-shower-heads - OK
Verified - Shower column - https://www.casa39.com/taps/shower-column
Verified - https://www.casa39.com/taps/shower-column - OK
Verified - Shower slide bar - https://www.casa39.com/taps/shower-slide-bar
Verified - https://www.casa39.com/taps/shower-slide-bar - OK
Verified - Thermostatic shower - https://www.casa39.com/taps/thermostatic-shower
Verified - https://www.casa39.com/taps/thermostatic-shower - OK
Verified - Concealed shower mixer - https://www.casa39.com/taps/concealed-shower-sets
Verified - https://www.casa39.com/taps/concealed-shower-sets - OK
Verified - Shower mixer taps - https://www.casa39.com/taps/shower-mixer-taps
Verified - https://www.casa39.com/taps/shower-mixer-taps - OK
Verified - Deck mounted taps - https://www.casa39.com/taps/deck-mounted-bath-shower-mixer
Verified - https://www.casa39.com/taps/deck-mounted-bath-shower-mixer - OK
Verified - Floor standing taps - https://www.casa39.com/taps/free-standing-bath-spout-with-mixer
Verified - https://www.casa39.com/taps/free-standing-bath-spout-with-mixer - OK
Verified - Wall mounted taps - https://www.casa39.com/taps/wall-mounted-bath-shower-mixer
Verified - https://www.casa39.com/taps/wall-mounted-bath-shower-mixer - OK
Verified - Thermostatic taps - https://www.casa39.com/taps/thermostatic-bath-shower-mixer
Verified - https://www.casa39.com/taps/thermostatic-bath-shower-mixer - OK
Verified - Bath taps - https://www.casa39.com/taps/bath-taps
Verified - https://www.casa39.com/taps/bath-taps - OK
Verified - Waterfall bath taps - https://www.casa39.com/taps/waterfall-bath-taps
Verified - https://www.casa39.com/taps/waterfall-bath-taps - OK
Verified - Mixers - https://www.casa39.com/kitchen-taps/kitchen-mixer-taps
Verified - https://www.casa39.com/kitchen-taps/kitchen-mixer-taps - OK
Verified - With pullout spray - https://www.casa39.com/kitchen-taps/pull-out-kitchen-taps
Verified - https://www.casa39.com/kitchen-taps/pull-out-kitchen-taps - OK
Verified - Wall mounted taps - https://www.casa39.com/kitchen-taps/wall-mounted-kitchen-taps
Verified - https://www.casa39.com/kitchen-taps/wall-mounted-kitchen-taps - OK
Verified - Under window taps - https://www.casa39.com/kitchen-taps/under-window-kitchen-taps
Verified - https://www.casa39.com/kitchen-taps/under-window-kitchen-taps - OK
Verified - Toothbrush holder - https://www.casa39.com/bathroom-accessories/toothbrush-holder
Verified - https://www.casa39.com/bathroom-accessories/toothbrush-holder - OK
Verified - Soap dispensers - https://www.casa39.com/bathroom-accessories/soap-dispensers
Verified - https://www.casa39.com/bathroom-accessories/soap-dispensers - OK
Verified - Soap holders - https://www.casa39.com/bathroom-accessories/soap-holders
Verified - https://www.casa39.com/bathroom-accessories/soap-holders - OK
Verified - Towel holder - https://www.casa39.com/bathroom-accessories/towel-holders
Verified - https://www.casa39.com/bathroom-accessories/towel-holders - OK
Verified - Organizers - https://www.casa39.com/bathroom-accessories/organizers
Verified - https://www.casa39.com/bathroom-accessories/organizers - OK
Verified - Laundry baskets - https://www.casa39.com/bathroom-accessories/laundry-baskets
Verified - https://www.casa39.com/bathroom-accessories/laundry-baskets - OK
Verified - Shower curtains - https://www.casa39.com/bathroom-accessories/shower-curtains
Verified - https://www.casa39.com/bathroom-accessories/shower-curtains - OK
Verified - Hooks - https://www.casa39.com/bathroom-accessories/hooks
Verified - https://www.casa39.com/bathroom-accessories/hooks - OK
Verified - Shower platforms - https://www.casa39.com/bathroom-accessories/shower-platforms
Verified - https://www.casa39.com/bathroom-accessories/shower-platforms - OK
Verified - Bath accessories - https://www.casa39.com/bathroom-accessories/bath-accessories
Verified - https://www.casa39.com/bathroom-accessories/bath-accessories - OK
Verified - Free standing toilet roll holder - https://www.casa39.com/bathroom-accessories/free-standing-toilet-roll-holder
Verified - https://www.casa39.com/bathroom-accessories/free-standing-toilet-roll-holder - OK
Verified - Toilet brush holders - https://www.casa39.com/bathroom-accessories/toilet-brush-holders
Verified - https://www.casa39.com/bathroom-accessories/toilet-brush-holders - OK
Verified - Waste bins - https://www.casa39.com/bathroom-accessories/waste-bins
Verified - https://www.casa39.com/bathroom-accessories/waste-bins - OK
Verified - Toilet seats - https://www.casa39.com/bathroom-accessories/toilet-seats
Verified - https://www.casa39.com/bathroom-accessories/toilet-seats - OK
Verified - Toilet paper holder - https://www.casa39.com/bathroom-accessories/toilet-paper-holder
Verified - https://www.casa39.com/bathroom-accessories/toilet-paper-holder - OK
Verified - Towel holders for bidet - https://www.casa39.com/bathroom-accessories/towel-holders-for-bidet
Verified - https://www.casa39.com/bathroom-accessories/towel-holders-for-bidet - OK
Verified - Stools - https://www.casa39.com/bathroom-accessories/stools
Verified - https://www.casa39.com/bathroom-accessories/stools - OK
Verified - Hair dryers - https://www.casa39.com/bathroom-accessories/hair-dryers
Verified - https://www.casa39.com/bathroom-accessories/hair-dryers - OK
Verified - Magnifying mirrors - https://www.casa39.com/bathroom-accessories/magnifying-mirrors
Verified - https://www.casa39.com/bathroom-accessories/magnifying-mirrors - OK
Verified - Shelves - https://www.casa39.com/bathroom-accessories/shelves
Verified - https://www.casa39.com/bathroom-accessories/shelves - OK
Verified - Disabled accessories - https://www.casa39.com/bathroom-accessories/disabled-accessories
Verified - https://www.casa39.com/bathroom-accessories/disabled-accessories - OK
Verified - Hotellerie - https://www.casa39.com/bathroom-accessories/hotellerie
Verified - https://www.casa39.com/bathroom-accessories/hotellerie - OK
Verified - Tissue box covers - https://www.casa39.com/bathroom-accessories/tissue-box-covers
Verified - https://www.casa39.com/bathroom-accessories/tissue-box-covers - OK
Verified - Countertop basins - https://www.casa39.com/wash-basins/countertop-basins
Verified - https://www.casa39.com/wash-basins/countertop-basins - OK
Verified - Wallhunging basins - https://www.casa39.com/wash-basins/wall-hung-basin
Verified - https://www.casa39.com/wash-basins/wall-hung-basin - OK
Verified - Washbasins with structure - https://www.casa39.com/wash-basins/washbasins-with-structure
Verified - https://www.casa39.com/wash-basins/washbasins-with-structure - OK
Verified - Freestanding basins - https://www.casa39.com/wash-basins/freestanding-basins
Verified - https://www.casa39.com/wash-basins/freestanding-basins - OK
Verified - Recessed basins - https://www.casa39.com/wash-basins/recessed-basins
Verified - https://www.casa39.com/wash-basins/recessed-basins - OK
Verified - Corner basins - https://www.casa39.com/wash-basins/corner-basins
Verified - https://www.casa39.com/wash-basins/corner-basins - OK
Verified - Wall hung toilets - https://www.casa39.com/toilet/wall-hung-toilet
Verified - https://www.casa39.com/toilet/wall-hung-toilet - OK
Verified - Floor standing back to wall - https://www.casa39.com/toilet/back-to-wall-toilets
Verified - https://www.casa39.com/toilet/back-to-wall-toilets - OK
Verified - Floor standing traditional mounted - https://www.casa39.com/toilet/floor-toilets
Verified - https://www.casa39.com/toilet/floor-toilets - OK
Verified - Rimfree - https://www.casa39.com/toilet/rimless-toilets
Verified - https://www.casa39.com/toilet/rimless-toilets - OK
Verified - Acrylic - https://www.casa39.com/shower-trays?materiale=764
Verified - https://www.casa39.com/shower-trays?materiale=764 - OK
Verified - Ceramic - https://www.casa39.com/shower-trays?materiale=707
Verified - https://www.casa39.com/shower-trays?materiale=707 - OK
Verified - Customizable and cuttable - https://www.casa39.com/shower-trays/customizable-and-cuttable
Verified - https://www.casa39.com/shower-trays/customizable-and-cuttable - OK
Verified - Washbasin accessories - https://www.casa39.com/wash-basins/washbasin-accessories
Verified - https://www.casa39.com/wash-basins/washbasin-accessories - OK
Verified - Cistern - https://www.casa39.com/toilet/accessories/cistern
Verified - https://www.casa39.com/toilet/accessories/cistern - OK
Verified - Brackets - https://www.casa39.com/toilet/accessories/brackets
Verified - https://www.casa39.com/toilet/accessories/brackets - OK
Verified - Suspended - https://www.casa39.com/furnitures/wall-mounted-furnitures
Verified - https://www.casa39.com/furnitures/wall-mounted-furnitures - OK
Verified - Top - https://www.casa39.com/furnitures/tops
Verified - https://www.casa39.com/furnitures/tops - OK
Verified - Floor standing - https://www.casa39.com/furnitures/floor-standing-furnitures
Verified - https://www.casa39.com/furnitures/floor-standing-furnitures - OK
Verified - Modern - https://www.casa39.com/furnitures?stile=1043
Verified - https://www.casa39.com/furnitures?stile=1043 - OK
Verified - Antique - https://www.casa39.com/furnitures?stile=1046
Verified - https://www.casa39.com/furnitures?stile=1046 - OK
Verified - Retrò - https://www.casa39.com/furnitures?stile=3609
Verified - https://www.casa39.com/furnitures?stile=3609 - OK
Verified - Easy - https://www.casa39.com/furnitures?stile=1040
Verified - https://www.casa39.com/furnitures?stile=1040 - OK
Verified - Up to 70 cm - https://www.casa39.com/furnitures/floor-standing-furnitures/from-61-to-70-cm
Verified - https://www.casa39.com/furnitures/floor-standing-furnitures/from-61-to-70-cm - OK
Verified - From 80 to 90 cm - https://www.casa39.com/furnitures/floor-standing-furnitures/from-81-to-90-cm
Verified - https://www.casa39.com/furnitures/floor-standing-furnitures/from-81-to-90-cm - OK
Verified - From 100 to 120 cm - https://www.casa39.com/furnitures/floor-standing-furnitures/from-101-to-120-cm
Verified - https://www.casa39.com/furnitures/floor-standing-furnitures/from-101-to-120-cm - OK
Verified - Over 120 cm - https://www.casa39.com/furnitures/floor-standing-furnitures/from-120-cm-up
Verified - https://www.casa39.com/furnitures/floor-standing-furnitures/from-120-cm-up - OK
Verified - Mirrors - https://www.casa39.com/furnitures/mirrors
Verified - https://www.casa39.com/furnitures/mirrors - OK
Verified - Column cabinets - https://www.casa39.com/furnitures/cabinet
Verified - https://www.casa39.com/furnitures/cabinet - OK
Verified - Panelled bathtubs - https://www.casa39.com/bathtubs/panelled
Verified - https://www.casa39.com/bathtubs/panelled - OK
Verified - Recessed - https://www.casa39.com/bathtubs/recessed
Verified - https://www.casa39.com/bathtubs/recessed - OK
Verified - Freestanding - https://www.casa39.com/bathtubs/freestanding
Verified - https://www.casa39.com/bathtubs/freestanding - OK
Verified - Whirlpool bathtub - https://www.casa39.com/bathtubs/whirlpool
Verified - https://www.casa39.com/bathtubs/whirlpool - OK
Verified - Bathtubs combined with shower - https://www.casa39.com/bathtubs/bathtubs-combined-with-shower
Verified - https://www.casa39.com/bathtubs/bathtubs-combined-with-shower - OK
Verified - Epoque - https://www.casa39.com/bathtubs?stile=1046
Verified - https://www.casa39.com/bathtubs?stile=1046 - OK
Verified - Shower panels - https://www.casa39.com/bathtubs
Verified - https://www.casa39.com/bathtubs - OK
Verified - Slidings bathtub panels - https://www.casa39.com/bathtubs
Verified - https://www.casa39.com/bathtubs - OK
Verified - Fixed bathtub panels - https://www.casa39.com/bathtubs
Verified - https://www.casa39.com/bathtubs - OK
Verified - Folding bathtub panels - https://www.casa39.com/bathtubs
Verified - https://www.casa39.com/bathtubs - OK
Verified - Sliding doors - https://www.casa39.com/shower-enclosures/corner-boxes/sliding-doors
Verified - https://www.casa39.com/shower-enclosures/corner-boxes/sliding-doors - OK
Verified - Sliding door with side panel - https://www.casa39.com/shower-enclosures/corner-boxes/fixed-wing-with-sliding-door
Verified - https://www.casa39.com/shower-enclosures/corner-boxes/fixed-wing-with-sliding-door - OK
Verified - Swinging door with side panel - https://www.casa39.com/shower-enclosures/corner-boxes/fixed-wing-with-overhead-door
Verified - https://www.casa39.com/shower-enclosures/corner-boxes/fixed-wing-with-overhead-door - OK
Verified - Folding door and side panel - https://www.casa39.com/shower-enclosures/corner-boxes/fixed-wing-with-book-opening-door
Verified - https://www.casa39.com/shower-enclosures/corner-boxes/fixed-wing-with-book-opening-door - OK
Verified - Double door opening - https://www.casa39.com/shower-enclosures/semicircular/two-doors-opening
Verified - https://www.casa39.com/shower-enclosures/semicircular/two-doors-opening - OK
Verified - Sliding opening - https://www.casa39.com/shower-enclosures/semicircular/sliding-opening
Verified - https://www.casa39.com/shower-enclosures/semicircular/sliding-opening - OK
Verified - Single door opening - https://www.casa39.com/shower-enclosures/semicircular/single-door-opening
Verified - https://www.casa39.com/shower-enclosures/semicircular/single-door-opening - OK
Verified - Hinged door - https://www.casa39.com/shower-enclosures/niche/book-opening-door
Verified - https://www.casa39.com/shower-enclosures/niche/book-opening-door - OK
Verified - Folding door - https://www.casa39.com/shower-enclosures/niche/shutter-opening-door
Verified - https://www.casa39.com/shower-enclosures/niche/shutter-opening-door - OK
Verified - Sliding door - https://www.casa39.com/shower-enclosures/niche/sliding-door
Verified - https://www.casa39.com/shower-enclosures/niche/sliding-door - OK
Verified - Fixed bathtub panels - https://www.casa39.com/shower-enclosures/bathscreens/fixed-panel
Verified - https://www.casa39.com/shower-enclosures/bathscreens/fixed-panel - OK
Verified - Folding bathtub panels - https://www.casa39.com/shower-enclosures/bathscreens/book-opening-panel
Verified - https://www.casa39.com/shower-enclosures/bathscreens/book-opening-panel - OK
Verified - Sliding bathtub panels - https://www.casa39.com/shower-enclosures/bathscreens/sliding-panel
Verified - https://www.casa39.com/shower-enclosures/bathscreens/sliding-panel - OK
Verified - Shower panels - https://www.casa39.com/shower-enclosures/bathscreens/opening-panel
Verified - https://www.casa39.com/shower-enclosures/bathscreens/opening-panel - OK
Verified - ATLAS CONCORDE - https://www.casa39.com/atlas-concorde
Verified - https://www.casa39.com/atlas-concorde - OK
Verified - BISAZZA - https://www.casa39.com/bisazza
Verified - https://www.casa39.com/bisazza - OK
Verified - CAESAR - https://www.casa39.com/caesar
Verified - https://www.casa39.com/caesar - OK
Verified - CISA CERAMICHE - https://www.casa39.com/cisa
Verified - https://www.casa39.com/cisa - OK
Verified - EMILCERAMICA - https://www.casa39.com/emilceramica
Verified - https://www.casa39.com/emilceramica - OK
Verified - ITALGRANITI - https://www.casa39.com/italgraniti
Verified - https://www.casa39.com/italgraniti - OK
Verified - FLAVIKER - https://www.casa39.com/flaviker
Verified - https://www.casa39.com/flaviker - OK
Verified - MARAZZI - https://www.casa39.com/marazzi
Verified - https://www.casa39.com/marazzi - OK
Verified - RAGNO - https://www.casa39.com/ragno
Verified - https://www.casa39.com/ragno - OK
Verified - SETTECENTO - https://www.casa39.com/settecento
Verified - https://www.casa39.com/settecento - OK
Verified - SICIS - https://www.casa39.com/sicis
Verified - https://www.casa39.com/sicis - OK
Verified - SUPERGRES - https://www.casa39.com/supergres
Verified - https://www.casa39.com/supergres - OK
Verified - ANTONIO LUPI - https://www.casa39.com/antoniolupi
Verified - https://www.casa39.com/antoniolupi - OK
Verified - BOSSINI - https://www.casa39.com/bossini
Verified - https://www.casa39.com/bossini - OK
Verified - FANTINI - https://www.casa39.com/fantini
Verified - https://www.casa39.com/fantini - OK
Verified - GROHE - https://www.casa39.com/grohe
Verified - https://www.casa39.com/grohe - OK
Verified - POZZI GINORI - https://www.casa39.com/pozzi-ginori
Verified - https://www.casa39.com/pozzi-ginori - OK
Verified - SIMAS - https://www.casa39.com/simas
Verified - https://www.casa39.com/simas - OK
Verified - EFFEGIBI - https://www.casa39.com/effegibi
Verified - https://www.casa39.com/effegibi - OK
Verified - GLASS 1989 - https://www.casa39.com/glass-1989
Verified - https://www.casa39.com/glass-1989 - OK
Verified - NOVELLINI - https://www.casa39.com/novellini
Verified - https://www.casa39.com/novellini - OK
Verified - PROVEX - https://www.casa39.com/provex
Verified - https://www.casa39.com/provex - OK
Verified - RELAX - https://www.casa39.com/relax
Verified - https://www.casa39.com/relax - OK
Verified - ARDECO - https://www.casa39.com/ardeco
Verified - https://www.casa39.com/ardeco - OK
Verified - ARTESI - https://www.casa39.com/artesi
Verified - https://www.casa39.com/artesi - OK
Verified - AZZURRA - https://www.casa39.com/azzurra
Verified - https://www.casa39.com/azzurra - OK
Verified - EBAN - https://www.casa39.com/eban
Verified - https://www.casa39.com/eban - OK
Verified - GEBERIT - https://www.casa39.com/geberit
Verified - https://www.casa39.com/geberit - OK
Verified - KIOS - https://www.casa39.com/kios
Verified - https://www.casa39.com/kios - OK
STEP - Closing Browser Successfully...
STEP - *** Executed testAllProductSubCategoryLinks test successfully...]]>
  </system-out>
  <testcase name="testSignInAuthenticatedUser" time="56.832" classname="tests.home.TestHomePage"/>
  <system-out>
    <![CDATA[STEP - *** Running test method testSignInAuthenticatedUser...
STEP - Launch Browser Successfully...
STEP - Navigate to Casa39 English Website Home Page.
STEP - Accepting Cookies...
STEP - Go to Customer Log In Page and Validate Authenicated User Log In.
Click - SIGN IN
STEP - Click Sign In without setting username and Password
Click - Login
Verified - Email is required
Verified - Password is required
Click - 
STEP - Log In with Invalid username and Password
Click - SIGN IN
Click - Login
Verified - Please enter a valid email address (Ex: johndoe@domain.com).
Verified - Please enter 6 or more characters. Leading and trailing spaces will be ignored.
Click - 
STEP - Log In with Valid username and Password
Click - SIGN IN
Click - Login
STEP - Closing Browser Successfully...
STEP - *** Executed testSignInAuthenticatedUser test successfully...]]>
  </system-out>
  <testcase name="testSelectProductCategory" time="108.194" classname="tests.home.TestHomePage"/>
  <system-out>
    <![CDATA[STEP - *** Running test method testSelectProductCategory...
STEP - Launch Browser Successfully...
STEP - Navigate to Casa39 English Website Home Page.
STEP - Accepting Cookies...
STEP - Choose and Select Category As FLOOR TILES From Product Categories
Selecting FLOOR TILES from list...
Click - FLOOR TILES
Verified - FLOOR TILES - Category Opened Successfully...
STEP - Clicking CASA39 Logo to Return On Home Page...
STEP - Choose and Select Category As WALL TILES From Product Categories
Selecting WALL TILES from list...
Click - WALL TILES
Verified - WALL TILES - Category Opened Successfully...
STEP - Clicking CASA39 Logo to Return On Home Page...
STEP - Choose and Select Category As TAPS From Product Categories
Selecting TAPS from list...
Click - TAPS
Verified - TAPS - Category Opened Successfully...
STEP - Clicking CASA39 Logo to Return On Home Page...
STEP - Choose and Select Category As ACCESSORIES From Product Categories
Selecting ACCESSORIES from list...
Click - ACCESSORIES
Verified - ACCESSORIES - Category Opened Successfully...
STEP - Clicking CASA39 Logo to Return On Home Page...
STEP - Choose and Select Category As SANITARY WARES From Product Categories
Selecting SANITARY WARES from list...
Click - SANITARY WARES
Verified - SANITARY WARES - Category Opened Successfully...
STEP - Clicking CASA39 Logo to Return On Home Page...
STEP - Choose and Select Category As FURNITURE From Product Categories
Selecting FURNITURE from list...
Click - FURNITURE
Verified - FURNITURE - Category Opened Successfully...
STEP - Clicking CASA39 Logo to Return On Home Page...
STEP - Choose and Select Category As BATHTUBS From Product Categories
Selecting BATHTUBS from list...
Click - BATHTUBS
Verified - BATHTUBS - Category Opened Successfully...
STEP - Clicking CASA39 Logo to Return On Home Page...
STEP - Choose and Select Category As SHOWER ENCLOSURES From Product Categories
Selecting SHOWER ENCLOSURES from list...
Click - SHOWER ENCLOSURES
Verified - SHOWER ENCLOSURES - Category Opened Successfully...
STEP - Clicking CASA39 Logo to Return On Home Page...
STEP - Choose and Select Category As BRANDS From Product Categories
Selecting BRANDS from list...
Click - BRANDS
Verified - BRANDS - Category Opened Successfully...
STEP - Clicking CASA39 Logo to Return On Home Page...
STEP - Choose and Select Category As OFFERS From Product Categories
Selecting OFFERS from list...
Click - OFFERS
Verified - OFFERS - Category Opened Successfully...
STEP - Clicking CASA39 Logo to Return On Home Page...
STEP - Closing Browser Successfully...
STEP - *** Executed testSelectProductCategory test successfully...]]>
  </system-out>
  <testcase name="testAllPlatformAvailabilityLinks" time="24.673" classname="tests.home.TestHomePage"/>
  <system-out>
    <![CDATA[STEP - *** Running test method testAllPlatformAvailabilityLinks...
STEP - Launch Browser Successfully...
STEP - Navigate to Casa39 English Website Home Page.
STEP - Accepting Cookies...
STEP - List all platforms associated with it's navigation link
Verified - Amazon - https://www.amazon.it/s?me=A1OMJHY09HD69I
Verified - https://www.amazon.it/s?me=A1OMJHY09HD69I - null
Verified - Ebay - https://www.ebay.it/str/casa39
Verified - https://www.ebay.it/str/casa39 - OK
Verified - Houzz - https://www.houzz.it/pro/info3429/casa39
Verified - https://www.houzz.it/pro/info3429/casa39 - OK
STEP - Closing Browser Successfully...
STEP - *** Executed testAllPlatformAvailabilityLinks test successfully...]]>
  </system-out>
  <testcase name="testAllSocialMediaPlatformAvailabilityLinks" time="26.324" classname="tests.home.TestHomePage"/>
  <system-out>
    <![CDATA[STEP - *** Running test method testAllSocialMediaPlatformAvailabilityLinks...
STEP - Launch Browser Successfully...
STEP - Navigate to Casa39 English Website Home Page.
STEP - Accepting Cookies...
STEP - List all social media platforms associated with it's navigation link
Verified - facebook - https://www.facebook.com/casa39shop/
Verified - https://www.facebook.com/casa39shop/ - OK
Verified - pinterest - https://www.pinterest.com/casa39_com/
Verified - https://www.pinterest.com/casa39_com/ - OK
Verified - twitter - https://twitter.com/bathroom39
Verified - https://twitter.com/bathroom39 - OK
Verified - instagram - https://www.instagram.com/casa39.it
https://www.instagram.com/casa39.it - Not Found<font color='red'>IS A BROKEN LINK...</font>
Verified - youtube - https://www.youtube.com/user/casaebagno
Verified - https://www.youtube.com/user/casaebagno - OK
STEP - Closing Browser Successfully...
STEP - *** Executed testAllSocialMediaPlatformAvailabilityLinks test successfully...]]>
  </system-out>
  <testcase name="testAllOurServicesSection" time="94.230" classname="tests.home.TestHomePage"/>
  <system-out>
    <![CDATA[STEP - *** Running test method testAllOurServicesSection...
STEP - Launch Browser Successfully...
STEP - Navigate to Casa39 English Website Home Page.
STEP - Accepting Cookies...
STEP - Validate All Our Services Section
Click - All our service
Verified - All Our Services Page is Displayed
STEP - Validate SAMPLES Section
Click - SAMPLES
Ask for a sample of your selected tiles
to be sure of your choice.
Verified - SAMPLES SERVICE section is Displayed
Verified - SAMPLES SERVICE content is Displayed
STEP - Returning back to Home Page...
STEP - Validate Best Price Guaranteed Section
Click - All our service
Verified - All Our Services Page is Displayed
Click - √ BEST PRICE GUARANTEE √
Verified - BEST PRICE GUARANTEE section is Displayed
Verified - BEST PRICE GUARANTEE content is Displayed
STEP - Returning back to Home Page...
STEP - Validate BUYER PROTECTION Section
Click - All our service
Verified - All Our Services Page is Displayed
Click - BUYER PROTECTION
Buy safely by choosing the protection
which suits your needs best.
Verified - BUYER PROTECTION section is Displayed
Verified - BUYER PROTECTION content is Displayed
STEP - Returning back to Home Page...
STEP - Validate QUOTES Section
Click - All our service
Verified - All Our Services Page is Displayed
Click - QUOTES
Many prices are imposed by the producers.
Ask for a quote and receive special discounts.
Verified - QUOTES section is Displayed
Verified - QUOTES content is Displayed
STEP - Returning back to Home Page...
STEP - Validate VISIT OUR SHOP Section
Click - All our service
Verified - All Our Services Page is Displayed
Click - VISIT OUR SHOP
You are invited to convince yourself of our quality
by visiting our showroom in beautiful South Italy.
Verified - VISIT OUR STORE section is Displayed
Verified - VISIT OUR STORE content is Displayed
STEP - Returning back to Home Page...
STEP - Validate FREE 3D PROJECTS Section
Click - All our service
Verified - All Our Services Page is Displayed
Click - FREE 3D-PROJECTS
With our photorealistic 3D creations we help you to visualize your final projects.
Verified - FREE 3D PROJECTS section is Displayed
Verified - FREE 3D PROJECTS content is Displayed
STEP - Returning back to Home Page...
STEP - Validate SHIPPING Section
Click - All our service
Verified - All Our Services Page is Displayed
Click - SHIPPING
Our deliveries are insured
and get sent by express service.
Verified - SHIPPING section is Displayed
STEP - Products purchased on CASA39 can be delivered to the following countries:
Verified - Austria
Verified - Australia
Verified - New Zealand
Verified - Belgium
Verified - Bulgaria
Verified - Canada
Verified - Switzerland
Verified - Czech Republic
Verified - Germany
Verified - Denmark
Verified - Spain
Verified - Finland
Verified - France
Verified - United Kingdom
Verified - Greece
Verified - Croatia
Verified - Hungary
Verified - Ireland
Verified - Italy
Verified - Luxembourg
Verified - Netherlands
Verified - Norway
Verified - Poland
Verified - Portugal
Verified - Romania
Verified - Slovak Republic
Verified - Slovenia
Verified - U.S.A.
STEP - Returning back to Home Page...
STEP - Validate ORDER CHECK Section
Click - All our service
Verified - All Our Services Page is Displayed
Click - ORDER CHECK
All orders composed of multiple items
get checked to ensure their compatibility.
Verified - ORDER CHECK section is Displayed
Verified - ORDER CHECK content is Displayed
STEP - Returning back to Home Page...
STEP - Closing Browser Successfully...
STEP - *** Executed testAllOurServicesSection test successfully...]]>
  </system-out>
  <testcase name="testUserSelectLanguageCountryAndCurrency" time="63.448" classname="tests.home.TestHomePage"/>
  <system-out>
    <![CDATA[STEP - *** Running test method testUserSelectLanguageCountryAndCurrency...
STEP - Launch Browser Successfully...
STEP - Navigate to Casa39 English Website Home Page.
STEP - Accepting Cookies...
STEP - Choose other language
Click - English
Selecting Italiano from list...
Click - Italiano
Verified - Italiano Language Selected Successfully
Click - Accetto!
STEP - Reset Language
Click - Italiano
Selecting English from list...
Click - English
Verified - English Language Selected Successfully
STEP - Choose other Country
Click - India
Selecting Algeria from list...
Click - Algeria
Verified - Algeria Country Selected Successfully
STEP - Choose other Currency
Click - Euro
Selecting Us Dollar from list...
Click - Us Dollar
Verified - Us Dollar Currency Selected Successfully
STEP - Reset Currency
Click - Us Dollar
Selecting Euro from list...
Click - Euro
Verified - Euro Currency Selected Successfully
STEP - Closing Browser Successfully...
STEP - *** Executed testUserSelectLanguageCountryAndCurrency test successfully...]]>
  </system-out>
  <testcase name="testOffersForYouSectionLinks" time="33.262" classname="tests.home.TestHomePage"/>
  <system-out>
    <![CDATA[STEP - *** Running test method testOffersForYouSectionLinks...
STEP - Launch Browser Successfully...
STEP - Navigate to Casa39 English Website Home Page.
STEP - Accepting Cookies...
STEP - List Offer For You section associated with it's navigation link
Verified - FLOOR TILES - https://www.casa39.com/tiles
Verified - https://www.casa39.com/tiles - OK
Verified - WALL TILES - https://www.casa39.com/wall-tiles
Verified - https://www.casa39.com/wall-tiles - OK
Verified - WELLNESS & SPA - https://www.casa39.com/shower-enclosures
Verified - https://www.casa39.com/shower-enclosures - OK
Verified - FURNITURE - https://www.casa39.com/furniture
Verified - https://www.casa39.com/furniture - OK
Verified - SANITARY WARES - https://www.casa39.com/toilet
Verified - https://www.casa39.com/toilet - OK
Verified - TAPS - https://www.casa39.com/taps
Verified - https://www.casa39.com/taps - OK
Verified - ACCESSORIES - https://www.casa39.com/bathroom-accessories
Verified - https://www.casa39.com/bathroom-accessories - OK
Verified - BRANDS - https://www.casa39.com/brands
Verified - https://www.casa39.com/brands - OK
STEP - Closing Browser Successfully...
STEP - *** Executed testOffersForYouSectionLinks test successfully...]]>
  </system-out>
  <testcase name="testWhyChooseUsSection" time="56.666" classname="tests.home.TestHomePage"/>
  <system-out>
    <![CDATA[STEP - *** Running test method testWhyChooseUsSection...
STEP - Launch Browser Successfully...
STEP - Navigate to Casa39 English Website Home Page.
STEP - Accepting Cookies...
STEP - Validate Samples Section
Click - SAMPLES
Ask for a sample of your selected tiles to be sure of your choice.
Verified - SAMPLES SERVICE section is Displayed
Verified - SAMPLES SERVICE content is Displayed
STEP - Returning back to Home Page...
STEP - Validate Best Price Guaranteed Section
Click - √ BEST PRICE GUARANTEE √
Verified - BEST PRICE GUARANTEE section is Displayed
Verified - BEST PRICE GUARANTEE content is Displayed
STEP - Returning back to Home Page...
STEP - Validate BUYER PROTECTION Section
Click - BUYER PROTECTION
Buy safely by choosing the protection which suites your needs best.
Verified - BUYER PROTECTION section is Displayed
Verified - BUYER PROTECTION content is Displayed
STEP - Returning back to Home Page...
STEP - Validate QUOTES Section
Click - QUOTES
Many prices are imposed by the producers. Ask for a quote and receive special discounts.
Verified - QUOTES section is Displayed
Verified - QUOTES content is Displayed
STEP - Returning back to Home Page...
STEP - Closing Browser Successfully...
STEP - *** Executed testWhyChooseUsSection test successfully...]]>
  </system-out>
  <testcase name="testHomePageInformationLinks" time="99.234" classname="tests.home.TestHomePage"/>
  <system-out>
    <![CDATA[STEP - *** Running test method testHomePageInformationLinks...
STEP - Launch Browser Successfully...
STEP - Navigate to Casa39 English Website Home Page.
STEP - Accepting Cookies...
STEP - Go to Our story
Click - our story
Verified - Our story Page is Displayed.
Verified - Our story Content is Displayed
STEP - Clicking CASA39 Logo to Return On Home Page...
STEP - Go to Legal Information
Click - legal information
Verified - LEGAL INFORMATION Page is Displayed.
Verified - LEGAL INFORMATION Content is Displayed
STEP - Clicking CASA39 Logo to Return On Home Page...
STEP - Go to Promotions
Click - promotions
Verified - Sale Page is Displayed.
STEP - Clicking CASA39 Logo to Return On Home Page...
STEP - Go to Terms and Conditions
Click - terms and conditions
Verified - TERMS AND CONDITIONS Page is Displayed.
Verified - TERMS AND CONDITIONS Content is Displayed
STEP - Clicking CASA39 Logo to Return On Home Page...
STEP - Go to Brands
Click - brands
Verified - OUR BRANDS Page is Displayed.
STEP - Clicking CASA39 Logo to Return On Home Page...
STEP - Go to SHIPPING
Click - shipping
Verified - SHIPPING Page is Displayed.
STEP - Clicking CASA39 Logo to Return On Home Page...
STEP - Go to BUYER PROTECTION
Click - buyer protection
Verified - BUYER PROTECTION Page is Displayed.
STEP - Clicking CASA39 Logo to Return On Home Page...
STEP - Go to 3D projects
Click - 3D projects
Verified - FREE 3D PROJECTS Page is Displayed.
STEP - Clicking CASA39 Logo to Return On Home Page...
STEP - Go to Quotes
Click - quotes
Verified - QUOTES Page is Displayed.
STEP - Clicking CASA39 Logo to Return On Home Page...
STEP - Go to VISIT US
Click - all our services
Verified - ALL OUR SERVICES Page is Displayed.
STEP - Clicking CASA39 Logo to Return On Home Page...
STEP - Closing Browser Successfully...
STEP - *** Executed testHomePageInformationLinks test successfully...]]>
  </system-out>
  <testcase name="testBuyersProtectionInformationBadge" time="17.221" classname="tests.home.TestHomePage"/>
  <system-out>
    <![CDATA[STEP - *** Running test method testBuyersProtectionInformationBadge...
STEP - Launch Browser Successfully...
STEP - Navigate to Casa39 English Website Home Page.
STEP - Accepting Cookies...
STEP - Open Buyer's Protection Information Badge
Click - 
Validating 'Shopping is secure here' from Buyer's Protection Information...
Verified - Shopping is secure here
Validating 'Independent guarantee' from Buyer's Protection Information...
Verified - Independent guarantee
Validating 'Rating score: Excellent' from Buyer's Protection Information...
Verified - Rating score: Excellent
STEP - Close Buyer's Protection Information Badge
Click - 
STEP - Closing Browser Successfully...
STEP - *** Executed testBuyersProtectionInformationBadge test successfully...]]>
  </system-out>
  <testcase name="testEmailSubscription" time="75.405" classname="tests.home.TestHomePage"/>
  <system-out>
    <![CDATA[STEP - *** Running test method testEmailSubscription...
STEP - Launch Browser Successfully...
STEP - Navigate to Casa39 English Website Home Page.
STEP - Accepting Cookies...
STEP - Subscrition email without entering email.
Click - SUBSCRIBE
Verified - Email Required error Message is Displayed
STEP - Subscrition email by entering existing email.
Click - SUBSCRIBE
Verified - This email address is already subscribed
STEP - Subscrition email by entering new email.
Click - SUBSCRIBE
Verified - Success Message is Displayed
STEP - Closing Browser Successfully...
STEP - *** Executed testEmailSubscription test successfully...]]>
  </system-out>
  <testcase name="testSelectProductSubCategory" time="96.986" classname="tests.home.TestHomePage"/>
  <system-out>
    <![CDATA[STEP - *** Running test method testSelectProductSubCategory...
STEP - Launch Browser Successfully...
STEP - Navigate to Casa39 English Website Home Page.
STEP - Accepting Cookies...
STEP - Choose and Select Category As FLOOR TILES From Product Categories
Selecting FLOOR TILES from list...
Click - Cleansers
Verified - Cleansers - Sub Category Opened Successfully...
STEP - Clicking CASA39 Logo to Return On Home Page...
STEP - Choose and Select Category As WALL TILES From Product Categories
Selecting WALL TILES from list...
Click - Marble effect
Verified - Bathroom Tiles Marble effect - Sub Category Opened Successfully...
STEP - Clicking CASA39 Logo to Return On Home Page...
STEP - Choose and Select Category As TAPS From Product Categories
Selecting TAPS from list...
Click - Waterfall taps
Verified - Waterfall taps - Sub Category Opened Successfully...
STEP - Clicking CASA39 Logo to Return On Home Page...
STEP - Choose and Select Category As ACCESSORIES From Product Categories
Selecting ACCESSORIES from list...
Click - Hooks
Verified - Hooks - Sub Category Opened Successfully...
STEP - Clicking CASA39 Logo to Return On Home Page...
STEP - Choose and Select Category As SANITARY WARES From Product Categories
Selecting SANITARY WARES from list...
Click - Ceramic
Verified - Shower Trays Ceramic - Sub Category Opened Successfully...
STEP - Clicking CASA39 Logo to Return On Home Page...
STEP - Choose and Select Category As FURNITURE From Product Categories
Selecting FURNITURE from list...
Click - Mirrors
Verified - Mirrors - Sub Category Opened Successfully...
STEP - Clicking CASA39 Logo to Return On Home Page...
STEP - Choose and Select Category As BATHTUBS From Product Categories
Selecting BATHTUBS from list...
Click - Recessed
Verified - Bathtubs Recessed - Sub Category Opened Successfully...
STEP - Clicking CASA39 Logo to Return On Home Page...
STEP - Choose and Select Category As SHOWER ENCLOSURES From Product Categories
Selecting SHOWER ENCLOSURES from list...
Click - Single door opening
Verified - Single door opening - Sub Category Opened Successfully...
STEP - Clicking CASA39 Logo to Return On Home Page...
STEP - Choose and Select Category As BRANDS From Product Categories
Selecting BRANDS from list...
Click - RELAX
Verified - Relax - Sub Category Opened Successfully...
STEP - Clicking CASA39 Logo to Return On Home Page...
STEP - Closing Browser Successfully...
STEP - *** Executed testSelectProductSubCategory test successfully...]]>
  </system-out>
  <testcase name="testAllFooterInformationLinks" time="39.471" classname="tests.home.TestHomePage"/>
  <system-out>
    <![CDATA[STEP - *** Running test method testAllFooterInformationLinks...
STEP - Launch Browser Successfully...
STEP - Navigate to Casa39 English Website Home Page.
STEP - Accepting Cookies...
STEP - List all footer information section associated with it's navigation link
Verified - our story - https://www.casa39.com/find-us
Verified - https://www.casa39.com/find-us - OK
Verified - legal information - https://www.casa39.com/legal-information
Verified - https://www.casa39.com/legal-information - OK
Verified - promotions - https://www.casa39.com/offers
Verified - https://www.casa39.com/offers - OK
Verified - terms and conditions - https://www.casa39.com/terms-and-conditions
Verified - https://www.casa39.com/terms-and-conditions - OK
Verified - brands - https://www.casa39.com/brands
Verified - https://www.casa39.com/brands - OK
Verified - shipping - https://www.casa39.com/shipping
Verified - https://www.casa39.com/shipping - OK
Verified - buyer protection - https://www.casa39.com/buyer-protection
Verified - https://www.casa39.com/buyer-protection - OK
Verified - 3D projects - https://www.casa39.com/free-3d-projects
Verified - https://www.casa39.com/free-3d-projects - OK
Verified - quotes - https://www.casa39.com/quotes
Verified - https://www.casa39.com/quotes - OK
Verified - visit us - https://www.casa39.com/visit-us
Verified - https://www.casa39.com/visit-us - OK
Verified - all our services - https://www.casa39.com/all-our-services
Verified - https://www.casa39.com/all-our-services - OK
Verified - login - https://www.casa39.com/#
Verified - https://www.casa39.com/# - OK
Verified - privacy - https://www.casa39.com/privacy-policy
Verified - https://www.casa39.com/privacy-policy - OK
Verified - right of withdrawal - https://www.casa39.com/right-of-withdrawal
Verified - https://www.casa39.com/right-of-withdrawal - OK
Verified - help - https://www.casa39.com/help
Verified - https://www.casa39.com/help - OK
Verified - faq - https://www.casa39.com/faq/
Verified - https://www.casa39.com/faq/ - OK
STEP - Closing Browser Successfully...
STEP - *** Executed testAllFooterInformationLinks test successfully...]]>
  </system-out>
  <testcase name="testRegisterNewUserByUniqueEmailId" time="41.820" classname="tests.home.TestHomePage"/>
  <system-out>
    <![CDATA[STEP - *** Running test method testRegisterNewUserByUniqueEmailId...
STEP - Navigate to Magento Website Home Page.
STEP - Launch Browser Successfully...
STEP - Navigate to Casa39 English Website Home Page.
STEP - Accepting Cookies...
STEP - Go to Customer Register Page
Click - SIGN IN
Click - New account
STEP - Set required fields
Set - First
Set - Last
Set - email_0730100428452@test.com
Set - password@123
STEP - Create account
Click - Create an Account
STEP - Log In new username and Password
Click - SIGN IN
Click - Login
STEP - Go to My Account Section
Click - MY ACCOUNT
Verified - My Account Page is Displayed
STEP - Validate Account Information
Verified - User Name as is Correct
Verified - User Email Id as 'email_0730100428452@test.com' is Correct
STEP - Clicking CASA39 Logo to Return On Home Page...
Click - SIGN OUT
STEP - Closing Browser Successfully...
STEP - *** Executed testRegisterNewUserByUniqueEmailId test successfully...]]>
  </system-out>
  <testcase name="testSearchProductsFromHomePage" time="45.791" classname="tests.home.TestHomePage"/>
  <system-out>
    <![CDATA[STEP - *** Running test method testSearchProductsFromHomePage...
STEP - Launch Browser Successfully...
STEP - Navigate to Casa39 English Website Home Page.
STEP - Accepting Cookies...
STEP - Search for a Not Available Product as ABC
Verified - Your search returned no products.
Verified - Search Results is Displayed
Verified - No Search Results Message is Displayed
STEP - Returning back to Home Page...
STEP - Search for a Available Product as Lineabeta Basket waste bin 5346.29
Selecting product from suggested item list...
Click - Lineabeta Basket waste bin 5346.29
Verified - Searched Product is Correctly Displayed
STEP - Clicking CASA39 Logo to Return On Home Page...
STEP - Closing Browser Successfully...
STEP - *** Executed testSearchProductsFromHomePage test successfully...]]>
  </system-out>
</testsuite> <!-- tests.home.TestHomePage -->
