<?xml version="1.0" encoding="UTF-8"?>
<!-- Generated by org.testng.reporters.JUnitReportReporter -->
<testsuite skipped="0" hostname="DESKTOP-0KBR3DP" name="tests.shopping.TestShoppingCart" tests="4" failures="1" timestamp="2021-08-24T16:57:47 IST" time="156.948" errors="0">
  <testcase name="testRemoveProductFromCart" time="47.896" classname="tests.shopping.TestShoppingCart"/>
  <system-out>
    <![CDATA[STEP - *** Running test method testRemoveProductFromCart...
STEP - Launch Browser Successfully...
STEP - Navigate to Casa39 English Website Home Page.
STEP - Accepting Cookies...
STEP - Search for a Available Product as Pozzi Ginori Abele Square shower tray 90x90 cm 60141
STEP - Set - Pozzi Ginori Abele Square
Selecting product from suggested item list...
STEP - Click - Pozzi Ginori Abele Square shower tray 90x90 cm 60141
Verified - Pozzi Ginori Abele Square shower tray 90x90 cm 60141 as Searched Product is Correctly Displayed
STEP - Select Quantity and add to cart
STEP - Set - 3
STEP - Click - Add to Cart
Verified - Pozzi Ginori Abele Square shower tray 90x90 cm 60141
Verified - has been added to your cart
STEP - View Shopping Cart
STEP - Click - View cart
STEP - Validate Group Product Price Details
Validating '€294.12' from Shopping Cart Page...
Verified - Price is Correct
STEP - Validate Group Product Sub Total Details
Validating '€882.36' from Shopping Cart Page...
Verified - Subtotal Price is Correct
STEP - Validate Group Product Quantity Details
Validating '3' from Shopping Cart Page...
Verified - Quantity is Correct
STEP - Remove Item from Cart
STEP - Click - Remove item
Verified - You have no items in your shopping cart.
STEP - STEP - Clicking CASA39 Logo to Return On Home Page...
STEP - Closing Browser Successfully...
STEP - *** Executed testRemoveProductFromCart test successfully...]]>
  </system-out>
  <testcase name="testApplyForDiscountOnShoppingCartPage" time="45.977" classname="tests.shopping.TestShoppingCart"/>
  <system-out>
    <![CDATA[STEP - *** Running test method testApplyForDiscountOnShoppingCartPage...
STEP - Launch Browser Successfully...
STEP - Navigate to Casa39 English Website Home Page.
STEP - Accepting Cookies...
STEP - Search for a Available Product as Zucchetti Closer Wall Mounted Showerhead Z94250
STEP - Set - Zucchetti Closer Wall Mounted Showerhead Z94250
Selecting product from suggested item list...
STEP - Click - Zucchetti Closer Wall Mounted Showerhead Z94250
Verified - Zucchetti Closer Wall Mounted Showerhead Z94250 as Searched Product is Correctly Displayed
STEP - Select Quantity and add to cart
STEP - Click - Add to Cart
Verified - Zucchetti Closer Wall Mounted Showerhead Z94250
Verified - has been added to your cart
STEP - Navigate to Shopping Cart Page
STEP - Click - View cart
Verified - Page Title is Displayed
STEP - Set - DISCOUNT
STEP - Click - APPLY DISCOUNT
Verified - The coupon code "DISCOUNT" is not valid.
STEP - Clear Shopping Cart
STEP - Click - Clear Shopping Cart
Verified - You have no items in your shopping cart.
STEP - STEP - Clicking CASA39 Logo to Return On Home Page...
STEP - Closing Browser Successfully...
STEP - *** Executed testApplyForDiscountOnShoppingCartPage test successfully...]]>
  </system-out>
  <testcase name="testMinicartQuotesModalFromHomePage" time="23.254" classname="tests.shopping.TestShoppingCart">
    <failure type="java.lang.AssertionError" message="expected [true] but found [false]">
      <![CDATA[java.lang.AssertionError: expected [true] but found [false]
at org.testng.Assert.fail(Assert.java:99)
at org.testng.Assert.failNotEquals(Assert.java:1037)
at org.testng.Assert.assertTrue(Assert.java:45)
at utils.AssertUtil.assertTrue(AssertUtil.java:10)
at tests.shopping.TestShoppingCart.testMinicartQuotesModalFromHomePage(TestShoppingCart.java:36)
at sun.reflect.NativeMethodAccessorImpl.invoke0(Native Method)
at sun.reflect.NativeMethodAccessorImpl.invoke(Unknown Source)
at sun.reflect.DelegatingMethodAccessorImpl.invoke(Unknown Source)
at java.lang.reflect.Method.invoke(Unknown Source)
at org.testng.internal.MethodInvocationHelper.invokeMethod(MethodInvocationHelper.java:133)
at org.testng.internal.TestInvoker.invokeMethod(TestInvoker.java:598)
at org.testng.internal.TestInvoker.invokeTestMethod(TestInvoker.java:173)
at org.testng.internal.MethodRunner.runInSequence(MethodRunner.java:46)
at org.testng.internal.TestInvoker$MethodInvocationAgent.invoke(TestInvoker.java:824)
at org.testng.internal.TestInvoker.invokeTestMethods(TestInvoker.java:146)
at org.testng.internal.TestMethodWorker.invokeTestMethods(TestMethodWorker.java:146)
at org.testng.internal.TestMethodWorker.run(TestMethodWorker.java:128)
at java.util.ArrayList.forEach(Unknown Source)
at org.testng.TestRunner.privateRun(TestRunner.java:794)
at org.testng.TestRunner.run(TestRunner.java:596)
at org.testng.SuiteRunner.runTest(SuiteRunner.java:377)
at org.testng.SuiteRunner.runSequentially(SuiteRunner.java:371)
at org.testng.SuiteRunner.privateRun(SuiteRunner.java:332)
at org.testng.SuiteRunner.run(SuiteRunner.java:276)
at org.testng.SuiteRunnerWorker.runSuite(SuiteRunnerWorker.java:53)
at org.testng.SuiteRunnerWorker.run(SuiteRunnerWorker.java:96)
at org.testng.TestNG.runSuitesSequentially(TestNG.java:1212)
at org.testng.TestNG.runSuitesLocally(TestNG.java:1134)
at org.testng.TestNG.runSuites(TestNG.java:1063)
at org.testng.TestNG.run(TestNG.java:1031)
at org.testng.remote.AbstractRemoteTestNG.run(AbstractRemoteTestNG.java:115)
at org.testng.remote.RemoteTestNG.initAndRun(RemoteTestNG.java:251)
at org.testng.remote.RemoteTestNG.main(RemoteTestNG.java:77)
]]>
    </failure>
  </testcase> <!-- testMinicartQuotesModalFromHomePage -->
  <system-out>
    <![CDATA[STEP - *** Running test method testMinicartQuotesModalFromHomePage...
STEP - Launch Browser Successfully...
STEP - Navigate to Casa39 English Website Home Page.
STEP - Accepting Cookies...
STEP - Log In with Valid username and Password
STEP - Click - SIGN IN
STEP - Click - Login
STEP - Validate Minicart Modal
STEP - Click - MY QUOTE
Verified - Total Items are Correct
Verified - Cart subtotal price is Correct
STEP - *** Test execution testMinicartQuotesModalFromHomePage failed...]]>
  </system-out>
  <testcase name="testAddGroupProductsToCart" time="39.821" classname="tests.shopping.TestShoppingCart"/>
  <system-out>
    <![CDATA[STEP - *** Running test method testAddGroupProductsToCart...
STEP - Launch Browser Successfully...
STEP - Navigate to Casa39 English Website Home Page.
STEP - Accepting Cookies...
STEP - Search for a Available Product as Simas Vignoni suspended toilet Rimless, bidet and WC-seat
STEP - Set - Simas Vignoni suspended toilet Rimless
Selecting product from suggested item list...
STEP - Click - Simas Vignoni suspended toilet Rimless, bidet and WC-seat
Verified - Simas Vignoni suspended toilet Rimless, bidet and WC-seat as Searched Product is Correctly Displayed
STEP - Select Quantity for all product groups
STEP - Add to Cart
STEP - Click - Add to Cart
Verified - Simas Vignoni suspended toilet Rimless, bidet and WC-seat
Verified - has been added to your cart
STEP - View Shopping Cart
STEP - Click - View cart
STEP - Validate Group Product Price Details
Validating '€164.71' from Shopping Cart Page...
Verified - Price is Correct
Validating '€68.91' from Shopping Cart Page...
Verified - Price is Correct
Validating '€151.26' from Shopping Cart Page...
Verified - Price is Correct
STEP - Validate Group Product Sub Total Details
Validating '€823.55' from Shopping Cart Page...
Verified - Subtotal Price is Correct
Validating '€344.55' from Shopping Cart Page...
Verified - Subtotal Price is Correct
Validating '€756.30' from Shopping Cart Page...
Verified - Subtotal Price is Correct
STEP - Validate Group Product Quantity Details
Validating '5' from Shopping Cart Page...
Verified - Quantity is Correct
Validating '5' from Shopping Cart Page...
Verified - Quantity is Correct
Validating '5' from Shopping Cart Page...
Verified - Quantity is Correct
STEP - STEP - Clicking CASA39 Logo to Return On Home Page...
STEP - Closing Browser Successfully...
STEP - *** Executed testAddGroupProductsToCart test successfully...]]>
  </system-out>
</testsuite> <!-- tests.shopping.TestShoppingCart -->
