<?xml version="1.0" encoding="UTF-8"?>
<!-- Generated by org.testng.reporters.JUnitReportReporter -->
<testsuite skipped="0" hostname="DESKTOP-0KBR3DP" name="tests.home.MyTestHomePage" tests="1" failures="0" timestamp="2021-07-22T16:51:04 IST" time="26.761" errors="0">
  <testcase name="testApplySortingOptionsFiltersAndPriceRange" time="26.761" classname="tests.home.MyTestHomePage"/>
  <system-out>
    <![CDATA[STEP - Launch Browser Successfully...
STEP - Navigate to Casa39 English Website Home Page.
STEP - Accepting Cookies...
STEP - Choose and Select Category As FLOOR TILES From Product Categories
Selecting FLOOR TILES from list...
Click - Cleansers
Verified - Cleansers - Sub Category Opened Successfully...
STEP - Validate Sorting Options
STEP - Change Products Per Page
Select Products Per Page As - 48
Select Products Per Page As - 72
Select Products Per Page As - 24]]>
  </system-out>
</testsuite> <!-- tests.home.MyTestHomePage -->
