<?xml version="1.0" encoding="UTF-8"?>
<!-- Generated by org.testng.reporters.JUnitReportReporter -->
<testsuite skipped="0" hostname="DESKTOP-0KBR3DP" name="tests.home.MyTestHomePage" tests="1" failures="0" timestamp="2021-07-21T16:22:29 IST" time="89.857" errors="0">
  <testcase name="testSelectProductCategoryOrSubCategory" time="89.857" classname="tests.home.MyTestHomePage"/>
  <system-out>
    <![CDATA[STEP - Launch Browser Successfully...
STEP - Navigate to Casa39 English Website Home Page.
STEP - Accepting Cookies...
STEP - Choose and Select Category As FLOOR TILES From Product Categories
Selecting FLOOR TILES from list...
Click - Cleansers
Verified - Cleansers - Sub Category Opened Successfully...
STEP - Clicking CASA39 Logo to Return On Home Page...
Click - 
STEP - Choose and Select Category As WALL TILES From Product Categories
Selecting WALL TILES from list...
Click - Marbleeffect
Verified - Bathroom Tiles Marble effect - Sub Category Opened Successfully...
STEP - Clicking CASA39 Logo to Return On Home Page...
Click - 
STEP - Choose and Select Category As TAPS From Product Categories
Selecting TAPS from list...
Click - Waterfalltaps
Verified - Waterfall taps - Sub Category Opened Successfully...
STEP - Clicking CASA39 Logo to Return On Home Page...
Click - 
STEP - Choose and Select Category As ACCESSORIES From Product Categories
Selecting ACCESSORIES from list...
Click - Hooks
Verified - Hooks - Sub Category Opened Successfully...
STEP - Clicking CASA39 Logo to Return On Home Page...
Click - 
STEP - Choose and Select Category As SANITARY WARES From Product Categories
Selecting SANITARY WARES from list...
Click - Ceramic
Verified - Shower Trays Ceramic - Sub Category Opened Successfully...
STEP - Clicking CASA39 Logo to Return On Home Page...
Click - 
STEP - Choose and Select Category As FURNITURE From Product Categories
Selecting FURNITURE from list...
Click - Mirrors
Verified - Mirrors - Sub Category Opened Successfully...
STEP - Clicking CASA39 Logo to Return On Home Page...
Click - 
STEP - Choose and Select Category As BATHTUBS From Product Categories
Selecting BATHTUBS from list...
Click - Recessed
Verified - Bathtubs Recessed - Sub Category Opened Successfully...
STEP - Clicking CASA39 Logo to Return On Home Page...
Click - 
STEP - Choose and Select Category As SHOWER ENCLOSURES From Product Categories
Selecting SHOWER ENCLOSURES from list...
Click - Singledooropening
Verified - Single door opening - Sub Category Opened Successfully...
STEP - Clicking CASA39 Logo to Return On Home Page...
Click - 
STEP - Choose and Select Category As BRANDS From Product Categories
Selecting BRANDS from list...
Click - RELAX
Verified - Relax - Sub Category Opened Successfully...
STEP - Clicking CASA39 Logo to Return On Home Page...
Click - ]]>
  </system-out>
</testsuite> <!-- tests.home.MyTestHomePage -->
