<?xml version="1.0" encoding="UTF-8"?>
<!-- Generated by org.testng.reporters.JUnitReportReporter -->
<testsuite skipped="0" hostname="DESKTOP-0KBR3DP" name="tests.shopping.TestShoppingCart" tests="3" failures="0" timestamp="2021-07-27T16:57:32 IST" time="141.480" errors="0">
  <testcase name="testApplyForDiscountOnShoppingCartPage" time="47.993" classname="tests.shopping.TestShoppingCart"/>
  <system-out>
    <![CDATA[STEP - Launch Browser Successfully...
STEP - Navigate to Casa39 English Website Home Page.
STEP - Accepting Cookies...
STEP - Search for a Available Product as Zucchetti Closer Wall Mounted Showerhead Z94250
Selecting product from suggested item list...
Click - Zucchetti Closer Wall Mounted Showerhead Z94250
Verified - Zucchetti Closer Wall Mounted Showerhead Z94250 as Searched Product is Correctly Displayed
STEP - Select Quantity and add to cart
Click - Add to Cart
Verified - Zucchetti Closer Wall Mounted Showerhead Z94250
Verified - has been added to your cart
STEP - Navigate to Shopping Cart Page
Click - View cart
Verified - Page Title is Displayed
Set - DISCOUNT
Click - APPLY DISCOUNT
Verified - The coupon code "DISCOUNT" is not valid.
STEP - Clear Shopping Cart
Click - Clear Shopping Cart
Verified - You have no items in your shopping cart.
STEP - Clicking CASA39 Logo to Return On Home Page...
Click - 
STEP - Closing Browser Successfully...]]>
  </system-out>
  <testcase name="testMinicartQuotesModalFromHomePage" time="37.620" classname="tests.shopping.TestShoppingCart"/>
  <system-out>
    <![CDATA[STEP - Launch Browser Successfully...
STEP - Navigate to Casa39 English Website Home Page.
STEP - Accepting Cookies...
STEP - Log In with Valid username and Password
Click - SIGN IN
Click - Login
STEP - Validate Minicart Modal
Click - MY QUOTE
Verified - Total Items are Correct
Verified - Cart subtotal price is Correct
Click - Ask for a quote
Verified - Cart Quotes Page is Displayed
Validating '€24.59' from Summary...
Verified - Items Price is Correct
Validating '€210.66' from Summary...
Verified - Items Price is Correct
Validating '€103.28' from Summary...
Verified - Items Price is Correct
STEP - Clicking CASA39 Logo to Return On Home Page...
Click - 
Click - SIGN OUT
STEP - Closing Browser Successfully...]]>
  </system-out>
  <testcase name="testSecureCheckOutForProducts" time="55.867" classname="tests.shopping.TestShoppingCart"/>
  <system-out>
    <![CDATA[STEP - Launch Browser Successfully...
STEP - Navigate to Casa39 English Website Home Page.
STEP - Accepting Cookies...
STEP - Search for a Available Product as Marazzi Evolutionmarble Calacatta 60x60 cm MHV2
Selecting product from suggested item list...
Click - Marazzi Evolutionmarble Calacatta 60x60 cm MHV2
Verified - Marazzi Evolutionmarble Calacatta 60x60 cm MHV2 as Searched Product is Correctly Displayed
STEP - Select Quantity and add to cart
Set - 30
Click - Add to Cart
Verified - Marazzi Evolutionmarble Calacatta 60x60 cm MHV2
Verified - has been added to your cart
Click - Continue
STEP - Validate Non-Empty Cart and Close
Click - My Cart
€687.85
Verified - Item Prices are Correct
Verified - Total Items are Correct
STEP - View Shopping Cart
Click - View and edit cart
Validating '€687.85' from Summary...
Verified - Sub Total is Correct
Verified - Page Title is Displayed
Validating '€50.00' from Summary...
Verified - Shipping Price is Correct
Validating '€160.33' from Summary...
Verified - Tax Amount is Correct
Validating '€889.16' from Summary...
Verified - Order Total is Correct
STEP - Proceed To Checkout
Click - Proceed to Checkout
Verified - Marazzi Evolutionmarble Calacatta 60x60 cm MHV2 is Displayed
STEP - Closing Browser Successfully...]]>
  </system-out>
</testsuite> <!-- tests.shopping.TestShoppingCart -->
